R P
1 1.0008
2 0.52035
3 0.0399
4 0.02215
5 0.0044
6 0.04765
7 0.0909
8 0.17665
9 0.2624
10 0.149
11 0.0356
12 0.18445
13 0.3333
14 0.16705
15 0.0008
16 0.1254
17 0.2500
18 0.2498
19 0.2496
20 0.12805
21 0.0065
22 0.0487
23 0.0909
24 0.15305
25 0.2152
26 0.2326
27 0.2500
28 0.25
29 0.2500
30 0.2917
31 0.3334
32 0.3334
33 0.3334
34 0.27715
35 0.2209
36 0.1521
37 0.0833
38 0.20835
39 0.3334
40 0.23815
41 0.1429
42 0.27915
43 0.4154
44 0.29105
45 0.1667
46 0.1389
47 0.1111
48 0.15555
49 0.2000
50 0.2
51 0.2000
52 0.2
53 0.2000
54 0.233
55 0.2660
56 0.38305
57 0.5001
58 0.50005
59 0.5000
60 0.2512
61 0.0024
62 0.25115
63 0.4999
64 0.25065
65 0.0014
66 0.1007
67 0.2000
68 0.26665
69 0.3333
70 0.4829
71 0.6325
72 0.3174
73 0.0023
74 0.09065
75 0.1790
76 0.25615
77 0.3333
78 0.33325
79 0.3332
80 0.4165
81 0.4998
82 0.41655
83 0.3333
84 0.29165
85 0.2500
86 0.3749
87 0.4998
88 0.4576
89 0.4154
90 0.20825
91 0.0011
92 0.12555
93 0.2500
94 0.20835
95 0.1667
96 0.08385
97 0.0010
98 0.08385
99 0.1667
100 0.1219
101 0.0771
102 0.28855
103 0.5000
104 0.33335
105 0.1667
106 0.1167
107 0.0667
108 0.0611
109 0.0555
110 0.15275
111 0.2500
112 0.225
113 0.2000
114 0.12925
115 0.0585
116 0.0491
117 0.0397
118 0.042
119 0.0443
120 0.2726
121 0.5009
122 0.27985
123 0.0588
124 0.19605
125 0.3333
126 0.19215
127 0.0510
128 0.1255
129 0.2000
130 0.14545
131 0.0909
132 0.54175
133 0.9926
134 0.5214
135 0.0502
136 0.03325
137 0.0163
138 0.50805
139 0.9998
140 0.67295
141 0.3461
142 0.2147
143 0.0833
144 0.54155
145 0.9998
146 0.54035
147 0.0809
148 0.10295
149 0.1250
150 0.06455
151 0.0041
152 0.5032
153 1.0023
154 0.54745
155 0.0926
156 0.12065
157 0.1487
158 0.08155
159 0.0144
160 0.50725
161 1.0001
162 0.62505
163 0.2500
164 0.1964
165 0.1428
166 0.3213
167 0.4998
168 0.44315
169 0.3865
170 0.6935
171 1.0005
172 1.0002
173 0.9999
174 0.99975
175 0.9996
176 0.50015
177 0.0007
178 0.0009
179 0.0011
180 0.5018
181 1.0025
182 1.00135
183 1.0002
184 0.8639
185 0.7276
186 0.86375
187 0.9999
188 0.99995
189 1.0000
190 0.864
191 0.7280
192 0.86405
193 1.0001
194 0.8638
195 0.7275
196 0.72755
197 0.7276
198 0.5406
199 0.3536
200 0.67675
201 0.9999
202 0.50685
203 0.0138
204 0.50685
205 0.9999
206 0.9997
207 0.9995
208 0.5004
209 0.0013
210 0.5007
211 1.0001
212 1.00005
213 1.0000
214 0.8162
215 0.6324
216 0.31815
217 0.0039
218 0.50225
219 1.0006
220 1.00025
221 0.9999
222 0.50025
223 0.0006
224 0.50025
225 0.9999
226 0.50295
227 0.0060
228 0.50295
229 0.9999
230 0.59995
231 0.2000
232 0.60015
233 1.0003
234 0.5038
235 0.0073
236 0.0039
237 0.0005
238 0.5004
239 1.0003
240 1.00025
241 1.0002
242 1.00035
243 1.0005
244 0.86405
245 0.7276
246 0.6138
247 0.5000
248 0.2504
249 0.0008
250 0.50065
251 1.0005
252 0.50105
253 0.0016
254 0.0011
255 0.0006
256 0.2123
257 0.4240
258 0.71195
259 0.9999
260 0.66605
261 0.3322
262 0.22035
263 0.1085
264 0.11675
265 0.1250
266 0.0692
267 0.0134
268 0.04325
269 0.0731
270 0.0667
271 0.0603
272 0.0795
273 0.0987
274 0.066
275 0.0333
276 0.05605
277 0.0788
278 0.04215
279 0.0055
280 0.0393
281 0.0731
282 0.06595
283 0.0588
284 0.05615
285 0.0535
286 0.0476
287 0.0417
288 0.0224
289 0.0031
290 0.0022
291 0.0013
292 0.03395
293 0.0666
294 0.53315
295 0.9997
296 0.50085
297 0.0020
298 0.03105
299 0.0601
300 0.0325
301 0.0049
302 0.0596
303 0.1143
304 0.11655
305 0.1188
306 0.0767
307 0.0346
308 0.51765
309 1.0007
310 0.50075
311 0.0008
312 0.5004
313 1.0000
314 0.5184
315 0.0368
316 0.01915
317 0.0015
318 0.50075
319 1.0000
320 1
321 1.0000
322 0.99995
323 0.9999
324 1.00015
325 1.0004
326 1.0002
327 1.0000
328 1.0001
329 1.0002
330 0.75385
331 0.5075
332 0.75375
333 1.0000
334 0.9999
335 0.9998
336 0.50065
337 0.0015
338 0.10075
339 0.2000
340 0.6
341 1.0000
342 0.99975
343 0.9995
344 0.7498
345 0.5001
346 0.75045
347 1.0008
348 1.00035
349 0.9999
350 0.51405
351 0.0282
352 0.0154
353 0.0026
354 0.00155
355 0.0005
356 0.5
357 0.9995
358 0.50085
359 0.0022
360 0.5011
361 1.0000
362 1
363 1.0000
364 0.7502
365 0.5004
366 0.75
367 0.9996
368 0.5008
369 0.0020
370 0.00175
371 0.0015
372 0.5009
373 1.0003
374 0.50105
375 0.0018
376 0.50075
377 0.9997
378 0.99935
379 0.9990
380 0.5632
381 0.1274
382 0.56375
383 1.0001
384 1.00005
385 1.0000
386 1
387 1.0000
388 0.74995
389 0.4999
390 0.2514
391 0.0029
392 0.00185
393 0.0008
394 0.50015
395 0.9995
396 0.59975
397 0.2000
398 0.60005
399 1.0001
400 1.00005
401 1.0000
402 0.5013
403 0.0026
404 0.36505
405 0.7275
406 0.61375
407 0.5000
408 0.74995
409 0.9999
410 1.00025
411 1.0006
412 1.0003
413 1.0000
414 0.8638
415 0.7276
416 0.86355
417 0.9995
418 0.5004
419 0.0013
420 0.36445
421 0.7276
422 0.86375
423 0.9999
424 0.99995
425 1.0000
426 0.9999
427 0.9998
428 0.9998
429 0.9998
430 0.99745
431 0.9951
432 1.02785
433 1.0606
434 0.5309
435 0.0012
436 0.50045
437 0.9997
438 0.59985
439 0.2000
440 0.6003
441 1.0006
442 1.0023
443 1.0040
444 1.0024
445 1.0008
446 1.00055
447 1.0003
448 0.50075
449 0.0012
450 0.00085
451 0.0005
452 0.5003
453 1.0001
454 0.5007
455 0.0013
456 0.50175
457 1.0022
458 1.00115
459 1.0001
460 1.00005
461 1.0000
462 1
463 1.0000
464 0.9998
465 0.9996
466 0.9998
467 1.0000
468 1.00005
469 1.0001
470 0.9999
471 0.9997
472 0.7499
473 0.5001
474 0.75045
475 1.0008
476 0.50115
477 0.0015
478 0.5004
479 0.9993
480 1.0014
481 1.0035
482 1.0018
483 1.0001
484 0.5006
485 0.0011
486 0.50055
487 1.0000
488 0.99975
489 0.9995
490 0.50035
491 0.0012
492 0.50265
493 1.0041
494 0.50535
495 0.0066
496 0.5033
497 1.0000
498 0.50295
499 0.0059
500 0.53315
501 1.0604
502 0.53065
503 0.0009
504 0.5004
505 0.9999
506 0.86375
507 0.7276
508 0.86375
509 0.9999
510 1.00005
511 1.0002
512 1.0001
513 1.0000
514 0.9997
515 0.9994
516 0.50075
517 0.0021
518 0.50105
519 1.0000
520 1
521 1.0000
522 0.5138
523 0.0276
524 0.51375
525 0.9999
526 1
527 1.0001
528 1.00005
529 1.0000
530 1.0302
531 1.0604
532 0.5308
533 0.0012
534 0.0009
535 0.0006
536 0.5004
537 1.0002
538 1.0004
539 1.0006
540 0.86405
541 0.7275
542 0.86375
543 1.0000
544 0.9998
545 0.9996
546 1
547 1.0004
548 1.0006
549 1.0008
550 0.50105
551 0.0013
552 0.5006
553 0.9999
554 1.00135
555 1.0028
556 1.00135
557 0.9999
558 1.13755
559 1.2752
560 0.63865
561 0.0021
562 0.50105
563 1.0000
564 0.99975
565 0.9995
566 0.99695
567 0.9944
568 0.99715
569 0.9999
570 1.03035
571 1.0608
572 1.03055
573 1.0003
574 1.0002
575 1.0001
576 1.00005
577 1.0000
578 1.00025
579 1.0005
580 0.60025
581 0.2000
582 0.6
583 1.0000
584 0.9963
585 0.9926
586 0.89155
587 0.7905
588 0.8953
589 1.0001
590 0.99645
591 0.9928
592 0.9964
593 1.0000
594 1.03035
595 1.0607
596 0.8077
597 0.5547
598 0.30015
599 0.0456
600 0.5232
601 1.0008
602 0.8167
603 0.6326
604 0.8163
605 1.0000
606 1
607 1.0000
608 1.03035
609 1.0607
610 0.7804
611 0.5001
612 0.75045
613 1.0008
614 0.8166
615 0.6324
616 0.31685
617 0.0013
618 0.25065
619 0.5000
620 0.735
621 0.9700
622 1.01535
623 1.0607
624 0.53125
625 0.0018
626 0.5009
627 1.0000
628 1.0306
629 1.0612
630 0.5343
631 0.0074
632 0.3199
633 0.6324
634 0.31695
635 0.0015
636 0.16745
637 0.3334
638 0.5626
639 0.7918
640 0.9262
641 1.0606
642 0.65155
643 0.2425
644 0.3706
645 0.4987
646 0.59195
647 0.6852
648 0.84305
649 1.0009
650 0.6671
651 0.3333
652 0.37175
653 0.4102
654 0.4551
655 0.5000
656 0.42945
657 0.3589
658 0.42945
659 0.5000
660 0.49975
661 0.4995
662 0.7801
663 1.0607
664 0.5333
665 0.0059
666 0.04445
667 0.0830
668 0.14485
669 0.2067
670 0.1687
671 0.1307
672 0.56535
673 1.0000
674 0.9996
675 0.9992
676 0.8634
677 0.7276
678 0.3643
679 0.0010
680 0.2507
681 0.5004
682 0.75035
683 1.0003
684 0.50055
685 0.0008
686 0.5003
687 0.9998
688 1.0001
689 1.0004
690 1.00045
691 1.0005
692 0.86405
693 0.7276
694 0.46385
695 0.2001
696 0.60015
697 1.0002
698 0.864
699 0.7278
700 0.7277
701 0.7276
702 0.86345
703 0.9993
704 0.8637
705 0.7281
706 0.728
707 0.7279
708 0.86395
709 1.0000
710 0.86395
711 0.7279
712 0.86395
713 1.0000
714 0.6
715 0.2000
716 0.35
717 0.5000
718 0.2522
719 0.0044
720 0.10005
721 0.1957
722 0.59745
723 0.9992
724 0.9996
725 1.0000
726 1.0004
727 1.0008
728 1.0004
729 1.0000
730 0.99995
731 0.9999
732 0.5693
733 0.1387
734 0.4048
735 0.6709
736 0.65165
737 0.6324
738 0.81425
739 0.9961
740 0.49945
741 0.0028
742 0.2514
743 0.5000
744 0.4576
745 0.4152
746 0.7076
747 1.0000
748 0.63865
749 0.2773
750 0.1771
751 0.0769
752 0.28845
753 0.5000
754 0.35
755 0.2000
756 0.46405
757 0.7281
758 0.36485
759 0.0016
760 0.50075
761 0.9999
762 0.99985
763 0.9998
764 0.9982
765 0.9966
766 0.7483
767 0.5000
768 0.25145
769 0.0029
770 0.5014
771 0.9999
772 0.86375
773 0.7276
774 0.8638
775 1.0000
776 0.7076
777 0.4152
778 0.39365
779 0.3721
780 0.68975
781 1.0074
782 1.00375
783 1.0001
784 1
785 0.9999
786 0.86375
787 0.7276
788 0.5714
789 0.4152
790 0.5238
791 0.6324
792 0.5238
793 0.4152
794 0.708
795 1.0008
796 1.0004
797 1.0000
798 1
799 1.0000
800 0.8162
801 0.6324
802 0.483
803 0.3336
804 0.6668
805 1.0000
806 0.86375
807 0.7275
808 0.5498
809 0.3721
810 0.39365
811 0.4152
812 0.5238
813 0.6324
814 0.8162
815 1.0000
816 0.9998
817 0.9996
818 0.9998
819 1.0000
820 0.99795
821 0.9959
822 0.684
823 0.3721
824 0.54985
825 0.7276
826 0.7276
827 0.7276
828 0.36395
829 0.0003
830 0.5001
831 0.9999
832 0.6124
833 0.2249
834 0.1133
835 0.0017
836 0.3172
837 0.6327
838 0.48015
839 0.3276
840 0.6638
841 1.0000
842 0.6
843 0.2000
844 0.3502
845 0.5004
846 0.7502
847 1.0000
848 0.8638
849 0.7276
850 0.5714
851 0.4152
852 0.38065
853 0.3461
854 0.29805
855 0.2500
856 0.31105
857 0.3721
858 0.50225
859 0.6324
860 0.81605
861 0.9997
862 0.86315
863 0.7266
864 0.3637
865 0.0008
866 0.50045
867 1.0001
868 1.00005
869 1.0000
870 0.8638
871 0.7276
872 0.5714
873 0.4152
874 0.4576
875 0.5000
876 0.38305
877 0.2661
878 0.34065
879 0.4152
880 0.35335
881 0.2915
882 0.2582
883 0.2249
884 0.2985
885 0.3721
886 0.39365
887 0.4152
888 0.70755
889 0.9999
890 0.6124
891 0.2249
892 0.32005
893 0.4152
894 0.3463
895 0.2774
896 0.5026
897 0.7278
898 0.86385
899 0.9999
900 0.9996
901 0.9993
902 0.9994
903 0.9995
904 0.50015
905 0.0008
906 0.5006
907 1.0004
908 1.00015
909 0.9999
910 0.81615
911 0.6324
912 0.6325
913 0.6326
914 0.6801
915 0.7276
916 0.36425
917 0.0009
918 0.279
919 0.5571
920 0.4452
921 0.3333
922 0.66645
923 0.9996
924 0.6385
925 0.2774
926 0.32475
927 0.3721
928 0.50225
929 0.6324
930 0.8162
931 1.0000
932 0.7692
933 0.5384
934 0.4768
935 0.4152
936 0.7076
937 1.0000
938 0.66665
939 0.3333
940 0.6666
941 0.9999
942 1
943 1.0001
944 0.70765
945 0.4152
946 0.57135
947 0.7275
948 0.72685
949 0.7262
950 0.5707
951 0.4152
952 0.20845
953 0.0017
954 0.25085
955 0.5000
956 0.75005
957 1.0001
958 0.70765
959 0.4152
960 0.3533
961 0.2914
962 0.50955
963 0.7277
964 0.5305
965 0.3333
966 0.48285
967 0.6324
968 0.7393
969 0.8462
970 0.4646
971 0.0830
972 0.1872
973 0.2914
974 0.3533
975 0.4152
976 0.70715
977 0.9991
978 0.99905
979 0.9990
980 0.5995
981 0.2000
982 0.57705
983 0.9541
984 0.67295
985 0.3918
986 0.4459
987 0.5000
988 0.7501
989 1.0002
990 0.9179
991 0.8356
992 0.58145
993 0.3273
994 0.6637
995 1.0001
996 1.0001
997 1.0001
998 0.8163
999 0.6325
1000 0.7259
1001 0.8193
1002 0.5763
1003 0.3333
1004 0.41665
1005 0.5000
1006 0.7503
1007 1.0006
1008 0.8641
1009 0.7276
1010 0.3653
1011 0.0030
1012 0.50145
1013 0.9999
1014 1.0003
1015 1.0007
1016 0.91
1017 0.8193
1018 0.88095
1019 0.9426
1020 0.7213
1021 0.5000
1022 0.43605
1023 0.3721
1024 0.6863
1025 1.0005
1026 0.75025
1027 0.5000
1028 0.74995
1029 0.9999
1030 0.99995
1031 1.0000
1032 1
1033 1.0000
1034 1
1035 1.0000
1036 1.0003
1037 1.0006
1038 0.7504
1039 0.5002
1040 0.7505
1041 1.0008
1042 0.99955
1043 0.9983
1044 0.9993
1045 1.0003
1046 1.00025
1047 1.0002
1048 0.8163
1049 0.6324
1050 0.81605
1051 0.9997
1052 0.50195
1053 0.0042
1054 0.31835
1055 0.6325
1056 0.8163
1057 1.0001
1058 0.75015
1059 0.5002
1060 0.5001
1061 0.5000
1062 0.5426
1063 0.5852
1064 0.47865
1065 0.3721
1066 0.4363
1067 0.5005
1068 0.44445
1069 0.3884
1070 0.3458
1071 0.3032
1072 0.4479
1073 0.5926
1074 0.79345
1075 0.9943
1076 0.81335
1077 0.6324
1078 0.4164
1079 0.2004
1080 0.58555
1081 0.9707
1082 0.9854
1083 1.0001
1084 1
1085 0.9999
1086 0.9714
1087 0.9429
1088 0.7877
1089 0.6325
1090 0.8165
1091 1.0005
1092 1.0005
1093 1.0005
1094 1.00025
1095 1.0000
1096 0.75
1097 0.5000
1098 0.49995
1099 0.4999
1100 0.74945
1101 0.9990
1102 0.9997
1103 1.0004
1104 1.0002
1105 1.0000
1106 0.8163
1107 0.6326
1108 0.3171
1109 0.0016
1110 0.50075
1111 0.9999
1112 0.7493
1113 0.4987
1114 0.532
1115 0.5653
1116 0.57525
1117 0.5852
1118 0.45935
1119 0.3335
1120 0.34845
1121 0.3634
1122 0.18625
1123 0.0091
1124 0.25465
1125 0.5002
1126 0.74975
1127 0.9993
1128 0.9992
1129 0.9991
1130 0.8159
1131 0.6327
1132 0.81605
1133 0.9994
1134 0.97025
1135 0.9411
1136 0.75335
1137 0.5656
1138 0.6465
1139 0.7274
1140 0.7062
1141 0.6850
1142 0.6587
1143 0.6324
1144 0.8162
1145 1.0000
1146 0.75
1147 0.5000
1148 0.25345
1149 0.0069
1150 0.50325
1151 0.9996
1152 0.6766
1153 0.3536
1154 0.4268
1155 0.5000
1156 0.75005
1157 1.0001
1158 0.55005
1159 0.1000
1160 0.06645
1161 0.0329
1162 0.5163
1163 0.9997
1164 1
1165 1.0003
1166 0.75025
1167 0.5002
1168 0.56415
1169 0.6281
1170 0.41405
1171 0.2000
1172 0.4354
1173 0.6708
1174 0.63555
1175 0.6003
1176 0.6165
1177 0.6327
1178 0.8162
1179 0.9997
1180 0.59985
1181 0.2000
1182 0.1041
1183 0.0082
1184 0.2536
1185 0.4990
1186 0.7495
1187 1.0000
1188 1.00005
1189 1.0001
1190 0.6667
1191 0.3333
1192 0.44405
1193 0.5548
1194 0.7774
1195 1.0000
1196 0.81625
1197 0.6325
1198 0.81625
1199 1.0000
1200 1.0002
1201 1.0004
1202 0.75005
1203 0.4997
1204 0.3192
1205 0.1387
1206 0.22835
1207 0.3180
1208 0.19745
1209 0.0769
1210 0.5384
1211 0.9999
1212 0.63925
1213 0.2786
1214 0.14115
1215 0.0037
1216 0.1112
1217 0.2187
1218 0.4731
1219 0.7275
1220 0.6138
1221 0.5001
1222 0.4756
1223 0.4511
1224 0.7256
1225 1.0001
1226 0.75085
1227 0.5016
1228 0.29785
1229 0.0941
1230 0.1026
1231 0.1111
1232 0.55545
1233 0.9998
1234 0.99965
1235 0.9995
1236 0.86355
1237 0.7276
1238 0.7191
1239 0.7106
1240 0.85535
1241 1.0001
1242 0.60005
1243 0.2000
1244 0.60005
1245 1.0001
1246 0.66675
1247 0.3334
1248 0.5305
1249 0.7276
1250 0.8638
1251 1.0000
1252 0.50055
1253 0.0011
1254 0.2515
1255 0.5019
1256 0.7512
1257 1.0005
1258 0.75035
1259 0.5002
1260 0.6139
1261 0.7276
1262 0.3672
1263 0.0068
1264 0.0043
1265 0.0018
1266 0.1942
1267 0.3866
1268 0.35995
1269 0.3333
1270 0.66665
1271 1.0000
1272 0.7059
1273 0.4118
1274 0.7059
1275 1.0000
1276 1.00005
1277 1.0001
1278 1.0001
1279 1.0001
1280 0.66675
1281 0.3334
1282 0.6667
1283 1.0000
1284 0.6
1285 0.2000
1286 0.26665
1287 0.3333
1288 0.37215
1289 0.4110
1290 0.7052
1291 0.9994
1292 0.5006
1293 0.0018
1294 0.25115
1295 0.5005
1296 0.74935
1297 0.9982
1298 0.49995
1299 0.0017
1300 0.5011
1301 1.0005
1302 1.00045
1303 1.0004
1304 0.7503
1305 0.5002
1306 0.4167
1307 0.3332
1308 0.33325
1309 0.3333
1310 0.3382
1311 0.3431
1312 0.67155
1313 1.0000
1314 0.6
1315 0.2000
1316 0.52945
1317 0.8589
1318 0.5963
1319 0.3337
1320 0.16755
1321 0.0014
1322 0.5006
1323 0.9998
1324 0.99995
1325 1.0001
1326 0.99995
1327 0.9998
1328 0.81605
1329 0.6323
1330 0.56665
1331 0.5010
1332 0.7507
1333 1.0004
1334 0.86385
1335 0.7273
1336 0.86365
1337 1.0000
1338 1
1339 1.0000
1340 0.99995
1341 0.9999
1342 0.55935
1343 0.1188
1344 0.56115
1345 1.0035
1346 0.50245
1347 0.0014
1348 0.167
1349 0.3326
1350 0.4823
1351 0.6320
1352 0.416
1353 0.2000
1354 0.35
1355 0.5000
1356 0.75535
1357 1.0107
1358 1.0053
1359 0.9999
1360 0.75005
1361 0.5002
1362 0.75035
1363 1.0005
1364 1.0002
1365 0.9999
1366 0.5009
1367 0.0019
1368 0.50115
1369 1.0004
1370 0.7502
1371 0.5000
1372 0.6138
1373 0.7276
1374 0.6131
1375 0.4986
1376 0.61305
1377 0.7275
1378 0.86375
1379 1.0000
1380 0.9997
1381 0.9994
1382 0.50085
1383 0.0023
1384 0.501
1385 0.9997
1386 0.9996
1387 0.9995
1388 0.9998
1389 1.0001
1390 0.5012
1391 0.0023
1392 0.50115
1393 1.0000
1394 1
1395 1.0000
1396 0.6
1397 0.2000
1398 0.1009
1399 0.0018
1400 0.5009
1401 1.0000
1402 0.56735
1403 0.1347
1404 0.56735
1405 1.0000
1406 0.8168
1407 0.6336
1408 0.38615
1409 0.1387
1410 0.20805
1411 0.2774
1412 0.27685
1413 0.2763
1414 0.2971
1415 0.3179
1416 0.22975
1417 0.1416
1418 0.2423
1419 0.3430
1420 0.42145
1421 0.4999
1422 0.3007
1423 0.1015
1424 0.30075
1425 0.5000
1426 0.314
1427 0.1280
1428 0.3994
1429 0.6708
1430 0.5766
1431 0.4824
1432 0.28265
1433 0.0829
1434 0.29145
1435 0.5000
1436 0.5
1437 0.5000
1438 0.2915
1439 0.0830
1440 0.04175
1441 0.0005
1442 0.13895
1443 0.2774
1444 0.31865
1445 0.3599
1446 0.1805
1447 0.0011
1448 0.10055
1449 0.2000
1450 0.26665
1451 0.3333
1452 0.25
1453 0.1667
1454 0.1547
1455 0.1427
1456 0.15465
1457 0.1666
1458 0.3333
1459 0.5000
1460 0.33055
1461 0.1611
1462 0.3968
1463 0.6325
1464 0.53645
1465 0.4404
1466 0.2324
1467 0.0244
1468 0.11025
1469 0.1961
1470 0.1713
1471 0.1465
1472 0.32325
1473 0.5000
1474 0.43605
1475 0.3721
1476 0.237
1477 0.1019
1478 0.07095
1479 0.0400
1480 0.09905
1481 0.1581
1482 0.33235
1483 0.5066
1484 0.25695
1485 0.0073
1486 0.03585
1487 0.0644
1488 0.1352
1489 0.2060
1490 0.108
1491 0.0100
1492 0.1031
1493 0.1962
1494 0.1159
1495 0.0356
1496 0.0213
1497 0.0070
1498 0.1998
1499 0.3926
1500 0.2153
1501 0.0380
1502 0.12105
1503 0.2041
1504 0.11495
1505 0.0258
1506 0.03765
1507 0.0495
1508 0.04475
1509 0.0400
1510 0.0812
1511 0.1224
1512 0.31885
1513 0.5153
1514 0.33095
1515 0.1466
1516 0.1055
1517 0.0644
1518 0.0526
1519 0.0408
1520 0.04675
1521 0.0527
1522 0.2956
1523 0.5385
1524 0.28925
1525 0.0400
1526 0.3126
1527 0.5852
1528 0.3341
1529 0.0830
1530 0.1415
1531 0.2000
1532 0.1141
1533 0.0282
1534 0.0726
1535 0.1170
1536 0.05875
1537 0.0005
1538 0.01875
1539 0.0370
1540 0.2685
1541 0.5000
1542 0.50015
1543 0.5003
1544 0.30865
1545 0.1170
1546 0.3939
1547 0.6708
1548 0.5854
1549 0.5000
1550 0.5663
1551 0.6326
1552 0.4753
1553 0.3180
1554 0.4516
1555 0.5852
1556 0.60885
1557 0.6325
1558 0.8163
1559 1.0001
1560 0.5385
1561 0.0769
1562 0.10925
1563 0.1416
1564 0.57075
1565 0.9999
1566 0.5555
1567 0.1111
1568 0.3341
1569 0.5571
1570 0.62525
1571 0.6934
1572 0.5703
1573 0.4472
1574 0.244
1575 0.0408
1576 0.5204
1577 1.0000
1578 0.74995
1579 0.4999
1580 0.60525
1581 0.7106
1582 0.67155
1583 0.6325
1584 0.3748
1585 0.1171
1586 0.4224
1587 0.7277
1588 0.7275
1589 0.7273
1590 0.86345
1591 0.9996
1592 0.50155
1593 0.0035
1594 0.3652
1595 0.7269
1596 0.86295
1597 0.9990
1598 0.81575
1599 0.6325
1600 0.8165
1601 1.0005
1602 1.0002
1603 0.9999
1604 0.9997
1605 0.9995
1606 0.9995
1607 0.9995
1608 0.99995
1609 1.0004
1610 1.0002
1611 1.0000
1612 1.0004
1613 1.0008
1614 1.0009
1615 1.0010
1616 0.7241
1617 0.4472
1618 0.3238
1619 0.2004
1620 0.3502
1621 0.5000
1622 0.74975
1623 0.9995
1624 0.99965
1625 0.9998
1626 0.99955
1627 0.9993
1628 1.02995
1629 1.0606
1630 0.5309
1631 0.0012
1632 0.16725
1633 0.3333
1634 0.26665
1635 0.2000
1636 0.2
1637 0.2000
1638 0.6022
1639 1.0044
1640 1.0021
1641 0.9998
1642 1.0002
1643 1.0006
1644 0.50335
1645 0.0061
1646 0.5057
1647 1.0053
1648 1.00265
1649 1.0000
1650 1
1651 1.0000
1652 0.5005
1653 0.0010
1654 0.00085
1655 0.0007
1656 0.0006
1657 0.0005
1658 0.0793
1659 0.1581
1660 0.32905
1661 0.5000
1662 0.2915
1663 0.0830
1664 0.54155
1665 1.0001
1666 1.00005
1667 1.0000
1668 0.75385
1669 0.5077
1670 0.5027
1671 0.4977
1672 0.2495
1673 0.0013
1674 0.07975
1675 0.1582
1676 0.57915
1677 1.0001
1678 1.0001
1679 1.0001
1680 1.0304
1681 1.0607
1682 0.60935
1683 0.1580
1684 0.3291
1685 0.5002
1686 0.7501
1687 1.0000
1688 0.57905
1689 0.1581
1690 0.1484
1691 0.1387
1692 0.1279
1693 0.1171
1694 0.37495
1695 0.6328
1696 0.56625
1697 0.4997
1698 0.2519
1699 0.0041
1700 0.5025
1701 1.0009
1702 1.00035
1703 0.9998
1704 0.6249
1705 0.2500
1706 0.2248
1707 0.1996
1708 0.6
1709 1.0004
1710 0.5009
1711 0.0014
1712 0.0014
1713 0.0014
1714 0.531
1715 1.0606
1716 0.5718
1717 0.0830
1718 0.2915
1719 0.5000
1720 0.7803
1721 1.0606
1722 1.03035
1723 1.0001
1724 0.548
1725 0.0959
1726 0.54815
1727 1.0004
1728 0.5794
1729 0.1584
1730 0.32925
1731 0.5001
1732 0.25205
1733 0.0040
1734 0.502
1735 1.0000
1736 0.6
1737 0.2000
1738 0.179
1739 0.1580
1740 0.5788
1741 0.9996
1742 0.99965
1743 0.9997
1744 0.81605
1745 0.6324
1746 0.3747
1747 0.1170
1748 0.13205
1749 0.1471
1750 0.17355
1751 0.2000
1752 0.17845
1753 0.1569
1754 0.17845
1755 0.2000
1756 0.6
1757 1.0000
1758 0.50085
1759 0.0017
1760 0.25085
1761 0.5000
1762 0.50005
1763 0.5001
1764 0.7501
1765 1.0001
1766 0.5011
1767 0.0021
1768 0.0475
1769 0.0929
1770 0.18505
1771 0.2772
1772 0.13895
1773 0.0007
1774 0.502
1775 1.0033
1776 1.00195
1777 1.0006
1778 0.75025
1779 0.4999
1780 0.78025
1781 1.0606
1782 0.5718
1783 0.0830
1784 0.10005
1785 0.1171
1786 0.5585
1787 0.9999
1788 0.505
1789 0.0101
1790 0.1717
1791 0.3333
1792 0.26665
1793 0.2000
1794 0.59995
1795 0.9999
1796 0.5006
1797 0.0013
1798 0.00135
1799 0.0014
1800 0.5312
1801 1.0610
1802 0.5625
1803 0.0640
1804 0.3482
1805 0.6324
1806 0.3167
1807 0.0010
1808 0.2505
1809 0.5000
1810 0.7805
1811 1.0610
1812 0.53075
1813 0.0005
1814 0.25025
1815 0.5000
1816 0.61385
1817 0.7277
1818 0.53045
1819 0.3332
1820 0.4167
1821 0.5002
1822 0.2744
1823 0.0486
1824 0.3597
1825 0.6708
1826 0.8354
1827 1.0000
1828 0.50415
1829 0.0083
1830 0.12915
1831 0.2500
1832 0.1521
1833 0.0542
1834 0.2771
1835 0.5000
1836 0.276
1837 0.0520
1838 0.03815
1839 0.0243
1840 0.51225
1841 1.0002
1842 0.5077
1843 0.0152
1844 0.02335
1845 0.0315
1846 0.03045
1847 0.0294
1848 0.51465
1849 0.9999
1850 0.55015
1851 0.1004
1852 0.0721
1853 0.0438
1854 0.1219
1855 0.2000
1856 0.1309
1857 0.0618
1858 0.1391
1859 0.2164
1860 0.60815
1861 0.9999
1862 0.9999
1863 0.9999
1864 0.59995
1865 0.2000
1866 0.60015
1867 1.0003
1868 0.50085
1869 0.0014
1870 0.5007
1871 1.0000
1872 0.50835
1873 0.0167
1874 0.5079
1875 0.9991
1876 0.99955
1877 1.0000
1878 0.625
1879 0.2500
1880 0.16115
1881 0.0723
1882 0.03645
1883 0.0006
1884 0.11075
1885 0.2209
1886 0.1763
1887 0.1317
1888 0.16585
1889 0.2000
1890 0.1822
1891 0.1644
1892 0.5818
1893 0.9992
1894 0.50045
1895 0.0017
1896 0.0014
1897 0.0011
1898 0.50075
1899 1.0004
1900 0.6668
1901 0.3332
1902 0.1696
1903 0.0060
1904 0.503
1905 1.0000
1906 0.5008
1907 0.0016
1908 0.50095
1909 1.0003
1910 0.75015
1911 0.5000
1912 0.3154
1913 0.1308
1914 0.5654
1915 1.0000
1916 0.5151
1917 0.0302
1918 0.14015
1919 0.2501
1920 0.41755
1921 0.5850
1922 0.65905
1923 0.7331
1924 0.3687
1925 0.0043
1926 0.0024
1927 0.0005
1928 0.00035
1929 0.0002
1930 0.0337
1931 0.0672
1932 0.03405
1933 0.0009
1934 0.20635
1935 0.4118
1936 0.5414
1937 0.6710
1938 0.8358
1939 1.0006
1940 0.5668
1941 0.1330
1942 0.32025
1943 0.5075
1944 0.57
1945 0.6325
1946 0.819
1947 1.0055
1948 0.53215
1949 0.0588
1950 0.52935
1951 0.9999
1952 0.70755
1953 0.4152
1954 0.20815
1955 0.0011
1956 0.36405
1957 0.7270
1958 0.36405
1959 0.0011
1960 0.1392
1961 0.2773
1962 0.23865
1963 0.2000
1964 0.1254
1965 0.0508
1966 0.06385
1967 0.0769
1968 0.0399
1969 0.0029
1970 0.50145
1971 1.0000
1972 1.00005
1973 1.0001
1974 0.8162
1975 0.6323
1976 0.41615
1977 0.2000
1978 0.46385
1979 0.7277
1980 0.6801
1981 0.6325
1982 0.56625
1983 0.5000
1984 0.74995
1985 0.9999
1986 0.99995
1987 1.0000
1988 0.7076
1989 0.4152
1990 0.7076
1991 1.0000
1992 0.68605
1993 0.3721
1994 0.2385
1995 0.1049
1996 0.1093
1997 0.1137
1998 0.15685
1999 0.2000
2000 0.46365
2001 0.7273
2002 0.36405
2003 0.0008
2004 0.2504
2005 0.5000
2006 0.75355
2007 1.0071
2008 1.00355
2009 1.0000
2010 0.50105
2011 0.0021
2012 0.50105
2013 1.0000
2014 1
2015 1.0000
2016 0.50105
2017 0.0021
2018 0.012
2019 0.0219
2020 0.3272
2021 0.6325
2022 0.5656
2023 0.4987
2024 0.5656
2025 0.6325
2026 0.8165
2027 1.0005
2028 0.5008
2029 0.0011
2030 0.50035
2031 0.9996
2032 0.70745
2033 0.4153
2034 0.39365
2035 0.3720
2036 0.6856
2037 0.9992
2038 0.63265
2039 0.2661
2040 0.1659
2041 0.0657
2042 0.53225
2043 0.9988
2044 0.5002
2045 0.0016
2046 0.5008
2047 1.0000
2048 0.63865
2049 0.2773
2050 0.16095
2051 0.0446
2052 0.52205
2053 0.9995
2054 0.74975
2055 0.5000
2056 0.7499
2057 0.9998
2058 0.5728
2059 0.1458
2060 0.20595
2061 0.2661
2062 0.6329
2063 0.9997
2064 0.99955
2065 0.9994
2066 0.79235
2067 0.5853
2068 0.79285
2069 1.0004
2070 0.6142
2071 0.2280
2072 0.43025
2073 0.6325
2074 0.42035
2075 0.2082
2076 0.2291
2077 0.2500
2078 0.6255
2079 1.0010
2080 1.00055
2081 1.0001
2082 1.00015
2083 1.0002
2084 0.6126
2085 0.2250
2086 0.29855
2087 0.3721
2088 0.4553
2089 0.5385
2090 0.7691
2091 0.9997
2092 0.50035
2093 0.0010
2094 0.50045
2095 0.9999
2096 0.501
2097 0.0021
2098 0.00235
2099 0.0026
2100 0.0023
2101 0.0020
2102 0.50075
2103 0.9995
2104 0.99975
2105 1.0000
2106 0.6715
2107 0.3430
2108 0.67145
2109 0.9999
2110 1.0002
2111 1.0005
2112 1.00115
2113 1.0018
2114 0.53345
2115 0.0651
2116 0.23715
2117 0.4092
2118 0.7046
2119 1.0000
2120 0.7626
2121 0.5252
2122 0.4702
2123 0.4152
2124 0.3936
2125 0.3720
2126 0.68605
2127 1.0001
2128 1.00005
2129 1.0000
2130 0.5335
2131 0.0670
2132 0.077
2133 0.0870
2134 0.5435
2135 1.0000
2136 0.5729
2137 0.1458
2138 0.57275
2139 0.9997
2140 0.59985
2141 0.2000
2142 0.28605
2143 0.3721
2144 0.50225
2145 0.6324
2146 0.8163
2147 1.0002
2148 0.50335
2149 0.0065
2150 0.1622
2151 0.3179
2152 0.65895
2153 1.0000
2154 0.6053
2155 0.2106
2156 0.421
2157 0.6314
2158 0.5106
2159 0.3898
2160 0.33355
2161 0.2773
2162 0.6386
2163 0.9999
2164 0.79255
2165 0.5852
2166 0.65635
2167 0.7275
2168 0.64235
2169 0.5572
2170 0.77855
2171 0.9999
2172 0.7785
2173 0.5571
2174 0.7787
2175 1.0003
2176 0.75025
2177 0.5002
2178 0.3191
2179 0.1380
2180 0.4327
2181 0.7274
2182 0.86365
2183 0.9999
2184 0.62495
2185 0.2500
2186 0.31105
2187 0.3721
2188 0.2841
2189 0.1961
2190 0.46185
2191 0.7276
2192 0.86385
2193 1.0001
2194 0.50065
2195 0.0012
2196 0.29305
2197 0.5849
2198 0.7922
2199 0.9995
2200 0.6523
2201 0.3051
2202 0.4064
2203 0.5077
2204 0.3253
2205 0.1429
2206 0.3215
2207 0.5001
2208 0.3055
2209 0.1109
2210 0.05585
2211 0.0008
2212 0.20805
2213 0.4153
2214 0.70785
2215 1.0004
2216 0.7501
2217 0.4998
2218 0.3494
2219 0.1990
2220 0.10155
2221 0.0041
2222 0.0653
2223 0.1265
2224 0.4964
2225 0.8663
2226 0.4703
2227 0.0743
2228 0.13715
2229 0.2000
2230 0.1515
2231 0.1030
2232 0.20015
2233 0.2973
2234 0.6488
2235 1.0003
2236 0.5695
2237 0.1387
2238 0.36205
2239 0.5854
2240 0.3789
2241 0.1724
2242 0.08815
2243 0.0039
2244 0.2596
2245 0.5153
2246 0.29665
2247 0.0780
2248 0.07485
2249 0.0717
2250 0.18585
2251 0.3000
2252 0.275
2253 0.2500
2254 0.12555
2255 0.0011
2256 0.5005
2257 0.9999
2258 0.54145
2259 0.0830
2260 0.2911
2261 0.4992
2262 0.49905
2263 0.4989
2264 0.3384
2265 0.1779
2266 0.096
2267 0.0141
2268 0.1213
2269 0.2285
2270 0.28135
2271 0.3342
2272 0.26705
2273 0.1999
2274 0.22495
2275 0.2500
2276 0.425
2277 0.6000
2278 0.55005
2279 0.5001
2280 0.35005
2281 0.2000
2282 0.37875
2283 0.5575
2284 0.4449
2285 0.3323
2286 0.4162
2287 0.5001
2288 0.28635
2289 0.0726
2290 0.50765
2291 0.9427
2292 0.52135
2293 0.1000
2294 0.24435
2295 0.3887
2296 0.61215
2297 0.8356
2298 0.4235
2299 0.0114
2300 0.1055
2301 0.1996
2302 0.16915
2303 0.1387
2304 0.5695
2305 1.0003
2306 0.5454
2307 0.0905
2308 0.17075
2309 0.2510
2310 0.2652
2311 0.2794
2312 0.2652
2313 0.2510
2314 0.1259
2315 0.0008
2316 0.0629
2317 0.1250
2318 0.0671
2319 0.0092
2320 0.09405
2321 0.1789
2322 0.18945
2323 0.2000
2324 0.10045
2325 0.0009
2326 0.1002
2327 0.1995
2328 0.5998
2329 1.0001
2330 0.5012
2331 0.0023
2332 0.0427
2333 0.0831
2334 0.2008
2335 0.3185
2336 0.36685
2337 0.4152
2338 0.70765
2339 1.0001
2340 0.79265
2341 0.5852
2342 0.79245
2343 0.9997
2344 0.5749
2345 0.1501
2346 0.1454
2347 0.1407
2348 0.57145
2349 1.0022
2350 1.0011
2351 1.0000
2352 1.00025
2353 1.0005
2354 1.00025
2355 1.0000
2356 0.7642
2357 0.5284
2358 0.5141
2359 0.4998
2360 0.7499
2361 1.0000
2362 0.8162
2363 0.6324
2364 0.41725
2365 0.2021
2366 0.12335
2367 0.0446
2368 0.05145
2369 0.0583
2370 0.52915
2371 1.0000
2372 0.6411
2373 0.2822
2374 0.22895
2375 0.1757
2376 0.25455
2377 0.3334
2378 0.23605
2379 0.1387
2380 0.31945
2381 0.5002
2382 0.2505
2383 0.0008
2384 0.03755
2385 0.0743
2386 0.5372
2387 1.0001
2388 0.60005
2389 0.2000
2390 0.6
2391 1.0000
2392 0.75
2393 0.5000
2394 0.75005
2395 1.0001
2396 0.81625
2397 0.6324
2398 0.38585
2399 0.1393
2400 0.3643
2401 0.5893
2402 0.2966
2403 0.0039
2404 0.12695
2405 0.2500
2406 0.2647
2407 0.2794
2408 0.63965
2409 0.9999
2410 0.6386
2411 0.2773
2412 0.326
2413 0.3747
2414 0.35445
2415 0.3342
2416 0.6671
2417 1.0000
2418 0.55555
2419 0.1111
2420 0.13475
2421 0.1584
2422 0.09265
2423 0.0269
2424 0.0307
2425 0.0345
2426 0.03185
2427 0.0292
2428 0.09795
2429 0.1667
2430 0.0838
2431 0.0009
2432 0.05045
2433 0.1000
2434 0.0584
2435 0.0168
2436 0.01095
2437 0.0051
2438 0.03975
2439 0.0744
2440 0.04205
2441 0.0097
2442 0.00945
2443 0.0092
2444 0.0162
2445 0.0232
2446 0.02785
2447 0.0325
2448 0.09955
2449 0.1666
2450 0.36085
2451 0.5551
2452 0.2798
2453 0.0045
2454 0.0187
2455 0.0329
2456 0.15515
2457 0.2774
2458 0.25315
2459 0.2289
2460 0.168
2461 0.1071
2462 0.29825
2463 0.4894
2464 0.49465
2465 0.4999
2466 0.4999
2467 0.4999
2468 0.49985
2469 0.4998
2470 0.25045
2471 0.0011
2472 0.36435
2473 0.7276
2474 0.864
2475 1.0004
2476 1.00115
2477 1.0019
2478 1.00145
2479 1.0010
2480 0.85565
2481 0.7103
2482 0.8552
2483 1.0001
2484 0.66675
2485 0.3334
2486 0.16845
2487 0.0035
2488 0.5014
2489 0.9993
2490 0.5997
2491 0.2001
2492 0.6001
2493 1.0001
2494 0.75
2495 0.4999
2496 0.2775
2497 0.0551
2498 0.02805
2499 0.0010
2500 0.25
2501 0.4990
2502 0.4428
2503 0.3866
2504 0.194
2505 0.0014
2506 0.16625
2507 0.3311
2508 0.41565
2509 0.5002
2510 0.29555
2511 0.0909
2512 0.17195
2513 0.2530
2514 0.1528
2515 0.0526
2516 0.09915
2517 0.1457
2518 0.57385
2519 1.0020
2520 1.00075
2521 0.9995
2522 0.54125
2523 0.0830
2524 0.29145
2525 0.4999
2526 0.7494
2527 0.9989
2528 0.58715
2529 0.1754
2530 0.17075
2531 0.1661
2532 0.12455
2533 0.0830
2534 0.4055
2535 0.7280
2536 0.61395
2537 0.4999
2538 0.3501
2539 0.2003
2540 0.15455
2541 0.1088
2542 0.0578
2543 0.0068
2544 0.02265
2545 0.0385
2546 0.0201
2547 0.0017
2548 0.50385
2549 1.0060
2550 0.5203
2551 0.0346
2552 0.0411
2553 0.0476
2554 0.04555
2555 0.0435
2556 0.2296
2557 0.4157
2558 0.45785
2559 0.5000
2560 0.2717
2561 0.0434
2562 0.03535
2563 0.0273
2564 0.26365
2565 0.5000
2566 0.2697
2567 0.0394
2568 0.11965
2569 0.1999
2570 0.1507
2571 0.1015
2572 0.05175
2573 0.0020
2574 0.0371
2575 0.0722
2576 0.04555
2577 0.0189
2578 0.1761
2579 0.3333
2580 0.48285
2581 0.6324
2582 0.34
2583 0.0476
2584 0.1157
2585 0.1838
2586 0.592
2587 1.0002
2588 0.6251
2589 0.2500
2590 0.25
2591 0.2500
2592 0.375
2593 0.5000
2594 0.375
2595 0.2500
2596 0.33105
2597 0.4121
2598 0.30075
2599 0.1894
2600 0.11745
2601 0.0455
2602 0.0317
2603 0.0179
2604 0.1611
2605 0.3043
2606 0.65235
2607 1.0004
2608 0.6358
2609 0.2712
2610 0.13865
2611 0.0061
2612 0.50305
2613 1.0000
2614 1
2615 1.0000
2616 0.5011
2617 0.0022
2618 0.50105
2619 0.9999
2620 0.62485
2621 0.2498
2622 0.62465
2623 0.9995
2624 0.86355
2625 0.7276
2626 0.3647
2627 0.0018
2628 0.31715
2629 0.6325
2630 0.7776
2631 0.9227
2632 0.96135
2633 1.0000
2634 1
2635 1.0000
2636 0.52275
2637 0.0455
2638 0.1932
2639 0.3409
2640 0.67015
2641 0.9994
2642 0.5997
2643 0.2000
2644 0.1263
2645 0.0526
2646 0.05135
2647 0.0501
2648 0.275
2649 0.4999
2650 0.31245
2651 0.1250
2652 0.1596
2653 0.1942
2654 0.3471
2655 0.5000
2656 0.3541
2657 0.2082
2658 0.10505
2659 0.0019
2660 0.29355
2661 0.5852
2662 0.30015
2663 0.0151
2664 0.14625
2665 0.2774
2666 0.22165
2667 0.1659
2668 0.1245
2669 0.0831
2670 0.2916
2671 0.5001
2672 0.7497
2673 0.9993
2674 0.54965
2675 0.1000
2676 0.21665
2677 0.3333
2678 0.16895
2679 0.0046
2680 0.25235
2681 0.5001
2682 0.56625
2683 0.6324
2684 0.5788
2685 0.5252
2686 0.3876
2687 0.2500
2688 0.12595
2689 0.0019
2690 0.0947
2691 0.1875
2692 0.1651
2693 0.1427
2694 0.3214
2695 0.5001
2696 0.50005
2697 0.5000
2698 0.2668
2699 0.0336
2700 0.26685
2701 0.5001
2702 0.37515
2703 0.2502
2704 0.1966
2705 0.1430
2706 0.34075
2707 0.5385
2708 0.5196
2709 0.5007
2710 0.336
2711 0.1713
2712 0.5856
2713 0.9999
2714 0.52775
2715 0.0556
2716 0.0292
2717 0.0028
2718 0.1681
2719 0.3334
2720 0.4364
2721 0.5394
2722 0.30545
2723 0.0715
2724 0.03685
2725 0.0022
2726 0.15935
2727 0.3165
2728 0.16135
2729 0.0062
2730 0.00375
2731 0.0013
2732 0.50065
2733 1.0000
2734 1
2735 1.0000
2736 1.0003
2737 1.0006
2738 0.6003
2739 0.2000
2740 0.225
2741 0.2500
