R P
1 0.0005
3 0.0005
5 0.0005
7 0.1250
9 0.0005
11 0.0005
13 0.0005
15 0.0005
17 0.0005
19 0.0005
21 0.0005
23 0.0005
25 0.0005
27 0.0005
29 0.0005
31 0.0005
33 0.0005
35 0.0005
37 0.0005
39 0.0005
41 0.0005
43 0.0005
45 0.0005
47 0.0005
49 0.0005
51 0.0005
53 0.0005
55 0.0005
57 0.0005
59 0.0005
61 0.0005
63 0.0005
65 0.0005
67 0.0005
69 0.0005
71 0.0005
73 0.0005
75 0.0005
77 0.0005
79 0.0005
81 0.0005
83 0.0005
85 0.0005
87 0.0114
89 0.0111
91 0.0005
93 0.0005
95 0.0005
97 0.0005
99 0.0005
101 0.0005
103 0.0005
105 0.0005
107 0.0005
109 0.0005
111 0.0005
113 0.0005
115 0.0005
117 0.0005
119 0.0005
121 0.0005
123 0.0081
125 0.0079
127 0.0005
129 0.0005
131 0.0005
133 0.0005
135 0.0005
137 0.0005
139 0.0005
141 0.0005
143 0.0005
145 0.0005
147 0.0005
149 0.0005
151 0.0005
153 0.0065
155 0.0064
157 0.0005
159 0.0005
161 0.0005
163 0.0005
165 0.0005
167 0.0005
169 0.0005
171 0.0005
173 0.0005
175 0.0005
177 0.0056
179 0.0056
181 0.0005
183 0.0005
185 0.0005
187 0.0005
189 0.0005
191 0.0005
193 0.0005
195 0.0005
197 0.0051
199 0.0050
201 0.0005
203 0.0005
205 0.0005
207 0.0005
209 0.0005
211 0.0005
213 0.0005
215 0.0005
217 0.0046
219 0.0045
221 0.0005
223 0.0005
225 0.0005
227 0.0005
229 0.0005
231 0.0005
233 0.0043
235 0.0042
237 0.0005
239 0.0005
241 0.0005
243 0.0005
245 0.0005
247 0.0005
249 0.0040
251 0.0005
253 0.0039
255 0.0005
257 0.0005
259 0.0005
261 0.0005
263 0.0005
265 0.0038
267 0.0037
269 0.0005
271 0.0005
273 0.0005
275 0.0005
277 0.0005
279 0.0036
281 0.0035
283 0.0005
285 0.0005
287 0.0005
289 0.0005
291 0.0005
293 0.0034
295 0.0034
297 0.0005
299 0.0005
301 0.0005
303 0.0005
305 0.0033
307 0.0005
309 0.0032
311 0.0005
313 0.0005
315 0.0005
317 0.0005
319 0.0031
321 0.0031
323 0.0005
325 0.0005
327 0.0005
329 0.0005
331 0.0030
333 0.0030
335 0.0005
337 0.0005
339 0.0005
341 0.0029
343 0.0005
345 0.0029
347 0.0005
349 0.0005
351 0.0005
353 0.0005
355 0.0028
357 0.0028
359 0.0005
361 0.0005
363 0.0027
365 0.0005
367 0.0027
369 0.0005
371 0.0005
373 0.0005
375 0.0027
377 0.0026
379 0.0005
381 0.0005
383 0.0005
385 0.0026
387 0.0026
389 0.0005
391 0.0005
393 0.0005
395 0.0025
397 0.0025
399 0.0005
401 0.0005
403 0.0005
405 0.0025
407 0.0025
409 0.0005
411 0.0005
413 0.0005
415 0.0024
417 0.0024
419 0.0005
421 0.0005
423 0.0024
425 0.0005
427 0.0023
429 0.0005
431 0.0005
433 0.0023
435 0.0023
437 0.0005
439 0.0005
441 0.0023
443 0.0023
445 0.0005
447 0.0005
449 0.0005
451 0.0022
453 0.0022
455 0.0005
457 0.0005
459 0.0022
461 0.0022
463 0.0005
465 0.0005
467 0.0021
469 0.0021
471 0.0005
473 0.0005
475 0.0021
477 0.0005
479 0.0021
481 0.0005
483 0.0021
485 0.0021
487 0.0005
489 0.0005
491 0.0020
493 0.0020
495 0.0005
497 0.0005
499 0.0020
501 0.0020
503 0.0005
505 0.0005
507 0.0020
509 0.0020
511 0.0005
513 0.0005
515 0.0019
517 0.0019
519 0.0005
521 0.0019
523 0.0005
525 0.0019
527 0.0005
529 0.0019
531 0.0019
533 0.0005
535 0.0005
537 0.0019
539 0.0019
541 0.0005
543 0.0018
545 0.0005
547 0.0018
549 0.0018
551 0.0005
553 0.0018
555 0.0005
557 0.0018
559 0.0018
561 0.0005
563 0.0005
565 0.0018
567 0.0018
569 0.0005
571 0.0017
573 0.0017
575 0.0005
577 0.0017
579 0.0017
581 0.0005
583 0.0017
585 0.0017
587 0.0005
589 0.0005
591 0.0017
593 0.0017
595 0.0005
597 0.0017
599 0.0017
601 0.0005
603 0.0017
605 0.0017
607 0.0005
609 0.0016
611 0.0005
613 0.0016
615 0.0016
617 0.0005
619 0.0016
621 0.0016
623 0.0005
625 0.0016
627 0.0016
629 0.0005
631 0.0016
633 0.0016
635 0.0005
637 0.0016
639 0.0016
641 0.0005
643 0.0016
645 0.0015
647 0.0005
649 0.0015
651 0.0015
653 0.0015
655 0.0005
657 0.0015
659 0.0015
661 0.0005
663 0.0015
665 0.0015
667 0.0005
669 0.0015
671 0.0015
673 0.0005
675 0.0015
677 0.0015
679 0.0005
681 0.0015
683 0.0015
685 0.0015
687 0.0015
689 0.0005
691 0.0014
693 0.0014
695 0.0014
697 0.0014
699 0.0005
701 0.0014
703 0.0014
705 0.0014
707 0.0005
709 0.0014
711 0.0014
713 0.0005
715 0.0014
717 0.0014
719 0.0014
721 0.0005
723 0.0014
725 0.0014
727 0.0014
729 0.0014
731 0.0005
733 0.0014
735 0.0014
737 0.0014
739 0.0014
741 0.0005
743 0.0013
745 0.0013
747 0.0013
749 0.0013
751 0.0005
753 0.0013
755 0.0013
757 0.0013
759 0.0013
761 0.0005
763 0.0013
765 0.0013
767 0.0013
769 0.0013
771 0.0013
773 0.0013
775 0.0013
777 0.0005
779 0.0013
781 0.0013
783 0.0013
785 0.0013
787 0.0005
789 0.0008
791 0.0005
793 0.0013
795 0.0013
797 0.0013
799 0.0013
801 0.0005
803 0.0008
805 0.0005
807 0.0012
809 0.0012
811 0.0012
813 0.0012
815 0.0012
817 0.0012
819 0.0012
821 0.0012
823 0.0005
825 0.0012
827 0.0012
829 0.0012
831 0.0012
833 0.0012
835 0.0012
837 0.0006
839 0.0008
841 0.0012
843 0.0012
845 0.0006
847 0.0012
849 0.0012
851 0.0012
853 0.0012
855 0.0012
857 0.0012
859 0.0012
861 0.0012
863 0.0012
865 0.0012
867 0.0012
869 0.0011
871 0.0011
873 0.0011
875 0.0011
877 0.0011
879 0.0006
881 0.0008
883 0.0011
885 0.0011
887 0.0011
889 0.0011
891 0.0011
893 0.0011
895 0.0011
897 0.0011
899 0.0011
901 0.0011
903 0.0011
905 0.0011
907 0.0006
909 0.0008
911 0.0011
913 0.0011
915 0.0011
917 0.0011
919 0.0011
921 0.0011
923 0.0011
925 0.0011
927 0.0011
929 0.0011
931 0.0011
933 0.0011
935 0.0008
937 0.0006
939 0.0008
941 0.0006
943 0.0008
945 0.0006
947 0.0008
949 0.0011
951 0.0011
953 0.0010
955 0.0010
957 0.0010
959 0.0010
961 0.0008
963 0.0006
965 0.0008
967 0.0006
969 0.0008
971 0.0010
973 0.0010
975 0.0010
977 0.0010
979 0.0009
981 0.0006
983 0.0009
985 0.0010
987 0.0010
989 0.0010
991 0.0010
993 0.0010
995 0.0010
997 0.0009
999 0.0010
1001 0.0010
1003 0.0009
1005 0.0006
1007 0.0009
1009 0.0010
1011 0.0010
1013 0.0010
1015 0.0010
1017 0.0010
1019 0.0010
1021 0.0009
1023 0.0010
1025 0.0010
1027 0.0009
1029 0.0006
1031 0.0009
1033 0.0010
1035 0.0010
1037 0.0009
1039 0.0010
1041 0.0010
1043 0.0009
1045 0.0006
1047 0.0009
1049 0.0010
1051 0.0010
1053 0.0009
1055 0.0009
1057 0.0009
1059 0.0006
1061 0.0009
1063 0.0009
1065 0.0009
1067 0.0009
1069 0.0009
1071 0.0009
1073 0.0009
1075 0.0009
1077 0.0006
1079 0.0009
1081 0.0009
1083 0.0009
1085 0.0009
1087 0.0009
1089 0.0009
1091 0.0009
1093 0.0006
1095 0.0009
1097 0.0009
1099 0.0006
1101 0.0009
1103 0.0009
1105 0.0009
1107 0.0009
1109 0.0009
1111 0.0009
1113 0.0009
1115 0.0009
1117 0.0006
1119 0.0009
1121 0.0009
1123 0.0006
1125 0.0009
1127 0.0009
1129 0.0009
1131 0.0009
1133 0.0009
1135 0.0009
1137 0.0009
1139 0.0009
1141 0.0009
1143 0.0006
1145 0.0009
1147 0.0009
1149 0.0006
1151 0.0009
1153 0.0009
1155 0.0009
1157 0.0009
1159 0.0009
1161 0.0009
1163 0.0009
1165 0.0009
1167 0.0009
1169 0.0009
1171 0.0009
1173 0.0009
1175 0.0009
1177 0.0008
1179 0.0008
1181 0.0009
1183 0.0009
1185 0.0008
1187 0.0008
1189 0.0009
1191 0.0010
1193 0.0008
1195 0.0008
1197 0.0010
1199 0.0006
1201 0.0010
1203 0.0010
1205 0.0010
1207 0.0006
1209 0.0010
1211 0.0010
1213 0.0010
1215 0.0010
1217 0.0006
1219 0.0010
1221 0.0010
1223 0.0010
1225 0.0006
1227 0.0010
1229 0.0010
1231 0.0010
1233 0.0010
1235 0.0008
1237 0.0008
1239 0.0010
1241 0.0010
1243 0.0010
1245 0.0006
1247 0.0010
1249 0.0010
1251 0.0010
1253 0.0008
1255 0.0008
1257 0.0010
1259 0.0010
1261 0.0010
1263 0.0010
1265 0.0006
1267 0.0010
1269 0.0010
1271 0.0010
1273 0.0010
1275 0.0006
1277 0.0008
1279 0.0008
1281 0.0010
1283 0.0010
1285 0.0010
1287 0.0008
1289 0.0008
1291 0.0010
1293 0.0010
1295 0.0010
1297 0.0010
1299 0.0007
1301 0.0010
1303 0.0008
1305 0.0008
1307 0.0010
1309 0.0010
1311 0.0010
1313 0.0010
1315 0.0007
1317 0.0010
1319 0.0008
1321 0.0008
1323 0.0010
1325 0.0010
1327 0.0010
1329 0.0010
1331 0.0010
1333 0.0007
1335 0.0010
1337 0.0007
1339 0.0010
1341 0.0010
1343 0.0010
1345 0.0010
1347 0.0010
1349 0.0010
1351 0.0010
1353 0.0010
1355 0.0010
1357 0.0007
1359 0.0010
1361 0.0007
1363 0.0007
1365 0.0010
1367 0.0010
1369 0.0010
1371 0.0010
1373 0.0010
1375 0.0010
1377 0.0010
1379 0.0010
1381 0.0010
1383 0.0010
1385 0.0010
1387 0.0010
1389 0.0007
1391 0.0010
1393 0.0010
1395 0.0010
1397 0.0007
1399 0.0010
1401 0.0010
1403 0.0007
1405 0.0007
1407 0.0010
1409 0.0010
1411 0.0007
1413 0.0007
1415 0.0006
1417 0.0009
1419 0.0010
1421 0.0007
1423 0.0010
1425 0.0009
1427 0.0010
1429 0.0007
1431 0.0010
1433 0.0009
1435 0.0010
1437 0.0007
1439 0.0009
1441 0.0010
1443 0.0010
1445 0.0010
1447 0.0010
1449 0.0010
1451 0.0010
1453 0.0010
1455 0.0010
1457 0.0010
1459 0.0010
1461 0.0010
1463 0.0010
1465 0.0007
1467 0.0007
1469 0.0010
1471 0.0009
1473 0.0010
1475 0.0010
1477 0.0010
1479 0.0010
1481 0.0010
1483 0.0010
1485 0.0010
1487 0.0009
1489 0.0010
1491 0.0008
1493 0.0009
1495 0.0010
1497 0.0010
1499 0.0010
1501 0.0010
1503 0.0009
1505 0.0008
1507 0.0009
1509 0.0010
1511 0.0010
1513 0.0010
1515 0.0010
1517 0.0009
1519 0.0010
1521 0.0010
1523 0.0010
1525 0.0010
1527 0.0010
1529 0.0009
1531 0.0010
1533 0.0010
1535 0.0010
1537 0.0010
1539 0.0009
1541 0.0010
1543 0.0010
1545 0.0010
1547 0.0010
1549 0.0010
1551 0.0010
1553 0.0010
1555 0.0010
1557 0.0009
1559 0.0010
1561 0.0010
1563 0.0010
1565 0.0009
1567 0.0010
1569 0.0010
1571 0.0008
1573 0.0010
1575 0.0010
1577 0.0010
1579 0.0008
1581 0.0010
1583 0.0010
1585 0.0008
1587 0.0010
1589 0.0010
1591 0.0008
1593 0.0010
1595 0.0010
1597 0.0010
1599 0.0008
1601 0.0010
1603 0.0010
1605 0.0008
1607 0.0009
1609 0.0009
1611 0.0008
1613 0.0009
1615 0.0009
1617 0.0008
1619 0.0009
1621 0.0008
1623 0.0009
1625 0.0009
1627 0.0008
1629 0.0009
1631 0.0009
1633 0.0008
1635 0.0009
1637 0.0008
1639 0.0009
1641 0.0008
1643 0.0009
1645 0.0008
1647 0.0009
1649 0.0009
1651 0.0008
1653 0.0009
1655 0.0008
1657 0.0008
1659 0.0009
1661 0.0009
1663 0.0008
1665 0.0009
1667 0.0008
1669 0.0009
1671 0.0008
1673 0.0008
1675 0.0009
1677 0.0008
1679 0.0009
1681 0.0009
1683 0.0008
1685 0.0008
1687 0.0009
1689 0.0008
1691 0.0009
1693 0.0008
1695 0.0008
1697 0.0009
1699 0.0008
1701 0.0009
1703 0.0008
1705 0.0008
1707 0.0009
1709 0.0007
1711 0.0009
1713 0.0007
1715 0.0009
1717 0.0007
1719 0.0009
1721 0.0007
1723 0.0007
1725 0.0009
1727 0.0007
1729 0.0007
1731 0.0007
1733 0.0009
1735 0.0007
1737 0.0007
1739 0.0007
1741 0.0009
1743 0.0007
1745 0.0007
1747 0.0007
1749 0.0007
1751 0.0008
1753 0.0007
1755 0.0007
1757 0.0007
1759 0.0008
1761 0.0007
1763 0.0008
1765 0.0007
1767 0.0007
1769 0.0007
1771 0.0007
1773 0.0007
1775 0.0007
1777 0.0007
1779 0.0007
1781 0.0007
1783 0.0007
1785 0.0008
1787 0.0007
1789 0.0008
1791 0.0006
1793 0.0008
1795 0.0006
1797 0.0007
1799 0.0007
1801 0.0007
1803 0.0007
1805 0.0007
1807 0.0007
1809 0.0007
1811 0.0006
1813 0.0008
1815 0.0006
1817 0.0007
1819 0.0007
1821 0.0007
1823 0.0007
1825 0.0007
1827 0.0006
1829 0.0007
1831 0.0007
1833 0.0006
1835 0.0007
1837 0.0007
1839 0.0006
1841 0.0007
1843 0.0007
1845 0.0007
1847 0.0006
1849 0.0006
1851 0.0006
1853 0.0006
1855 0.0006
1857 0.0006
1859 0.0006
1861 0.0006
1863 0.0006
1865 0.0006
1867 0.0006
1869 0.0006
1871 0.0006
1873 0.0006
1875 0.0006
1877 0.0006
1879 0.0006
1881 0.0006
1883 0.0006
1885 0.0006
1887 0.0006
1889 0.0006
1891 0.0006
1893 0.0006
1895 0.0006
1897 0.0006
1899 0.0006
1901 0.0006
1903 0.0006
1905 0.0006
1907 0.0006
1909 0.0006
1911 0.0006
1913 0.0006
1915 0.0006
1917 0.0006
1919 0.0006
1921 0.0006
1923 0.0006
1925 0.0006
1927 0.0006
1929 0.0006
1931 0.0006
1933 0.0006
1935 0.0006
1937 0.0005
1939 0.0006
1941 0.0005
1943 0.0006
1945 0.0005
1947 0.0005
1949 0.0005
1951 0.0024
1953 0.0024
1955 0.0005
1957 0.0005
1959 0.0005
1961 0.0026
1963 0.0005
1965 0.0028
1967 0.0005
1969 0.0005
1971 0.0005
1973 0.0005
1975 0.0005
1977 0.0005
1979 0.0005
1981 0.0038
1983 0.0040
1985 0.0005
1987 0.0005
1989 0.0050
1991 0.0005
1993 0.0005
1995 0.0005
1997 0.0005
1999 0.0010
2001 0.0010
2003 0.0005
2005 0.0005
2007 0.0005
2009 0.0005
2011 0.0005
2013 0.0005
2015 0.0005
2017 0.0005
2019 0.0005
2021 0.0005
2023 0.0005
2025 0.0005
2027 0.0005
2029 0.0005
2031 0.0005
2033 0.0005
2035 0.0005
2037 0.0005
2039 0.0005
2041 0.0005
2043 0.0005
2045 0.0005
2047 0.0005
2049 0.0005
2051 0.0005
2053 0.0005
2055 0.0005
2057 0.0005
2059 0.0006
2061 0.0005
2063 0.0006
2065 0.0005
2067 0.0006
2069 0.0006
2071 0.0006
2073 0.0006
2075 0.0006
2077 0.0006
2079 0.0006
2081 0.0006
2083 0.0006
2085 0.0006
2087 0.0006
2089 0.0006
2091 0.0006
2093 0.0006
2095 0.0006
2097 0.0006
2099 0.0006
2101 0.0006
2103 0.0006
2105 0.0006
2107 0.0006
2109 0.0006
2111 0.0006
2113 0.0006
2115 0.0006
2117 0.0006
2119 0.0006
2121 0.0006
2123 0.0006
2125 0.0014
2127 0.0006
2129 0.0006
2131 0.0006
2133 0.0015
2135 0.0015
2137 0.0006
2139 0.0006
2141 0.0006
2143 0.0006
2145 0.0006
2147 0.0006
2149 0.0006
2151 0.0006
2153 0.0006
2155 0.0007
2157 0.0006
2159 0.0007
2161 0.0007
2163 0.0006
2165 0.0007
2167 0.0007
2169 0.0006
2171 0.0007
2173 0.0007
2175 0.0006
2177 0.0007
2179 0.0007
2181 0.0007
2183 0.0007
2185 0.0007
2187 0.0006
2189 0.0008
2191 0.0006
2193 0.0007
2195 0.0007
2197 0.0007
2199 0.0007
2201 0.0007
2203 0.0007
2205 0.0007
2207 0.0006
2209 0.0008
2211 0.0006
2213 0.0008
2215 0.0007
2217 0.0008
2219 0.0007
2221 0.0007
2223 0.0007
2225 0.0007
2227 0.0007
2229 0.0007
2231 0.0007
2233 0.0007
2235 0.0007
2237 0.0007
2239 0.0008
2241 0.0007
2243 0.0008
2245 0.0007
2247 0.0007
2249 0.0007
2251 0.0008
2253 0.0007
2255 0.0007
2257 0.0007
2259 0.0007
2261 0.0009
2263 0.0007
2265 0.0007
2267 0.0007
2269 0.0009
2271 0.0007
2273 0.0007
2275 0.0007
2277 0.0009
2279 0.0007
2281 0.0007
2283 0.0009
2285 0.0007
2287 0.0009
2289 0.0007
2291 0.0009
2293 0.0008
2295 0.0009
2297 0.0008
2299 0.0008
2301 0.0009
2303 0.0008
2305 0.0009
2307 0.0008
2309 0.0008
2311 0.0009
2313 0.0008
2315 0.0009
2317 0.0008
2319 0.0008
2321 0.0009
2323 0.0009
2325 0.0008
2327 0.0009
2329 0.0008
2331 0.0008
2333 0.0009
2335 0.0008
2337 0.0009
2339 0.0008
2341 0.0009
2343 0.0009
2345 0.0008
2347 0.0008
2349 0.0009
2351 0.0008
2353 0.0009
2355 0.0009
2357 0.0008
2359 0.0009
2361 0.0008
2363 0.0009
2365 0.0008
2367 0.0009
2369 0.0008
2371 0.0009
2373 0.0009
2375 0.0008
2377 0.0009
2379 0.0009
2381 0.0008
2383 0.0009
2385 0.0008
2387 0.0009
2389 0.0009
2391 0.0008
2393 0.0009
2395 0.0009
2397 0.0008
2399 0.0010
2401 0.0010
2403 0.0008
2405 0.0010
2407 0.0010
2409 0.0010
2411 0.0008
2413 0.0010
2415 0.0010
2417 0.0008
2419 0.0010
2421 0.0010
2423 0.0008
2425 0.0010
2427 0.0010
2429 0.0010
2431 0.0008
2433 0.0010
2435 0.0010
2437 0.0009
2439 0.0010
2441 0.0010
2443 0.0010
2445 0.0009
2447 0.0010
2449 0.0010
2451 0.0010
2453 0.0009
2455 0.0010
2457 0.0010
2459 0.0010
2461 0.0010
2463 0.0009
2465 0.0010
2467 0.0010
2469 0.0010
2471 0.0010
2473 0.0009
2475 0.0010
2477 0.0010
2479 0.0010
2481 0.0010
2483 0.0010
2485 0.0009
2487 0.0010
2489 0.0010
2491 0.0010
2493 0.0010
2495 0.0009
2497 0.0008
2499 0.0009
2501 0.0010
2503 0.0010
2505 0.0010
2507 0.0010
2509 0.0009
2511 0.0008
2513 0.0010
2515 0.0009
2517 0.0010
2519 0.0010
2521 0.0010
2523 0.0010
2525 0.0010
2527 0.0010
2529 0.0010
2531 0.0009
2533 0.0010
2535 0.0007
2537 0.0009
2539 0.0010
2541 0.0010
2543 0.0010
2545 0.0010
2547 0.0010
2549 0.0010
2551 0.0010
2553 0.0010
2555 0.0010
2557 0.0010
2559 0.0010
2561 0.0010
2563 0.0009
2565 0.0007
2567 0.0010
2569 0.0009
2571 0.0010
2573 0.0007
2575 0.0010
2577 0.0009
2579 0.0010
2581 0.0007
2583 0.0010
2585 0.0009
2587 0.0010
2589 0.0007
2591 0.0010
2593 0.0010
2595 0.0010
2597 0.0007
2599 0.0010
2601 0.0010
2603 0.0010
2605 0.0007
2607 0.0010
2609 0.0010
2611 0.0007
2613 0.0010
2615 0.0010
2617 0.0010
2619 0.0010
2621 0.0010
2623 0.0010
2625 0.0010
2627 0.0010
2629 0.0010
2631 0.0010
2633 0.0007
2635 0.0010
2637 0.0010
2639 0.0007
2641 0.0010
2643 0.0010
2645 0.0007
2647 0.0010
2649 0.0010
2651 0.0010
2653 0.0010
2655 0.0010
2657 0.0010
2659 0.0010
2661 0.0010
2663 0.0010
2665 0.0007
2667 0.0010
2669 0.0008
2671 0.0010
2673 0.0010
2675 0.0010
2677 0.0010
2679 0.0010
2681 0.0007
2683 0.0010
2685 0.0010
2687 0.0008
2689 0.0010
2691 0.0010
2693 0.0010
2695 0.0010
2697 0.0007
2699 0.0010
2701 0.0010
2703 0.0010
2705 0.0010
2707 0.0010
2709 0.0010
2711 0.0010
2713 0.0007
2715 0.0010
2717 0.0010
2719 0.0010
2721 0.0010
2723 0.0007
2725 0.0010
2727 0.0008
2729 0.0010
2731 0.0010
2733 0.0008
2735 0.0010
2737 0.0008
2739 0.0010
2741 0.0010
2743 0.0010
2745 0.0010
2747 0.0006
2749 0.0010
2751 0.0010
2753 0.0010
2755 0.0010
2757 0.0006
2759 0.0010
2761 0.0010
2763 0.0010
2765 0.0006
2767 0.0010
2769 0.0010
2771 0.0010
2773 0.0010
2775 0.0008
2777 0.0008
2779 0.0010
2781 0.0010
2783 0.0008
2785 0.0008
2787 0.0010
2789 0.0010
2791 0.0008
2793 0.0010
2795 0.0008
2797 0.0010
2799 0.0008
2801 0.0010
2803 0.0008
2805 0.0010
2807 0.0006
2809 0.0010
2811 0.0009
2813 0.0009
2815 0.0006
2817 0.0009
2819 0.0009
2821 0.0009
2823 0.0006
2825 0.0009
2827 0.0009
2829 0.0009
2831 0.0006
2833 0.0009
2835 0.0009
2837 0.0009
2839 0.0006
2841 0.0009
2843 0.0009
2845 0.0006
2847 0.0009
2849 0.0009
2851 0.0009
2853 0.0009
2855 0.0009
2857 0.0009
2859 0.0009
2861 0.0009
2863 0.0009
2865 0.0006
2867 0.0009
2869 0.0009
2871 0.0006
2873 0.0009
2875 0.0009
2877 0.0009
2879 0.0009
2881 0.0009
2883 0.0009
2885 0.0009
2887 0.0009
2889 0.0006
2891 0.0009
2893 0.0009
2895 0.0009
2897 0.0006
2899 0.0009
2901 0.0009
2903 0.0009
2905 0.0009
2907 0.0009
2909 0.0009
2911 0.0009
2913 0.0006
2915 0.0009
2917 0.0009
2919 0.0006
2921 0.0009
2923 0.0009
2925 0.0009
2927 0.0009
2929 0.0006
2931 0.0009
2933 0.0009
2935 0.0009
2937 0.0006
2939 0.0009
2941 0.0009
2943 0.0009
2945 0.0009
2947 0.0006
2949 0.0009
2951 0.0006
2953 0.0009
2955 0.0010
2957 0.0010
2959 0.0009
2961 0.0006
2963 0.0009
2965 0.0009
2967 0.0006
2969 0.0009
2971 0.0010
2973 0.0010
2975 0.0009
2977 0.0006
2979 0.0009
2981 0.0009
2983 0.0006
2985 0.0009
2987 0.0006
2989 0.0009
2991 0.0006
2993 0.0009
2995 0.0010
2997 0.0010
2999 0.0009
3001 0.0006
3003 0.0009
3005 0.0009
3007 0.0006
3009 0.0009
3011 0.0006
3013 0.0009
3015 0.0006
3017 0.0009
3019 0.0010
3021 0.0010
3023 0.0009
3025 0.0006
3027 0.0009
3029 0.0006
3031 0.0009
3033 0.0010
3035 0.0010
3037 0.0008
3039 0.0006
3041 0.0008
3043 0.0006
3045 0.0008
3047 0.0006
3049 0.0008
3051 0.0006
3053 0.0008
3055 0.0011
3057 0.0011
3059 0.0008
3061 0.0006
3063 0.0011
3065 0.0011
3067 0.0008
3069 0.0006
3071 0.0008
3073 0.0006
3075 0.0008
3077 0.0006
3079 0.0008
3081 0.0006
3083 0.0008
3085 0.0006
3087 0.0008
3089 0.0006
3091 0.0008
3093 0.0011
3095 0.0011
3097 0.0006
3099 0.0008
3101 0.0006
3103 0.0008
3105 0.0006
3107 0.0008
3109 0.0006
3111 0.0008
3113 0.0006
3115 0.0008
3117 0.0006
3119 0.0008
3121 0.0006
3123 0.0008
3125 0.0006
3127 0.0008
3129 0.0006
3131 0.0008
3133 0.0006
3135 0.0008
3137 0.0006
3139 0.0008
3141 0.0006
3143 0.0008
3145 0.0006
3147 0.0008
3149 0.0006
3151 0.0008
3153 0.0006
3155 0.0006
3157 0.0008
3159 0.0006
3161 0.0008
3163 0.0006
3165 0.0008
3167 0.0005
3169 0.0008
3171 0.0005
3173 0.0008
3175 0.0005
3177 0.0005
3179 0.0008
3181 0.0005
3183 0.0008
3185 0.0005
3187 0.0008
3189 0.0005
3191 0.0008
3193 0.0005
3195 0.0005
3197 0.0008
3199 0.0008
3201 0.0005
3203 0.0005
3205 0.0008
3207 0.0005
3209 0.0008
3211 0.0005
3213 0.0008
3215 0.0005
3217 0.0005
3219 0.0008
3221 0.0005
3223 0.0005
3225 0.0008
3227 0.0005
3229 0.0008
3231 0.0005
3233 0.0008
3235 0.0005
3237 0.0008
3239 0.0005
3241 0.0005
3243 0.0008
3245 0.0005
3247 0.0007
3249 0.0005
3251 0.0005
3253 0.0007
3255 0.0005
3257 0.0007
3259 0.0005
3261 0.0005
3263 0.0007
3265 0.0005
3267 0.0007
3269 0.0005
3271 0.0005
3273 0.0007
3275 0.0005
3277 0.0007
3279 0.0005
3281 0.0005
3283 0.0007
3285 0.0005
3287 0.0005
3289 0.0007
3291 0.0005
3293 0.0007
3295 0.0005
3297 0.0005
3299 0.0007
3301 0.0005
3303 0.0005
3305 0.0007
3307 0.0005
3309 0.0007
3311 0.0005
3313 0.0005
3315 0.0007
3317 0.0005
3319 0.0007
3321 0.0005
3323 0.0005
3325 0.0007
3327 0.0005
3329 0.0005
3331 0.0007
3333 0.0005
3335 0.0005
3337 0.0007
3339 0.0005
3341 0.0005
3343 0.0007
3345 0.0005
3347 0.0005
3349 0.0007
3351 0.0005
3353 0.0005
3355 0.0007
3357 0.0005
3359 0.0005
3361 0.0007
3363 0.0005
3365 0.0005
3367 0.0007
3369 0.0005
3371 0.0005
3373 0.0007
3375 0.0005
3377 0.0005
3379 0.0007
3381 0.0005
3383 0.0005
3385 0.0007
3387 0.0005
3389 0.0005
3391 0.0007
3393 0.0005
3395 0.0005
3397 0.0007
3399 0.0005
3401 0.0005
3403 0.0007
3405 0.0005
3407 0.0005
3409 0.0007
3411 0.0005
3413 0.0005
3415 0.0005
3417 0.0007
3419 0.0005
3421 0.0005
3423 0.0007
3425 0.0005
3427 0.0005
3429 0.0007
3431 0.0005
3433 0.0005
3435 0.0007
3437 0.0005
3439 0.0005
3441 0.0005
3443 0.0007
3445 0.0005
3447 0.0005
3449 0.0005
3451 0.0007
3453 0.0005
3455 0.0005
3457 0.0007
3459 0.0005
3461 0.0005
3463 0.0007
3465 0.0005
3467 0.0005
3469 0.0005
3471 0.0007
3473 0.0005
3475 0.0005
3477 0.0005
3479 0.0007
3481 0.0005
3483 0.0005
3485 0.0007
3487 0.0005
3489 0.0005
3491 0.0005
3493 0.0007
3495 0.0005
3497 0.0005
3499 0.0005
3501 0.0006
3503 0.0005
3505 0.0005
3507 0.0005
3509 0.0006
3511 0.0005
3513 0.0005
3515 0.0005
3517 0.0006
3519 0.0005
3521 0.0005
3523 0.0005
3525 0.0006
3527 0.0005
3529 0.0005
3531 0.0005
3533 0.0006
3535 0.0005
3537 0.0005
3539 0.0005
3541 0.0006
3543 0.0005
3545 0.0005
3547 0.0005
3549 0.0006
3551 0.0005
3553 0.0005
3555 0.0005
3557 0.0005
3559 0.0006
3561 0.0005
3563 0.0005
3565 0.0005
3567 0.0006
3569 0.0005
3571 0.0005
3573 0.0005
3575 0.0006
3577 0.0005
3579 0.0005
3581 0.0005
3583 0.0005
3585 0.0006
3587 0.0005
3589 0.0005
3591 0.0005
3593 0.0005
3595 0.0006
3597 0.0005
3599 0.0005
3601 0.0005
3603 0.0005
3605 0.0006
3607 0.0005
3609 0.0005
3611 0.0005
3613 0.0005
3615 0.0006
3617 0.0005
3619 0.0005
3621 0.0005
3623 0.0005
3625 0.0006
3627 0.0005
3629 0.0005
3631 0.0005
3633 0.0005
3635 0.0005
3637 0.0006
3639 0.0005
3641 0.0005
3643 0.0005
3645 0.0006
3647 0.0005
3649 0.0005
3651 0.0005
3653 0.0005
3655 0.0005
3657 0.0006
3659 0.0005
3661 0.0005
3663 0.0005
3665 0.0005
3667 0.0005
3669 0.0006
3671 0.0005
3673 0.0005
3675 0.0005
3677 0.0005
3679 0.0005
3681 0.0006
3683 0.0005
3685 0.0005
3687 0.0005
3689 0.0005
3691 0.0005
3693 0.0005
3695 0.0006
3697 0.0005
3699 0.0005
3701 0.0005
3703 0.0005
3705 0.0005
3707 0.0006
3709 0.0005
3711 0.0005
3713 0.0005
3715 0.0005
3717 0.0005
3719 0.0005
3721 0.0006
3723 0.0005
3725 0.0005
3727 0.0005
3729 0.0005
3731 0.0005
3733 0.0005
3735 0.0006
3737 0.0005
3739 0.0005
3741 0.0005
3743 0.0005
3745 0.0005
3747 0.0005
3749 0.0005
3751 0.0006
3753 0.0005
3755 0.0005
3757 0.0005
3759 0.0005
3761 0.0005
3763 0.0005
3765 0.0005
3767 0.0006
3769 0.0005
3771 0.0005
3773 0.0005
3775 0.0005
3777 0.0005
3779 0.0005
3781 0.0005
3783 0.0006
3785 0.0005
3787 0.0005
3789 0.0005
3791 0.0005
3793 0.0005
3795 0.0005
3797 0.0005
3799 0.0005
3801 0.0005
3803 0.0006
3805 0.0005
3807 0.0005
3809 0.0005
3811 0.0005
3813 0.0005
3815 0.0005
3817 0.0005
3819 0.0005
3821 0.0005
3823 0.0005
3825 0.0005
3827 0.0005
3829 0.0005
3831 0.0005
3833 0.0005
3835 0.0005
3837 0.0005
3839 0.0005
3841 0.0005
3843 0.0005
3845 0.0005
3847 0.0005
3849 0.0005
3851 0.0005
3853 0.0005
3855 0.0005
3857 0.0005
3859 0.0005
3861 0.0005
3863 0.0005
3865 0.0005
3867 0.0005
3869 0.0005
3871 0.0005
3873 0.0005
3875 0.0005
3877 0.0005
3879 0.0005
3881 0.0005
3883 0.0005
3885 0.0005
3887 0.0005
3889 0.0005
3891 0.0005
3893 0.0005
3895 0.0005
3897 0.0005
3899 0.0005
3901 0.0005
3903 0.0005
3905 0.0005
3907 0.0005
3909 0.0005
3911 0.0005
3913 0.0005
3915 0.0005
3917 0.0005
3919 0.0005
3921 0.0005
3923 0.0005
3925 0.0005
3927 0.0005
3929 0.0005
3931 0.0005
3933 0.0005
3935 0.0005
3937 0.0005
3939 0.0005
3941 0.0005
3943 0.0005
3945 0.0005
3947 0.0005
3949 0.0005
3951 0.0005
3953 0.0005
3955 0.0005
3957 0.0005
3959 0.0005
3961 0.0005
3963 0.0005
3965 0.0005
3967 0.0005
3969 0.0005
3971 0.0005
3973 0.0005
3975 0.0005
3977 0.0005
3979 0.0005
3981 0.0005
3983 0.0005
3985 0.0005
3987 0.0005
3989 0.0005
3991 0.0005
3993 0.0005
3995 0.1250
3997 0.0005
3999 0.0005
4001 0.5000
