R P
1 1.0013
3 0.0892
5 0.4758
7 1.0000
9 0.0454
11 0.6860
13 0.0400
15 0.0330
17 0.5852
19 0.0701
21 0.0244
23 0.0418
25 1.0000
27 0.0717
29 0.1185
31 0.3599
33 0.0049
35 0.0945
37 0.0016
39 0.4118
41 1.0000
43 0.1012
45 1.0001
47 0.1328
49 0.0400
51 0.0138
53 0.0905
55 0.0661
57 0.9996
59 0.0682
61 0.2156
63 0.0400
65 0.2773
67 0.9995
69 1.0001
71 0.2000
73 1.0000
75 1.0000
77 0.0166
79 0.9989
81 0.0010
83 0.6324
85 1.0002
87 0.2500
89 1.0000
91 0.3353
93 0.1250
95 1.0000
97 1.0000
99 1.0001
101 0.3327
103 0.3180
105 1.0002
107 0.1590
109 0.1280
111 0.9708
113 1.0002
115 1.0009
117 0.2000
119 0.5010
121 0.4111
123 0.5000
125 0.2000
127 0.0763
129 0.1943
131 1.0007
133 0.0371
135 0.1349
137 0.2744
139 0.1386
141 0.1225
143 0.0064
145 0.9997
147 0.0511
149 0.1299
151 0.2000
153 0.9997
155 0.0187
157 0.0051
159 0.4092
161 0.1139
163 0.0300
165 0.1494
167 0.3720
169 0.9541
171 0.0518
173 0.5927
175 0.1754
177 0.6934
179 0.1644
181 0.2193
183 0.1852
185 0.3943
187 0.5000
189 0.2773
191 0.1189
193 0.0705
195 0.0320
197 0.0126
199 0.0116
201 0.0486
203 0.3201
205 0.1474
207 0.3943
209 0.0379
211 0.0991
213 0.0294
215 0.0015
217 0.0043
219 0.0025
221 0.8358
223 0.0500
225 0.0210
227 0.5366
229 0.1291
231 0.0094
233 0.0004
235 0.3333
237 0.1270
239 0.2250
241 0.2500
243 0.0811
245 0.1294
247 0.0940
249 0.0519
251 0.0984
253 0.0448
255 0.9228
257 0.0705
259 0.3333
261 0.0115
263 0.0751
265 0.0937
267 0.1352
269 0.0296
271 0.0960
273 0.0963
275 0.5000
277 0.2500
279 0.0540
281 0.0063
283 0.4166
285 0.3333
287 0.4655
289 0.1745
291 0.0385
293 0.1208
295 0.8995
297 0.0474
299 1.0000
301 0.0446
303 0.0219
305 0.0325
307 0.4658
309 1.0000
311 0.0680
313 0.0516
315 0.0692
317 0.0293
319 0.0061
321 0.0008
323 0.0186
325 0.4578
327 0.0164
329 0.6324
331 0.0204
333 0.6009
335 0.0163
337 0.5000
339 0.1754
341 0.0843
343 0.0539
345 0.3333
347 0.5000
349 0.0141
351 0.0791
353 0.5000
355 0.2238
357 0.0833
359 0.6470
361 0.1624
363 0.2370
365 0.1833
367 1.0001
369 0.2025
371 0.0018
373 0.0526
375 0.3290
377 0.2435
379 0.4858
381 0.2064
383 0.2507
385 0.0971
387 0.3333
389 0.1244
391 0.0122
393 0.0392
395 0.1250
397 0.0278
399 0.2500
401 0.1575
403 0.0430
405 0.0189
407 0.0077
409 0.0685
411 0.0375
413 0.1852
415 0.0775
417 0.0138
419 0.0276
421 0.1599
423 0.0031
425 0.0698
427 0.0295
429 0.0381
431 0.0451
433 0.1057
435 0.0004
437 0.0095
439 0.0077
441 0.0209
443 0.3721
445 0.1057
447 0.0227
449 0.2000
451 0.0090
453 0.1429
455 0.0154
457 0.4146
459 0.0127
461 0.0007
463 0.3332
465 0.1938
467 0.0322
469 0.0097
471 0.0777
473 0.0773
475 0.0200
477 0.0169
479 0.0248
481 0.0400
483 0.3430
485 0.2000
487 0.1307
489 0.9428
491 0.0008
493 0.2985
495 0.3331
497 0.1896
499 0.6325
501 0.2000
503 0.0567
505 0.0973
507 0.1280
509 0.0868
511 0.0021
513 0.1111
515 0.0041
517 0.3333
519 0.0074
521 0.3430
523 0.0038
525 0.0188
527 0.0144
529 0.0543
531 0.0314
533 0.0147
535 0.0202
537 0.5547
539 0.2289
541 0.3721
543 0.2505
545 0.4110
547 0.5000
549 0.0068
551 0.5000
553 0.3335
555 0.0328
557 0.2000
559 0.5570
561 0.1224
563 0.1821
565 0.2325
567 0.4110
569 0.5547
571 0.0443
573 0.4999
575 0.5078
577 0.5846
579 0.3333
581 1.0002
583 0.8193
585 0.6709
587 0.9978
589 0.3333
591 0.3721
593 0.0792
595 0.0015
597 0.5000
599 0.5408
601 0.2280
603 0.0642
605 1.0000
607 0.2400
609 0.0242
611 0.0166
613 0.0282
615 0.0222
617 0.0961
619 0.0107
621 0.0164
623 0.2724
625 0.8663
627 0.5107
629 0.0752
631 0.2500
633 0.2691
635 0.0146
637 0.0114
639 0.0610
641 0.1047
643 0.0291
645 0.0418
647 0.1700
649 0.0468
651 0.4206
653 0.0007
655 0.3179
657 0.0400
659 0.0015
661 0.0011
663 0.0006
665 0.0020
667 0.0006
669 0.0095
671 0.0014
673 0.0111
675 0.0065
677 0.0007
679 0.0159
681 0.0909
683 0.0633
685 0.0833
687 0.0909
689 1.0003
691 0.6325
693 1.0001
695 1.0001
697 0.3954
699 0.0029
701 0.7108
703 1.0003
705 0.6325
707 0.5007
709 0.5001
711 0.5852
713 0.0022
715 0.5000
717 0.6325
719 0.1000
721 0.0243
723 0.0199
725 0.1682
727 0.0010
729 0.2829
731 0.5011
733 0.1015
735 0.9998
737 1.0000
739 0.0008
741 0.1295
743 0.0667
745 0.0067
747 0.0004
749 0.0036
751 0.0046
753 0.0065
755 0.6701
757 0.0053
759 0.0316
761 0.0909
763 1.0000
765 0.9999
767 0.0221
769 0.0179
771 0.0306
773 0.2000
775 0.0179
777 0.0017
779 0.0500
781 0.0072
783 0.1280
785 0.3334
787 0.5000
789 0.1798
791 0.0941
793 0.1179
795 0.4001
797 0.4895
799 0.3333
801 0.0044
803 0.0678
805 0.0455
807 0.5000
809 0.2942
811 0.5002
813 0.5000
815 1.0001
817 0.3865
819 0.7276
821 0.4998
823 0.7648
825 0.3864
827 0.1000
829 0.0490
831 0.2385
833 0.1315
835 0.0529
837 0.5001
839 0.0229
841 0.7276
843 0.3333
845 0.1581
847 0.1121
849 0.0122
851 0.0113
853 0.0029
855 0.1286
857 0.6000
859 0.0411
861 0.1293
863 0.1009
865 0.0458
867 0.0215
869 0.4110
871 0.0773
873 0.3003
875 0.0219
877 0.0296
879 0.0212
881 0.1663
883 0.0954
885 0.0139
887 0.0219
889 0.0941
891 0.0010
893 0.0115
895 0.6708
897 0.3333
899 0.1240
901 0.1234
903 0.1309
905 0.0822
907 0.2997
909 0.2435
911 0.1498
913 0.3746
915 0.2106
917 0.5010
919 0.3276
921 0.0418
923 0.3455
925 0.0042
927 0.5851
929 0.0394
931 0.0088
933 0.1349
935 0.0314
937 0.2712
939 0.1742
941 0.6324
943 1.0000
945 0.0004
947 0.4570
949 0.2774
951 0.0552
953 0.0791
955 0.2166
957 0.1388
959 0.2212
961 0.3180
963 0.1666
965 0.1941
967 0.2548
969 0.0648
971 0.0577
973 0.4835
975 0.0486
977 0.1458
979 0.2209
981 0.4894
983 0.3720
985 0.0769
987 0.1103
989 0.0889
991 0.7272
993 0.2500
995 0.6325
997 0.3462
999 0.1111
1001 0.7108
1003 0.1166
1005 1.0001
1007 0.1458
1009 1.0001
1011 0.0408
1013 0.5000
1015 0.2773
1017 0.2942
1019 0.1860
1021 0.2661
1023 0.0012
1025 0.4966
1027 1.0000
1029 0.9999
1031 1.0000
1033 0.1790
1035 0.4859
1037 0.9979
1039 1.0000
1041 0.4924
1043 1.0005
1045 0.1000
1047 0.7277
1049 0.4999
1051 0.7276
1053 1.0000
1055 0.0018
1057 0.7276
1059 0.0038
1061 0.5000
1063 0.5000
1065 0.9999
1067 0.9993
1069 0.0065
1071 0.7273
1073 1.0040
1075 1.0000
1077 0.7274
1079 1.0001
1081 0.9999
1083 0.0017
1085 1.0001
1087 1.0000
1089 1.0041
1091 0.9998
1093 0.7277
1095 1.0000
1097 1.0000
1099 0.9994
1101 0.5007
1103 0.5000
1105 0.0011
1107 1.0004
1109 1.0001
1111 0.9993
1113 0.9997
1115 0.7276
1117 0.7277
1119 0.7277
1121 1.0005
1123 0.7276
1125 0.0014
1127 1.0001
1129 0.6323
1131 1.0001
1133 1.0000
1135 0.2491
1137 0.3182
1139 0.5852
1141 1.0010
1143 0.1833
1145 0.9999
1147 0.2249
1149 0.5075
1151 0.0494
1153 0.2166
1155 0.4547
1157 0.0370
1159 0.0045
1161 0.1250
1163 0.0224
1165 0.0656
1167 0.0471
1169 0.0032
1171 0.0131
1173 0.1429
1175 0.9999
1177 0.0273
1179 0.0677
1181 1.0003
1183 0.7276
1185 1.0001
1187 0.8359
1189 0.5000
1191 0.4151
1193 0.0042
1195 0.9999
1197 0.0013
1199 0.0009
1201 0.9995
1203 0.0033
1205 1.0000
1207 0.2773
1209 0.6325
1211 0.1667
1213 0.6934
1215 0.3333
1217 0.3336
1219 0.5852
1221 0.2000
1223 0.0441
1225 0.1493
1227 0.0040
1229 0.2500
1231 0.5000
1233 0.7647
1235 0.2247
1237 0.3535
1239 0.0769
1241 0.0073
1243 0.2209
1245 0.0936
1247 0.0128
1249 0.1261
1251 0.8193
1253 1.0001
1255 0.0162
1257 1.0512
1259 0.9776
1261 0.7274
1263 0.2225
1265 0.6325
1267 0.2067
1269 0.0094
1271 0.3865
1273 0.0284
1275 0.0087
1277 0.0324
1279 0.0029
1281 0.0286
1283 0.9999
1285 0.0984
1287 0.0163
1289 0.0105
1291 0.0085
1293 0.0833
1295 0.4992
1297 0.0178
1299 0.1740
1301 0.2500
1303 0.1673
1305 0.0012
1307 0.9995
1309 0.9998
1311 0.4998
1313 0.9999
1315 0.0012
1317 0.9994
1319 0.9995
1321 1.0006
1323 0.0027
1325 1.0001
1327 0.7270
1329 0.0487
1331 0.1111
1333 0.9994
1335 0.3333
1337 0.9994
1339 1.0001
1341 0.0704
1343 0.0945
1345 0.2501
1347 0.1667
1349 0.0111
1351 0.9993
1353 0.9989
1355 0.0013
1357 1.0000
1359 0.9997
1361 0.0010
1363 0.0010
1365 0.0006
1367 0.0004
1369 1.0000
1371 1.0001
1373 0.2046
1375 1.0043
1377 0.9999
1379 1.0000
1381 0.9997
1383 1.0006
1385 0.0021
1387 0.0013
1389 0.7276
1391 1.0001
1393 0.0012
1395 0.9996
1397 0.0026
1399 1.0000
1401 0.0058
1403 1.0000
1405 0.0025
1407 1.0001
1409 0.6325
1411 0.0012
1413 1.0003
1415 1.0000
1417 1.0609
1419 0.0010
1421 0.0007
1423 1.0004
1425 0.0290
1427 0.0010
1429 0.9999
1431 0.1388
1433 0.1000
1435 0.0909
1437 0.0116
1439 0.0054
1441 0.0014
1443 0.0062
1445 0.0345
1447 0.0003
1449 0.0044
1451 0.0456
1453 0.0026
1455 0.0030
1457 0.0042
1459 0.0228
1461 0.0100
1463 0.0124
1465 0.0029
1467 0.0010
1469 0.0041
1471 0.0002
1473 0.0239
1475 0.4064
1477 0.1037
1479 0.0138
1481 0.3987
1483 0.0473
1485 0.6708
1487 0.1815
1489 0.4064
1491 0.0854
1493 0.0408
1495 0.3594
1497 0.2162
1499 0.0645
1501 0.1299
1503 0.5001
1505 0.0905
1507 0.3766
1509 0.0268
1511 0.0976
1513 0.5000
1515 0.0753
1517 0.0976
1519 0.0005
1521 0.0023
1523 0.0033
