R P
1 0.0021
2 0.0011
3 0.0001
4 0.00515
5 0.0102
6 0.03765
7 0.0651
8 0.0551
9 0.0451
10 0.0241
11 0.0031
12 0.23585
13 0.4686
14 0.2414
15 0.0142
16 0.0072
17 0.0002
18 0.0119
19 0.0236
20 0.01625
21 0.0089
22 0.0113
23 0.0137
24 0.0783
25 0.1429
26 0.07825
27 0.0136
28 0.323
29 0.6324
30 0.8145
31 0.9966
32 0.74825
33 0.4999
34 0.74855
35 0.9972
36 0.4991
37 0.0010
38 0.0008
39 0.0006
40 0.0005
41 0.0004
42 0.50025
43 1.0001
44 1.0003
45 1.0005
46 0.5022
47 0.0039
48 0.5019
49 0.9999
50 0.99915
51 0.9984
52 0.9993
53 1.0002
54 0.563
55 0.1258
56 0.56285
57 0.9999
58 0.9999
59 0.9999
60 1.00025
61 1.0006
62 1.0006
63 1.0006
64 0.53835
65 0.0761
66 0.5381
67 1.0001
68 1.00015
69 1.0002
70 1.00005
71 0.9999
72 0.81635
73 0.6328
74 0.74715
75 0.8615
76 0.93065
77 0.9998
78 0.7499
79 0.5000
80 0.52735
81 0.5547
82 0.4441
83 0.3335
84 0.6669
85 1.0003
86 0.75135
87 0.5024
88 0.2524
89 0.0024
90 0.5012
91 1.0000
92 0.75
93 0.5000
94 0.7502
95 1.0004
96 0.7502
97 0.5000
98 0.47085
99 0.4417
100 0.7209
101 1.0001
102 0.50065
103 0.0012
104 0.50085
105 1.0005
106 1.0003
107 1.0001
108 0.9999
109 0.9997
110 1.00025
111 1.0008
112 1.0004
113 1.0000
114 0.9996
115 0.9992
116 0.7496
117 0.5000
118 0.2508
119 0.0016
120 0.0423
121 0.0830
122 0.14155
123 0.2001
124 0.4953
125 0.7905
126 0.39605
127 0.0016
128 0.00145
129 0.0013
130 0.50095
131 1.0006
132 1.00035
133 1.0001
134 0.50075
135 0.0014
136 0.4947
137 0.9880
138 0.99445
139 1.0009
140 0.7505
141 0.5001
142 0.39715
143 0.2942
144 0.2471
145 0.2000
146 0.1009
147 0.0018
148 0.36465
149 0.7275
150 0.36435
151 0.0012
152 0.16725
153 0.3333
154 0.6666
155 0.9999
156 0.5005
157 0.0011
158 0.08825
159 0.1754
160 0.22635
161 0.2773
162 0.30535
163 0.3334
164 0.34845
165 0.3635
166 0.28175
167 0.2000
168 0.35005
169 0.5001
170 0.30715
171 0.1142
172 0.1821
173 0.2500
174 0.189
175 0.1280
176 0.3141
177 0.5002
178 0.33335
179 0.1665
180 0.0843
181 0.0021
182 0.0399
183 0.0777
184 0.0393
185 0.0009
186 0.0645
187 0.1281
188 0.16405
189 0.2000
190 0.25005
191 0.3001
192 0.1971
193 0.0941
194 0.124
195 0.1539
196 0.17695
197 0.2000
198 0.26665
199 0.3333
200 0.2635
201 0.1937
202 0.11125
203 0.0288
204 0.18105
205 0.3333
206 0.2893
207 0.2453
208 0.1697
209 0.0941
210 0.547
211 0.9999
212 0.54995
213 0.1000
214 0.114
215 0.1280
216 0.189
217 0.2500
218 0.3294
219 0.4088
220 0.70445
221 1.0001
222 0.60015
223 0.2002
224 0.3697
225 0.5392
226 0.3111
227 0.0830
228 0.2082
229 0.3334
230 0.6667
231 1.0000
232 0.5081
233 0.0162
234 0.01055
235 0.0049
236 0.2525
237 0.5001
238 0.2645
239 0.0289
240 0.01485
241 0.0008
242 0.08705
243 0.1733
244 0.10305
245 0.0328
246 0.05805
247 0.0833
248 0.16665
249 0.2500
250 0.2721
251 0.2942
252 0.23045
253 0.1667
254 0.1667
255 0.1667
256 0.115
257 0.0633
258 0.04675
259 0.0302
260 0.5153
261 1.0004
262 0.5256
263 0.0508
264 0.2754
265 0.5000
266 0.3871
267 0.2742
268 0.6371
269 1.0000
270 0.50045
271 0.0009
272 0.31665
273 0.6324
274 0.42545
275 0.2185
276 0.1132
277 0.0079
278 0.25395
279 0.5000
280 0.31935
281 0.1387
282 0.23605
283 0.3334
284 0.16725
285 0.0011
286 0.20815
287 0.4152
288 0.7088
289 1.0024
290 0.5427
291 0.0830
292 0.07615
293 0.0693
294 0.03905
295 0.0088
296 0.50475
297 1.0007
298 0.56285
299 0.1250
300 0.1155
301 0.1060
302 0.1407
303 0.1754
304 0.33775
305 0.5001
306 0.5
307 0.4999
308 0.2539
309 0.0079
310 0.01995
311 0.0320
312 0.266
313 0.5000
314 0.50385
315 0.5077
316 0.42055
317 0.3334
318 0.2667
319 0.2000
320 0.1969
321 0.1938
322 0.09775
323 0.0017
324 0.02365
325 0.0456
326 0.3695
327 0.6934
328 0.71065
329 0.7279
330 0.46395
331 0.2000
332 0.15315
333 0.1063
334 0.0993
335 0.0923
336 0.29615
337 0.5000
338 0.74995
339 0.9999
340 0.52695
341 0.0540
342 0.2506
343 0.4472
344 0.70895
345 0.9707
346 0.48615
347 0.0016
348 0.2508
349 0.5000
350 0.67305
351 0.8461
352 0.4235
353 0.0009
354 0.00405
355 0.0072
356 0.0065
357 0.0058
358 0.09215
359 0.1785
360 0.2142
361 0.2499
362 0.28395
363 0.3180
364 0.2672
365 0.2164
366 0.4246
367 0.6328
368 0.524
369 0.4152
370 0.45765
371 0.5001
372 0.26775
373 0.0354
374 0.10105
375 0.1667
376 0.58355
377 1.0004
378 0.55575
379 0.1111
380 0.45
381 0.7889
382 0.75835
383 0.7278
384 0.4639
385 0.2000
386 0.59985
387 0.9997
388 0.99985
389 1.0000
390 1.0002
391 1.0004
392 0.5751
393 0.1498
394 0.21355
395 0.2773
396 0.64315
397 1.0090
398 0.56695
399 0.1249
400 0.4178
401 0.7107
402 0.8553
403 0.9999
404 0.5011
405 0.0023
406 0.50115
407 1.0000
408 0.59995
409 0.1999
410 0.19995
411 0.2000
412 0.219
413 0.2380
414 0.51425
415 0.7905
416 0.89495
417 0.9994
418 0.8159
419 0.6324
420 0.4161
421 0.1998
422 0.60015
423 1.0005
424 0.52675
425 0.0530
426 0.1508
427 0.2486
428 0.3743
429 0.5000
430 0.74985
431 0.9997
432 0.99985
433 1.0000
434 0.8641
435 0.7282
436 0.5715
437 0.4148
438 0.5716
439 0.7284
440 0.86435
441 1.0003
442 0.86395
443 0.7276
444 0.8637
445 0.9998
446 0.5321
447 0.0644
448 0.28985
449 0.5153
450 0.29575
451 0.0762
452 0.23305
453 0.3899
454 0.5476
455 0.7053
456 0.5193
457 0.3333
458 0.6667
459 1.0001
460 0.5298
461 0.0595
462 0.2216
463 0.3837
464 0.54475
465 0.7058
466 0.46745
467 0.2291
468 0.61455
469 1.0000
470 0.55905
471 0.1181
472 0.55905
473 1.0000
474 0.9995
475 0.9990
476 0.9995
477 1.0000
478 0.53605
479 0.0721
480 0.4919
481 0.9117
482 0.49295
483 0.0742
484 0.0384
485 0.0026
486 0.1089
487 0.2152
488 0.2982
489 0.3812
490 0.19135
491 0.0015
492 0.0649
493 0.1283
494 0.564
495 0.9997
496 0.5038
497 0.0079
498 0.5039
499 0.9999
500 0.50045
501 0.0010
502 0.03885
503 0.0767
504 0.09685
505 0.1170
506 0.2662
507 0.4154
508 0.40925
509 0.4031
510 0.4477
511 0.4923
512 0.38485
513 0.2774
514 0.6386
515 0.9998
516 0.51995
517 0.0401
518 0.52
519 0.9999
520 0.6003
521 0.2007
522 0.60035
523 1.0000
524 0.6457
525 0.2914
526 0.34285
527 0.3943
528 0.2772
529 0.1601
530 0.1736
531 0.1871
532 0.25255
533 0.3180
534 0.23045
535 0.1429
536 0.5714
537 0.9999
538 1.0001
539 1.0003
540 1.0003
541 1.0003
542 0.5335
543 0.0667
544 0.53005
545 0.9934
546 0.9967
547 1.0000
548 0.5625
549 0.1250
550 0.1875
551 0.2500
552 0.62505
553 1.0001
554 1.00005
555 1.0000
556 0.70545
557 0.4109
558 0.4031
559 0.3953
560 0.2789
561 0.1625
562 0.19975
563 0.2370
564 0.22895
565 0.2209
566 0.6105
567 1.0001
568 0.96145
569 0.9228
570 0.6273
571 0.3318
572 0.6661
573 1.0004
574 1.0002
575 1.0000
576 0.61045
577 0.2209
578 0.1413
579 0.0617
580 0.115
581 0.1683
582 0.1387
583 0.1091
584 0.21895
585 0.3288
586 0.2373
587 0.1458
588 0.3229
589 0.5000
590 0.2686
591 0.0372
592 0.10785
593 0.1785
594 0.129
595 0.0795
596 0.0561
597 0.0327
598 0.07435
599 0.1160
600 0.1618
601 0.2076
602 0.13645
603 0.0653
604 0.06955
605 0.0738
606 0.38845
607 0.7031
608 0.4346
609 0.1661
610 0.17215
611 0.1782
612 0.58905
613 0.9999
614 0.55885
615 0.1178
616 0.0878
617 0.0578
618 0.04965
619 0.0415
620 0.0832
621 0.1249
622 0.07025
623 0.0156
624 0.02555
625 0.0355
626 0.5181
627 1.0007
628 0.5685
629 0.1363
630 0.11815
631 0.1000
632 0.0888
633 0.0776
634 0.20545
635 0.3333
636 0.6667
637 1.0001
638 0.52005
639 0.0400
640 0.52
641 1.0000
642 0.53285
643 0.0657
644 0.1715
645 0.2773
646 0.63865
647 1.0000
648 0.68605
649 0.3721
650 0.23605
651 0.1000
652 0.1165
653 0.1330
654 0.2741
655 0.4152
656 0.64075
657 0.8663
658 0.68315
659 0.5000
660 0.3887
661 0.2774
662 0.2387
663 0.2000
664 0.35
665 0.5000
666 0.4576
667 0.4152
668 0.21015
669 0.0051
670 0.003
671 0.0009
672 0.50045
673 1.0000
674 0.99975
675 0.9995
676 0.52915
677 0.0588
678 0.2706
679 0.4824
680 0.3096
681 0.1368
682 0.143
683 0.1492
684 0.2013
685 0.2534
686 0.62675
687 1.0001
688 1.00005
689 1.0000
690 0.55345
691 0.1069
692 0.08565
693 0.0644
694 0.2822
695 0.5000
696 0.2522
697 0.0044
698 0.3977
699 0.7910
700 0.52045
701 0.2499
702 0.37495
703 0.5000
704 0.41665
705 0.3333
706 0.1672
707 0.0011
708 0.13765
709 0.2742
710 0.6371
711 1.0000
712 0.625
713 0.2500
714 0.16655
715 0.0831
716 0.14155
717 0.2000
718 0.5997
719 0.9994
720 0.50145
721 0.0035
722 0.78525
723 1.5670
724 1.0335
725 0.5000
726 0.7484
727 0.9968
728 0.9984
729 1.0000
730 0.99985
731 0.9997
732 0.66655
733 0.3334
734 0.57635
735 0.8193
736 0.63325
737 0.4472
738 0.3486
739 0.2500
740 0.52045
741 0.7909
742 0.49545
743 0.2000
744 0.59975
745 0.9995
746 0.99985
747 1.0002
748 1.00015
749 1.0001
750 0.67685
751 0.3536
752 0.42675
753 0.4999
754 0.25045
755 0.0010
756 0.00095
757 0.0009
758 0.00075
759 0.0006
760 0.0005
761 0.0004
762 0.4856
763 0.9708
764 0.7354
765 0.5000
766 0.2522
767 0.0044
768 0.00335
769 0.0023
770 0.00175
771 0.0012
772 0.1256
773 0.2500
774 0.12575
775 0.0015
776 0.16735
777 0.3332
778 0.41685
779 0.5005
780 0.2511
781 0.0017
782 0.5008
783 0.9999
784 0.99995
785 1.0000
786 0.50095
787 0.0019
788 0.5013
789 1.0007
790 1.00085
791 1.0010
792 1.0001
793 0.9992
794 0.86355
795 0.7279
796 0.86395
797 1.0000
798 0.50085
799 0.0017
800 0.00155
801 0.0014
802 0.00105
803 0.0007
804 0.4976
805 0.9945
806 0.99725
807 1.0000
808 0.6
809 0.2000
810 0.59965
811 0.9993
812 0.5007
813 0.0021
814 0.49805
815 0.9940
816 0.99725
817 1.0005
818 1.0003
819 1.0001
820 0.9097
821 0.8193
822 0.70925
823 0.5992
824 0.5205
825 0.4418
826 0.7215
827 1.0012
828 0.5015
829 0.0018
830 0.5016
831 1.0014
832 1.00065
833 0.9999
834 1.00015
835 1.0004
836 1.0002
837 1.0000
838 0.5004
839 0.0008
840 0.5008
841 1.0008
842 1.00075
843 1.0007
844 1.0003
845 0.9999
846 0.6666
847 0.3333
848 0.23065
849 0.1280
850 0.18115
851 0.2343
852 0.12245
853 0.0106
854 0.03295
855 0.0553
856 0.04475
857 0.0342
858 0.1437
859 0.2532
860 0.20995
861 0.1667
862 0.2334
863 0.3001
864 0.38525
865 0.4704
866 0.23765
867 0.0049
868 0.113
869 0.2211
870 0.3879
871 0.5547
872 0.40235
873 0.2500
874 0.15225
875 0.0545
876 0.15825
877 0.2620
878 0.14395
879 0.0259
880 0.17195
881 0.3180
882 0.65885
883 0.9997
884 0.5095
885 0.0193
886 0.0186
887 0.0179
888 0.05525
889 0.0926
890 0.0691
891 0.0456
892 0.04605
893 0.0465
894 0.0377
895 0.0289
896 0.1116
897 0.1943
898 0.1225
899 0.0507
900 0.5557
901 1.0607
902 0.69675
903 0.3328
904 0.33305
905 0.3333
906 0.25
907 0.1667
908 0.09245
909 0.0182
910 0.03335
911 0.0485
912 0.0336
913 0.0187
914 0.0122
915 0.0057
916 0.00375
917 0.0018
918 0.002
919 0.0022
920 0.00445
921 0.0067
922 0.06565
923 0.1246
924 0.1873
925 0.2500
926 0.1372
927 0.0244
928 0.0365
929 0.0486
930 0.03425
931 0.0199
932 0.1527
933 0.2855
934 0.15465
935 0.0238
936 0.2629
937 0.5020
938 0.26265
939 0.0233
940 0.0158
941 0.0083
942 0.50445
943 1.0006
944 0.75035
945 0.5001
946 0.3223
947 0.1445
948 0.0839
949 0.0233
950 0.01335
951 0.0034
952 0.1017
953 0.2000
954 0.3499
955 0.4998
956 0.75005
957 1.0003
958 0.62515
959 0.2500
960 0.1301
961 0.0102
962 0.53545
963 1.0607
964 0.53085
965 0.0010
966 0.00095
967 0.0009
968 0.0028
969 0.0047
970 0.02515
971 0.0456
972 0.1478
973 0.2500
974 0.2965
975 0.3430
976 0.2715
977 0.2000
978 0.60005
979 1.0001
980 1
981 0.9999
982 0.7499
983 0.4999
984 0.74965
985 0.9994
986 0.50245
987 0.0055
988 0.00415
989 0.0028
990 0.0018
991 0.0008
992 0.00065
993 0.0005
994 0.50005
995 0.9996
996 0.5018
997 0.0040
998 0.00275
999 0.0015
1000 0.3165
1001 0.6315
1002 0.81575
1003 1.0000
1004 0.50065
1005 0.0013
1006 0.0012
1007 0.0011
1008 0.5005
1009 0.9999
1010 1.00005
1011 1.0002
1012 1.00025
1013 1.0003
1014 0.9995
1015 0.9987
1016 0.9975
1017 0.9963
1018 0.4993
1019 0.0023
1020 0.50115
1021 1.0000
1022 0.5016
1023 0.0032
1024 0.2516
1025 0.5000
1026 0.75015
1027 1.0003
1028 0.75015
1029 0.5000
1030 0.7499
1031 0.9998
1032 0.5076
1033 0.0154
1034 0.5077
1035 1.0000
1036 0.99975
1037 0.9995
1038 0.5004
1039 0.0013
1040 0.5007
1041 1.0001
1042 0.9846
1043 0.9691
1044 0.48575
1045 0.0024
1046 0.50095
1047 0.9995
1048 0.50025
1049 0.0010
1050 0.5005
1051 1.0000
1052 0.50095
1053 0.0019
1054 0.50095
1055 1.0000
1056 0.6251
1057 0.2502
1058 0.62535
1059 1.0005
1060 1.00025
1061 1.0000
1062 0.50065
1063 0.0013
1064 0.00095
1065 0.0006
1066 0.4999
1067 0.9992
1068 0.5087
1069 0.0182
1070 0.50915
1071 1.0001
1072 0.99985
1073 0.9996
1074 0.9998
1075 1.0000
1076 0.81625
1077 0.6325
1078 0.5662
1079 0.4999
1080 0.2509
1081 0.0019
1082 0.501
1083 1.0001
1084 0.86385
1085 0.7276
1086 0.8641
1087 1.0006
1088 0.7503
1089 0.5000
1090 0.78035
1091 1.0607
1092 1.0304
1093 1.0001
1094 1.0002
1095 1.0003
1096 0.5006
1097 0.0009
1098 0.00075
1099 0.0006
1100 0.10025
1101 0.1999
1102 0.1005
1103 0.0011
1104 0.0008
1105 0.0005
1106 0.5003
1107 1.0001
1108 1.00005
1109 1.0000
1110 1.00005
1111 1.0001
1112 1.00005
1113 1.0000
1114 0.86385
1115 0.7277
1116 0.46385
1117 0.2000
1118 0.5998
1119 0.9996
1120 1.0003
1121 1.0010
1122 0.50125
1123 0.0015
1124 0.00105
1125 0.0006
1126 0.50025
1127 0.9999
1128 0.9987
1129 0.9975
1130 0.7488
1131 0.5001
1132 0.74725
1133 0.9944
1134 0.9974
1135 1.0004
1136 1.0002
1137 1.0000
1138 0.5015
1139 0.0030
1140 0.5016
1141 1.0002
1142 1
1143 0.9998
1144 0.50495
1145 0.0101
1146 0.10505
1147 0.2000
1148 0.5999
1149 0.9998
1150 0.5999
1151 0.2000
1152 0.60035
1153 1.0007
1154 0.63905
1155 0.2774
1156 0.63865
1157 0.9999
1158 0.59995
1159 0.2000
1160 0.6
1161 1.0000
1162 1
1163 1.0000
1164 0.9999
1165 0.9998
1166 1.0004
1167 1.0010
1168 0.60045
1169 0.1999
1170 0.5997
1171 0.9995
1172 0.74965
1173 0.4998
1174 0.5661
1175 0.6324
1176 0.3167
1177 0.0010
1178 0.49995
1179 0.9989
1180 0.99945
1181 1.0000
1182 1
1183 1.0000
1184 0.6
1185 0.2000
1186 0.60005
1187 1.0001
1188 0.89525
1189 0.7904
1190 0.4952
1191 0.2000
1192 0.2
1193 0.2000
1194 0.6022
1195 1.0044
1196 0.66105
1197 0.3177
1198 0.29755
1199 0.2774
1200 0.29755
1201 0.3177
1202 0.6588
1203 0.9999
1204 0.74995
1205 0.5000
1206 0.2542
1207 0.0084
1208 0.01435
1209 0.0203
1210 0.0132
1211 0.0061
1212 0.02935
1213 0.0526
1214 0.0526
1215 0.0526
1216 0.03815
1217 0.0237
1218 0.0176
1219 0.0115
1220 0.0068
1221 0.0021
1222 0.0465
1223 0.0909
1224 0.0788
1225 0.0667
1226 0.2413
1227 0.4159
1228 0.2509
1229 0.0859
1230 0.0713
1231 0.0567
1232 0.11605
1233 0.1754
1234 0.2127
1235 0.2500
1236 0.25005
1237 0.2501
1238 0.41135
1239 0.5726
1240 0.71055
1241 0.8485
1242 0.5909
1243 0.3333
1244 0.31235
1245 0.2914
1246 0.18735
1247 0.0833
1248 0.14165
1249 0.2000
1250 0.125
1251 0.0500
1252 0.5249
1253 0.9998
1254 0.504
1255 0.0082
1256 0.07645
1257 0.1447
1258 0.0765
1259 0.0083
1260 0.50415
1261 1.0000
1262 0.75
1263 0.5000
1264 0.4559
1265 0.4118
1266 0.22625
1267 0.0407
1268 0.12035
1269 0.2000
1270 0.1005
1271 0.0010
1272 0.05905
1273 0.1171
1274 0.2528
1275 0.3885
1276 0.6942
1277 0.9999
1278 0.6802
1279 0.3605
1280 0.23875
1281 0.1170
1282 0.0785
1283 0.0400
1284 0.05845
1285 0.0769
1286 0.2245
1287 0.3721
1288 0.3247
1289 0.2773
1290 0.4549
1291 0.6325
1292 0.367
1293 0.1015
1294 0.0892
1295 0.0769
1296 0.1771
1297 0.2773
1298 0.13915
1299 0.0010
1300 0.5004
1301 0.9998
1302 0.5584
1303 0.1170
1304 0.5587
1305 1.0004
1306 1.00025
1307 1.0001
1308 1.00005
1309 1.0000
1310 0.50065
1311 0.0013
1312 0.10065
1313 0.2000
1314 0.37735
1315 0.5547
1316 0.4541
1317 0.3535
1318 0.17765
1319 0.0018
1320 0.00115
1321 0.0005
1322 0.3958
1323 0.7911
1324 0.89555
1325 1.0000
1326 0.99995
1327 0.9999
1328 0.5415
1329 0.0831
1330 0.54145
1331 0.9998
1332 0.50025
1333 0.0007
1334 0.10035
1335 0.2000
1336 0.1013
1337 0.0026
1338 0.50125
1339 0.9999
1340 0.50075
1341 0.0016
1342 0.001
1343 0.0004
1344 0.50025
1345 1.0001
1346 0.8636
1347 0.7271
1348 0.8635
1349 0.9999
1350 0.59975
1351 0.1996
1352 0.101
1353 0.0024
1354 0.49865
1355 0.9949
1356 0.89275
1357 0.7906
1358 0.89525
1359 0.9999
1360 0.59995
1361 0.2000
1362 0.6
1363 1.0000
1364 0.86315
1365 0.7263
1366 0.46315
1367 0.2000
1368 0.6004
1369 1.0008
1370 0.6004
1371 0.2000
1372 0.60005
1373 1.0001
1374 0.64735
1375 0.2946
1376 0.4635
1377 0.6324
1378 0.31765
1379 0.0029
1380 0.0019
1381 0.0009
1382 0.22405
1383 0.4472
1384 0.37255
1385 0.2979
1386 0.31565
1387 0.3334
1388 0.6665
1389 0.9996
1390 0.6248
1391 0.2500
1392 0.12555
1393 0.0011
1394 0.00095
1395 0.0008
1396 0.5004
1397 1.0000
1398 0.97135
1399 0.9427
1400 0.5746
1401 0.2065
1402 0.60325
1403 1.0000
1404 0.5007
1405 0.0014
1406 0.3645
1407 0.7276
1408 0.8638
1409 1.0000
1410 0.9999
1411 0.9998
1412 0.9998
1413 0.9998
1414 0.50085
1415 0.0019
1416 0.5011
1417 1.0003
1418 0.50075
1419 0.0012
1420 0.5007
1421 1.0002
1422 1.0003
1423 1.0004
1424 1.0002
1425 1.0000
1426 0.75005
1427 0.5001
1428 0.25355
1429 0.0070
1430 0.5035
1431 1.0000
1432 1.00025
1433 1.0005
1434 0.50075
1435 0.0010
1436 0.5308
1437 1.0606
1438 1.03035
1439 1.0001
1440 0.75005
1441 0.5000
1442 0.75
1443 1.0000
1444 0.50095
1445 0.0019
1446 0.5011
1447 1.0003
1448 1.0004
1449 1.0005
1450 1.00025
1451 1.0000
1452 0.50055
1453 0.0011
1454 0.5005
1455 0.9999
1456 0.9997
1457 0.9995
1458 0.9997
1459 0.9999
1460 0.99985
1461 0.9998
1462 0.99945
1463 0.9991
1464 0.99935
1465 0.9996
1466 0.8636
1467 0.7276
1468 0.36445
1469 0.0013
1470 0.50055
1471 0.9998
1472 0.7054
1473 0.4110
1474 0.2061
1475 0.0012
1476 0.50055
1477 0.9999
1478 0.9999
1479 0.9999
1480 0.50065
1481 0.0014
1482 0.50065
1483 0.9999
1484 1.0001
1485 1.0003
1486 0.50225
1487 0.0042
1488 0.50215
1489 1.0001
1490 0.99995
1491 0.9998
1492 0.5005
1493 0.0012
1494 0.50065
1495 1.0001
1496 0.50145
1497 0.0028
1498 0.5016
1499 1.0004
1500 1.0002
1501 1.0000
1502 0.5007
1503 0.0014
1504 0.00125
1505 0.0011
1506 0.5005
1507 0.9999
1508 0.74995
1509 0.5000
1510 0.74995
1511 0.9999
1512 0.74995
1513 0.5000
1514 0.4166
1515 0.3332
1516 0.16765
1517 0.0021
1518 0.5009
1519 0.9997
1520 0.50065
1521 0.0016
1522 0.5009
1523 1.0002
1524 0.99995
1525 0.9997
1526 0.50085
1527 0.0020
1528 0.53135
1529 1.0607
1530 0.534
1531 0.0073
1532 0.50375
1533 1.0002
1534 1.00045
1535 1.0007
1536 0.5644
1537 0.1281
1538 0.1853
1539 0.2425
1540 0.62155
1541 1.0006
1542 1.00005
1543 0.9995
1544 0.99965
1545 0.9998
1546 0.5547
1547 0.1096
1548 0.1548
1549 0.2000
1550 0.46375
1551 0.7275
1552 0.8637
1553 0.9999
1554 0.99995
1555 1.0000
1556 0.6
1557 0.2000
1558 0.60015
1559 1.0003
1560 0.7502
1561 0.5001
1562 0.2506
1563 0.0011
1564 0.25055
1565 0.5000
1566 0.35
1567 0.2000
1568 0.60005
1569 1.0001
1570 0.5007
1571 0.0013
1572 0.2506
1573 0.4999
1574 0.3883
1575 0.2767
1576 0.14025
1577 0.0038
1578 0.0031
1579 0.0024
1580 0.0015
1581 0.0006
1582 0.2929
1583 0.5852
1584 0.45925
1585 0.3333
1586 0.16725
1587 0.0012
1588 0.16725
1589 0.3333
1590 0.6666
1591 0.9999
1592 0.75
1593 0.5001
1594 0.25165
1595 0.0032
1596 0.2515
1597 0.4998
1598 0.5
1599 0.5002
1600 0.31365
1601 0.1271
1602 0.31355
1603 0.5000
1604 0.7502
1605 1.0004
1606 0.50325
1607 0.0061
1608 0.503
1609 0.9999
1610 0.5999
1611 0.1999
1612 0.59445
1613 0.9890
1614 0.7159
1615 0.4428
1616 0.24135
1617 0.0399
1618 0.51995
1619 1.0000
1620 0.5006
1621 0.0012
1622 0.00085
1623 0.0005
1624 0.00055
1625 0.0006
1626 0.5005
1627 1.0004
1628 1
1629 0.9996
1630 0.8636
1631 0.7276
1632 0.3646
1633 0.0016
1634 0.5006
1635 0.9996
1636 0.99975
1637 0.9999
1638 0.50075
1639 0.0016
1640 0.00135
1641 0.0011
1642 0.49985
1643 0.9986
1644 0.99945
1645 1.0003
1646 1.00015
1647 1.0000
1648 1.00005
1649 1.0001
1650 0.9996
1651 0.9991
1652 1.00365
1653 1.0082
1654 0.56565
1655 0.1231
1656 0.06275
1657 0.0024
1658 0.0019
1659 0.0014
1660 0.5007
1661 1.0000
1662 1.00005
1663 1.0001
1664 0.50075
1665 0.0014
1666 0.00115
1667 0.0009
1668 0.50045
1669 1.0000
1670 0.65355
1671 0.3071
1672 0.25355
1673 0.2000
1674 0.3044
1675 0.4088
1676 0.24285
1677 0.0769
1678 0.2051
1679 0.3333
1680 0.1672
1681 0.0011
1682 0.4859
1683 0.9707
1684 0.7353
1685 0.4999
1686 0.74995
1687 1.0000
1688 0.50295
1689 0.0059
1690 0.3668
1691 0.7277
1692 0.86385
1693 1.0000
1694 1.00005
1695 1.0001
1696 1.00005
1697 1.0000
1698 0.625
1699 0.2500
1700 0.6246
1701 0.9992
1702 0.7496
1703 0.5000
1704 0.58535
1705 0.6707
1706 0.5855
1707 0.5003
1708 0.5664
1709 0.6325
1710 0.44125
1711 0.2500
1712 0.44125
1713 0.6325
1714 0.6325
1715 0.6325
1716 0.8163
1717 1.0001
1718 1.00025
1719 1.0004
1720 0.75405
1721 0.5077
1722 0.7571
1723 1.0065
1724 1.0031
1725 0.9997
1726 0.86475
1727 0.7298
1728 0.6811
1729 0.6324
1730 0.5662
1731 0.5000
1732 0.50005
1733 0.5001
1734 0.3887
1735 0.2773
1736 0.38865
1737 0.5000
1738 0.75005
1739 1.0001
1740 0.7055
1741 0.4109
1742 0.2582
1743 0.1055
1744 0.3027
1745 0.4999
1746 0.25045
1747 0.0010
1748 0.5004
1749 0.9998
1750 0.5013
1751 0.0028
1752 0.3368
1753 0.6708
1754 0.8354
1755 1.0000
1756 0.50115
1757 0.0023
1758 0.5013
1759 1.0003
1760 1.00065
1761 1.0010
1762 0.75055
1763 0.5001
1764 0.75005
1765 1.0000
1766 0.9999
1767 0.9998
1768 0.5584
1769 0.1170
1770 0.148
1771 0.1790
1772 0.3395
1773 0.5000
1774 0.5
1775 0.5000
1776 0.75005
1777 1.0001
1778 1.0001
1779 1.0001
1780 0.6213
1781 0.2425
1782 0.2927
1783 0.3429
1784 0.4877
1785 0.6325
1786 0.816
1787 0.9995
1788 0.99975
1789 1.0000
1790 0.99955
1791 0.9991
1792 0.99955
1793 1.0000
1794 0.9999
1795 0.9998
1796 0.5012
1797 0.0026
1798 0.5012
1799 0.9998
1800 0.86375
1801 0.7277
1802 0.46385
1803 0.2000
1804 0.20025
1805 0.2005
1806 0.18245
1807 0.1644
1808 0.10415
1809 0.0439
1810 0.5219
1811 0.9999
1812 0.74995
1813 0.5000
1814 0.35335
1815 0.2067
1816 0.41955
1817 0.6324
1818 0.5238
1819 0.4152
1820 0.27695
1821 0.1387
1822 0.40475
1823 0.6708
1824 0.5608
1825 0.4508
1826 0.3254
1827 0.2000
1828 0.4633
1829 0.7266
1830 0.8632
1831 0.9998
1832 0.62765
1833 0.2555
1834 0.1649
1835 0.0743
1836 0.2729
1837 0.4715
1838 0.4434
1839 0.4153
1840 0.30765
1841 0.2000
1842 0.20005
1843 0.2001
1844 0.2014
1845 0.2027
1846 0.1021
1847 0.0015
1848 0.5007
1849 0.9999
1850 0.99985
1851 0.9998
1852 0.6386
1853 0.2774
1854 0.63885
1855 1.0003
1856 0.75015
1857 0.5000
1858 0.7497
1859 0.9994
1860 0.5005
1861 0.0016
1862 0.2508
1863 0.5000
1864 0.6138
1865 0.7276
1866 0.4053
1867 0.0830
1868 0.2473
1869 0.4116
1870 0.3515
1871 0.2914
1872 0.31875
1873 0.3461
1874 0.2061
1875 0.0661
1876 0.48975
1877 0.9134
1878 0.51615
1879 0.1189
1880 0.1288
1881 0.1387
1882 0.1378
1883 0.1369
1884 0.5468
1885 0.9567
1886 0.97865
1887 1.0006
1888 0.66695
1889 0.3333
1890 0.5617
1891 0.7901
1892 0.5443
1893 0.2985
1894 0.6492
1895 0.9999
1896 0.64655
1897 0.2932
1898 0.64645
1899 0.9997
1900 0.86365
1901 0.7276
1902 0.68
1903 0.6324
1904 0.48925
1905 0.3461
1906 0.298
1907 0.2499
1908 1.0599
1909 1.8699
1910 1.0601
1911 0.2503
1912 0.2841
1913 0.3179
1914 0.65895
1915 1.0000
1916 0.625
1917 0.2500
1918 0.62505
1919 1.0001
1920 1.0001
1921 1.0001
1922 0.6861
1923 0.3721
1924 0.4787
1925 0.5853
1926 0.3878
1927 0.1903
1928 0.09585
1929 0.0014
1930 0.07215
1931 0.1429
1932 0.0721
1933 0.0013
1934 0.10065
1935 0.2000
1936 0.5999
1937 0.9998
1938 0.6581
1939 0.3164
1940 0.29125
1941 0.2661
1942 0.63305
1943 1.0000
1944 0.67675
1945 0.3535
1946 0.493
1947 0.6325
1948 0.6322
1949 0.6319
1950 0.60855
1951 0.5852
1952 0.7925
1953 0.9998
1954 0.8637
1955 0.7276
1956 0.5305
1957 0.3334
1958 0.2292
1959 0.1250
1960 0.27015
1961 0.4153
1962 0.29335
1963 0.1714
1964 0.26565
1965 0.3599
1966 0.259
1967 0.1581
1968 0.1707
1969 0.1833
1970 0.1833
1971 0.1833
1972 0.1375
1973 0.0917
1974 0.15345
1975 0.2152
1976 0.15835
1977 0.1015
1978 0.138
1979 0.1745
1980 0.1257
1981 0.0769
1982 0.28845
1983 0.5000
1984 0.44715
1985 0.3943
1986 0.26785
1987 0.1414
1988 0.2297
1989 0.3180
1990 0.366
1991 0.4140
1992 0.3444
1993 0.2748
1994 0.33165
1995 0.3885
1996 0.24915
1997 0.1098
1998 0.0573
1999 0.0048
2000 0.13545
2001 0.2661
2002 0.33895
2003 0.4118
2004 0.3059
2005 0.2000
2006 0.2995
2007 0.3990
2008 0.3392
2009 0.2794
2010 0.2582
2011 0.2370
2012 0.1879
2013 0.1388
2014 0.1199
2015 0.1010
2016 0.1089
2017 0.1168
2018 0.17085
2019 0.2249
2020 0.11325
2021 0.0016
2022 0.14655
2023 0.2915
2024 0.6457
2025 0.9999
2026 0.59995
2027 0.2000
2028 0.4638
2029 0.7276
2030 0.5228
2031 0.3180
2032 0.259
2033 0.2000
2034 0.4638
2035 0.7276
2036 0.4638
2037 0.2000
2038 0.28605
2039 0.3721
2040 0.33175
2041 0.2914
2042 0.14715
2043 0.0029
2044 0.2091
2045 0.4153
2046 0.37205
2047 0.3288
2048 0.29745
2049 0.2661
2050 0.29205
2051 0.3180
2052 0.3172
2053 0.3164
2054 0.65815
2055 0.9999
2056 0.5833
2057 0.1667
2058 0.22205
2059 0.2774
2060 0.43135
2061 0.5853
2062 0.65645
2063 0.7276
2064 0.5874
2065 0.4472
2066 0.34345
2067 0.2397
2068 0.41245
2069 0.5852
2070 0.3926
2071 0.2000
2072 0.59975
2073 0.9995
2074 0.59975
2075 0.2000
2076 0.2644
2077 0.3288
2078 0.1844
2079 0.0400
2080 0.52
2081 1.0000
2082 0.9997
2083 0.9994
2084 0.9997
2085 1.0000
2086 0.625
2087 0.2500
2088 0.31105
2089 0.3721
2090 0.2245
2091 0.0769
2092 0.53845
2093 1.0000
2094 0.6
2095 0.2000
2096 0.35
2097 0.5000
2098 0.4576
2099 0.4152
2100 0.39365
2101 0.3721
2102 0.68605
2103 1.0000
2104 0.99895
2105 0.9979
2106 0.86275
2107 0.7276
2108 0.8638
2109 1.0000
2110 0.557
2111 0.1140
2112 0.28145
2113 0.4489
2114 0.32445
2115 0.2000
2116 0.60015
2117 1.0003
2118 0.70775
2119 0.4152
2120 0.4576
2121 0.5000
2122 0.3393
2123 0.1786
2124 0.23855
2125 0.2985
2126 0.64925
2127 1.0000
2128 0.8638
2129 0.7276
2130 0.86405
2131 1.0005
2132 1.00005
2133 0.9996
2134 0.9998
2135 1.0000
2136 0.6859
2137 0.3718
2138 0.68555
2139 0.9993
2140 1.00005
2141 1.0008
2142 0.6391
2143 0.2774
2144 0.3887
2145 0.5000
2146 0.56615
2147 0.6323
2148 0.537
2149 0.4417
2150 0.6978
2151 0.9539
2152 0.60195
2153 0.2500
2154 0.22495
2155 0.1999
2156 0.1371
2157 0.0743
2158 0.22325
2159 0.3722
2160 0.2568
2161 0.1414
2162 0.09845
2163 0.0555
2164 0.0279
2165 0.0003
2166 0.1668
2167 0.3333
2168 0.39205
2169 0.4508
2170 0.50835
2171 0.5659
2172 0.3588
2173 0.1517
2174 0.24735
2175 0.3430
2176 0.2144
2177 0.0858
2178 0.0629
2179 0.0400
2180 0.14365
2181 0.2473
2182 0.18765
2183 0.1280
2184 0.24075
2185 0.3535
2186 0.51215
2187 0.6708
2188 0.3674
2189 0.0640
2190 0.50335
2191 0.9427
2192 0.72135
2193 0.5000
2194 0.2947
2195 0.0894
2196 0.11615
2197 0.1429
2198 0.07175
2199 0.0006
2200 0.5003
2201 1.0000
2202 0.62125
2203 0.2425
2204 0.37135
2205 0.5002
2206 0.2635
2207 0.0268
2208 0.04495
2209 0.0631
2210 0.16325
2211 0.2634
2212 0.14945
2213 0.0355
2214 0.212
2215 0.3885
2216 0.19455
2217 0.0006
2218 0.02175
2219 0.0429
2220 0.04005
2221 0.0372
2222 0.36725
2223 0.6973
2224 0.3494
2225 0.0015
2226 0.02075
2227 0.0400
2228 0.06815
2229 0.0963
2230 0.28385
2231 0.4714
2232 0.2768
2233 0.0822
2234 0.15825
2235 0.2343
2236 0.24215
2237 0.2500
2238 0.1665
2239 0.0830
2240 0.121
2241 0.1590
2242 0.11795
2243 0.0769
2244 0.07115
2245 0.0654
2246 0.03305
2247 0.0007
2248 0.01545
2249 0.0302
2250 0.06325
2251 0.0963
2252 0.11065
2253 0.1250
2254 0.07295
2255 0.0209
2256 0.02555
2257 0.0302
2258 0.1087
2259 0.1872
2260 0.0955
2261 0.0038
2262 0.11795
2263 0.2321
2264 0.1421
2265 0.0521
2266 0.04555
2267 0.0390
2268 0.01995
2269 0.0009
2270 0.13915
2271 0.2774
2272 0.30535
2273 0.3333
2274 0.22555
2275 0.1178
2276 0.2648
2277 0.4118
2278 0.3059
2279 0.2000
2280 0.225
2281 0.2500
2282 0.2721
2283 0.2942
2284 0.18555
2285 0.0769
2286 0.1175
2287 0.1581
2288 0.1934
2289 0.2287
2290 0.21425
2291 0.1998
2292 0.1363
2293 0.0728
2294 0.1186
2295 0.1644
2296 0.1238
2297 0.0832
2298 0.1286
2299 0.1740
2300 0.58935
2301 1.0047
2302 0.50355
2303 0.0024
2304 0.1012
2305 0.2000
2306 0.1195
2307 0.0390
2308 0.1334
2309 0.2278
2310 0.12025
2311 0.0127
2312 0.0205
2313 0.0283
2314 0.0557
2315 0.0831
2316 0.1188
2317 0.1545
2318 0.5777
2319 1.0009
2320 0.5532
2321 0.1055
2322 0.38815
2323 0.6708
2324 0.3503
2325 0.0298
2326 0.01585
2327 0.0019
2328 0.50095
2329 1.0000
2330 0.50175
2331 0.0035
2332 0.012
2333 0.0205
2334 0.5102
2335 0.9999
2336 0.59995
2337 0.2000
2338 0.1228
2339 0.0456
2340 0.08685
2341 0.1281
2342 0.20275
2343 0.2774
2344 0.3887
2345 0.5000
2346 0.3395
2347 0.1790
2348 0.33965
2349 0.5003
2350 0.4995
2351 0.4987
2352 0.5267
2353 0.5547
2354 0.444
2355 0.3333
2356 0.50205
2357 0.6708
2358 0.3359
2359 0.0010
2360 0.5005
2361 1.0000
2362 0.7501
2363 0.5002
2364 0.75045
2365 1.0007
2366 1.00025
2367 0.9998
2368 0.5005
2369 0.0012
2370 0.2506
2371 0.5000
2372 0.29155
2373 0.0831
2374 0.5416
2375 1.0001
2376 0.5009
2377 0.0017
2378 0.07025
2379 0.1388
2380 0.073
2381 0.0072
2382 0.5036
2383 1.0000
2384 0.9984
2385 0.9968
2386 1.02915
2387 1.0615
2388 1.0308
2389 1.0001
2390 1
2391 0.9999
2392 0.81615
2393 0.6324
2394 0.5663
2395 0.5002
2396 0.7501
2397 1.0000
2398 0.5006
2399 0.0012
2400 0.5008
2401 1.0004
2402 0.99735
2403 0.9943
2404 0.49795
2405 0.0016
2406 0.50085
2407 1.0001
2408 0.7501
2409 0.5001
2410 0.6139
2411 0.7277
2412 0.46385
2413 0.2000
2414 0.34995
2415 0.4999
2416 0.7805
2417 1.0611
2418 1.03055
2419 1.0000
2420 0.9996
2421 0.9992
2422 0.99955
2423 0.9999
2424 0.5013
2425 0.0027
2426 0.5014
2427 1.0001
2428 0.50635
2429 0.0126
2430 0.02125
2431 0.0299
2432 0.0803
2433 0.1307
2434 0.2173
2435 0.3039
2436 0.15905
2437 0.0142
2438 0.01315
2439 0.0121
2440 0.02915
2441 0.0462
2442 0.0302
2443 0.0142
2444 0.29165
2445 0.5691
2446 0.357
2447 0.1449
2448 0.124
2449 0.1031
2450 0.0631
2451 0.0231
2452 0.0151
2453 0.0071
2454 0.15835
2455 0.3096
2456 0.1616
2457 0.0136
2458 0.00775
2459 0.0019
