R P
1 0.4573
2 0.2417
3 0.0261
4 0.02525
5 0.0244
6 0.02155
7 0.0187
8 0.25935
9 0.5000
10 0.5
11 0.5000
12 0.25235
13 0.0047
14 0.0184
15 0.0321
16 0.3323
17 0.6325
18 0.61625
19 0.6000
20 0.46665
21 0.3333
22 0.4149
23 0.4965
24 0.2522
25 0.0079
26 0.02045
27 0.0330
28 0.08465
29 0.1363
30 0.23965
31 0.3430
32 0.261
33 0.1790
34 0.09185
35 0.0047
36 0.16995
37 0.3352
38 0.3343
39 0.3334
40 0.25005
41 0.1667
42 0.3607
43 0.5547
44 0.41335
45 0.2720
46 0.239
47 0.2060
48 0.60305
49 1.0001
50 0.5297
51 0.0593
52 0.04855
53 0.0378
54 0.0733
55 0.1088
56 0.55505
57 1.0013
58 1.0308
59 1.0603
60 0.95325
61 0.8462
62 0.4237
63 0.0012
64 0.25065
65 0.5001
66 0.25085
67 0.0016
68 0.05935
69 0.1171
70 0.39395
71 0.6708
72 0.5122
73 0.3536
74 0.3789
75 0.4042
76 0.28545
77 0.1667
78 0.2001
79 0.2335
80 0.14495
81 0.0564
82 0.0463
83 0.0362
84 0.11155
85 0.1869
86 0.1758
87 0.1647
88 0.10415
89 0.0436
90 0.1085
91 0.1734
92 0.5867
93 1.0000
94 0.5044
95 0.0088
96 0.03925
97 0.0697
98 0.05335
99 0.0370
100 0.38225
101 0.7275
102 0.86365
103 0.9998
104 0.99995
105 1.0001
106 0.99985
107 0.9996
108 0.5016
109 0.0036
110 0.03305
111 0.0625
112 0.53135
113 1.0002
114 0.9997
115 0.9992
116 0.50035
117 0.0015
118 0.5007
119 0.9999
120 0.50115
121 0.0024
122 0.50115
123 0.9999
124 1.00025
125 1.0006
126 1.00035
127 1.0001
128 1.0001
129 1.0001
130 0.7496
131 0.4991
132 0.49965
133 0.5002
134 0.75005
135 0.9999
136 0.75
137 0.5001
138 0.4994
139 0.4987
140 0.7494
141 1.0001
142 0.99955
143 0.9990
144 0.99935
145 0.9997
146 0.74975
147 0.4998
148 0.7499
149 1.0000
150 0.99995
151 0.9999
152 1.0001
153 1.0003
154 1.03045
155 1.0606
156 0.57575
157 0.0909
158 0.0654
159 0.0399
160 0.0354
161 0.0309
162 0.10495
163 0.1790
164 0.58945
165 0.9999
166 0.58975
167 0.1796
168 0.1141
169 0.0486
170 0.07225
171 0.0959
172 0.11855
173 0.1412
174 0.46605
175 0.7909
176 0.3959
177 0.0009
178 0.14035
179 0.2798
180 0.3065
181 0.3332
182 0.23625
183 0.1393
184 0.10865
185 0.0780
186 0.07485
187 0.0717
188 0.0705
189 0.0693
190 0.07105
191 0.0728
192 0.31375
193 0.5547
194 0.3745
195 0.1943
196 0.1798
197 0.1653
198 0.08725
199 0.0092
200 0.0246
201 0.0400
202 0.03065
203 0.0213
204 0.0625
205 0.1037
206 0.08125
207 0.0588
208 0.0416
209 0.0244
210 0.15565
211 0.2869
212 0.1976
213 0.1083
214 0.057
215 0.0057
216 0.0725
217 0.1393
218 0.1069
219 0.0745
220 0.10685
221 0.1392
222 0.1241
223 0.1090
224 0.07425
225 0.0395
226 0.05815
227 0.0768
228 0.0884
229 0.1000
230 0.2429
231 0.3858
232 0.24235
233 0.0989
234 0.06805
235 0.0372
236 0.06265
237 0.0881
238 0.0799
239 0.0717
240 0.0832
241 0.0947
242 0.31445
243 0.5342
244 0.37255
245 0.2109
246 0.15845
247 0.1060
248 0.0985
249 0.0910
250 0.0469
251 0.0028
252 0.0264
253 0.0500
254 0.06045
255 0.0709
256 0.0559
257 0.0409
258 0.069
259 0.0971
260 0.1339
261 0.1707
262 0.1323
263 0.0939
264 0.07395
265 0.0540
266 0.06985
267 0.0857
268 0.0618
269 0.0379
270 0.06935
271 0.1008
272 0.06225
273 0.0237
274 0.05545
275 0.0872
276 0.1357
277 0.1842
278 0.13345
279 0.0827
280 0.2287
281 0.3747
282 0.22475
283 0.0748
284 0.03805
285 0.0013
286 0.10065
287 0.2000
288 0.13035
289 0.0607
290 0.0586
291 0.0565
292 0.05155
293 0.0466
294 0.0262
295 0.0058
296 0.0294
297 0.0530
298 0.04
299 0.0270
300 0.0418
301 0.0566
302 0.07605
303 0.0955
304 0.0745
305 0.0535
306 0.09715
307 0.1408
308 0.35675
309 0.5727
310 0.29025
311 0.0078
312 0.0512
313 0.0946
314 0.2292
315 0.3638
316 0.19935
317 0.0349
318 0.02125
319 0.0076
320 0.03385
321 0.0601
322 0.23555
323 0.4110
324 0.2705
325 0.1300
326 0.18215
327 0.2343
328 0.4659
329 0.6975
330 0.48485
331 0.2722
332 0.6361
333 1.0000
334 0.8638
335 0.7276
336 0.86385
337 1.0001
338 0.86385
339 0.7276
340 0.39575
341 0.0639
342 0.1986
343 0.3333
344 0.5763
345 0.8193
346 0.5253
347 0.2313
348 0.36885
349 0.5064
350 0.75315
351 0.9999
352 0.9998
353 0.9997
354 0.99985
355 1.0000
356 1.00025
357 1.0005
358 0.75025
359 0.5000
360 0.5854
361 0.6708
362 0.58535
363 0.4999
364 0.61375
365 0.7276
366 0.36515
367 0.0027
368 0.36535
369 0.7280
370 0.3661
371 0.0042
372 0.0027
373 0.0012
374 0.4102
375 0.8192
376 0.9097
377 1.0002
378 0.6458
379 0.2914
380 0.64565
381 0.9999
382 1.00005
383 1.0002
384 1.00015
385 1.0001
386 0.5007
387 0.0013
388 0.00855
389 0.0158
390 0.50795
391 1.0001
392 1.0001
393 1.0001
394 0.75005
395 0.5000
396 0.5
397 0.5000
398 0.75
399 1.0000
400 1.0002
401 1.0004
402 0.50185
403 0.0033
404 0.50165
405 1.0000
406 0.50095
407 0.0019
408 0.36475
409 0.7276
410 0.36545
411 0.0033
412 0.5011
413 0.9989
414 0.86335
415 0.7278
416 0.8639
417 1.0000
418 0.8162
419 0.6324
420 0.81565
421 0.9989
422 0.99915
423 0.9994
424 0.50035
425 0.0013
426 0.50065
427 1.0000
428 1.0001
429 1.0002
430 0.501
431 0.0018
432 0.50095
433 1.0001
434 0.86385
435 0.7276
436 0.6138
437 0.5000
438 0.35405
439 0.2081
440 0.60405
441 1.0000
442 0.67305
443 0.3461
444 0.27305
445 0.2000
446 0.26665
447 0.3333
448 0.16975
449 0.0062
450 0.3671
451 0.7280
452 0.3652
453 0.0024
454 0.00175
455 0.0011
456 0.0008
457 0.0005
458 0.50025
459 1.0000
460 1
461 1.0000
462 0.8639
463 0.7278
464 0.61405
465 0.5003
466 0.38325
467 0.2662
468 0.2331
469 0.2000
470 0.39255
471 0.5851
472 0.7929
473 1.0007
474 0.70795
475 0.4152
476 0.7078
477 1.0004
478 0.5008
479 0.0012
480 0.5006
481 1.0000
482 1.00005
483 1.0001
484 1.00025
485 1.0004
486 1.0002
487 1.0000
488 0.864
489 0.7280
490 0.86425
491 1.0005
492 0.70785
493 0.4152
494 0.5714
495 0.7276
496 0.3644
497 0.0012
498 0.2082
499 0.4152
500 0.34625
501 0.2773
502 0.34635
503 0.4154
504 0.4153
505 0.4152
506 0.7079
507 1.0006
508 1.0009
509 1.0012
510 1.0006
511 1.0000
512 0.8638
513 0.7276
514 0.86345
515 0.9993
516 0.99915
517 0.9990
518 0.99955
519 1.0001
520 1
521 0.9999
522 0.9999
523 0.9999
524 0.9999
525 0.9999
526 1
527 1.0001
528 1.00005
529 1.0000
530 0.8638
531 0.7276
532 0.36615
533 0.0047
534 0.50235
535 1.0000
536 1.0004
537 1.0008
538 1.0011
539 1.0014
540 1.00095
541 1.0005
542 0.99445
543 0.9884
544 0.858
545 0.7276
546 0.86375
547 0.9999
548 0.86395
549 0.7280
550 0.36455
551 0.0011
552 0.00075
553 0.0004
554 0.5002
555 1.0000
556 1.00005
557 1.0001
558 1.0004
559 1.0007
560 0.99645
561 0.9922
562 0.49675
563 0.0013
564 0.00085
565 0.0004
566 0.50025
567 1.0001
568 1.0002
569 1.0003
570 1.0001
571 0.9999
572 0.99995
573 1.0000
574 0.53395
575 0.0679
576 0.03455
577 0.0012
578 0.50055
579 0.9999
580 0.9999
581 0.9999
582 0.5013
583 0.0027
584 0.5013
585 0.9999
586 0.999
587 0.9981
588 0.99905
589 1.0000
590 0.9998
591 0.9996
592 1.0004
593 1.0012
594 1.0001
595 0.9990
596 0.99945
597 0.9999
598 0.99995
599 1.0000
600 1
601 1.0000
602 1.00005
603 1.0001
604 0.99975
605 0.9994
606 0.5018
607 0.0042
608 0.50275
609 1.0013
610 1.0006
611 0.9999
612 0.50355
613 0.0072
614 0.50615
615 1.0051
616 1.00275
617 1.0004
618 0.50075
619 0.0011
620 0.5007
621 1.0003
622 0.50165
623 0.0030
624 0.5017
625 1.0004
626 0.99975
627 0.9991
628 1.00185
629 1.0046
630 0.50285
631 0.0011
632 0.00085
633 0.0006
634 0.00055
635 0.0005
636 0.00045
637 0.0004
638 0.00035
639 0.0003
640 0.0003
641 0.0003
642 0.0003
643 0.0003
644 0.5001
645 0.9999
646 1
647 1.0001
648 1.00005
649 1.0000
650 0.75005
651 0.5001
652 0.61385
653 0.7276
654 0.85995
655 0.9923
656 0.4975
657 0.0027
658 0.50155
659 1.0004
660 0.5016
661 0.0028
662 0.5017
663 1.0006
664 0.86435
665 0.7281
666 0.86405
667 1.0000
668 0.8638
669 0.7276
670 0.36435
671 0.0011
672 0.5005
673 0.9999
674 0.9999
675 0.9999
676 0.99995
677 1.0000
678 0.9999
679 0.9998
680 0.9999
681 1.0000
682 0.99945
683 0.9989
684 0.50015
685 0.0014
686 0.50075
687 1.0001
688 1.00005
689 1.0000
690 0.50045
691 0.0009
692 0.00075
693 0.0006
694 0.5002
695 0.9998
696 0.99995
697 1.0001
698 0.50085
699 0.0016
700 0.5008
701 1.0000
702 0.99995
703 0.9999
704 0.99985
705 0.9998
706 1.0004
707 1.0010
708 1.0006
709 1.0002
710 0.86405
711 0.7279
712 0.864
713 1.0001
714 0.5011
715 0.0021
716 0.48665
717 0.9712
718 0.8494
719 0.7276
720 0.41795
721 0.1083
722 0.55375
723 0.9992
724 0.50045
725 0.0017
726 0.50085
727 1.0000
728 0.50055
729 0.0011
730 0.5007
731 1.0003
732 0.5009
733 0.0015
734 0.5008
735 1.0001
736 0.5006
737 0.0011
738 0.5008
739 1.0005
740 0.5009
741 0.0013
742 0.5007
743 1.0001
744 0.5023
745 0.0045
746 0.00265
747 0.0008
748 0.49955
749 0.9983
750 0.99915
751 1.0000
752 0.99965
753 0.9993
754 0.59965
755 0.2000
756 0.6
757 1.0000
758 1.0004
759 1.0008
760 0.501
761 0.0012
762 0.5308
763 1.0604
764 1.0306
765 1.0008
766 1.00065
767 1.0005
768 0.81655
769 0.6326
770 0.3168
771 0.0010
772 0.49855
773 0.9961
774 0.9981
775 1.0001
776 1.00035
777 1.0006
778 0.50075
779 0.0009
780 0.36435
781 0.7278
782 0.8638
783 0.9998
784 0.5999
785 0.2000
786 0.6
787 1.0000
788 0.5005
789 0.0010
790 0.001
791 0.0010
792 0.50045
793 0.9999
794 0.50195
795 0.0040
796 0.50235
797 1.0007
798 0.50145
799 0.0022
800 0.00145
801 0.0007
802 0.10035
803 0.2000
804 0.5999
805 0.9998
806 0.9997
807 0.9996
808 0.9998
809 1.0000
810 0.6
811 0.2000
812 0.4638
813 0.7276
814 0.4638
815 0.2000
816 0.6001
817 1.0002
818 0.9999
819 0.9996
820 0.53435
821 0.0691
822 0.0355
823 0.0019
824 0.0012
825 0.0005
826 0.10025
827 0.2000
828 0.101
829 0.0020
830 0.0015
831 0.0010
832 0.00095
833 0.0009
834 0.10045
835 0.2000
836 0.46375
837 0.7275
838 0.8641
839 1.0007
840 0.5006
841 0.0005
842 0.4998
843 0.9991
844 0.59955
845 0.2000
846 0.10025
847 0.0005
848 0.5004
849 1.0003
850 0.99725
851 0.9942
852 0.8133
853 0.6324
854 0.45485
855 0.2773
856 0.14095
857 0.0046
858 0.1023
859 0.2000
860 0.46395
861 0.7279
862 0.46385
863 0.1998
864 0.10035
865 0.0009
866 0.50045
867 1.0000
868 0.6
869 0.2000
870 0.59985
871 0.9997
872 0.9998
873 0.9999
874 1
875 1.0001
876 0.50075
877 0.0014
878 0.1007
879 0.2000
880 0.59995
881 0.9999
882 0.99875
883 0.9976
884 0.99885
885 1.0001
886 0.6387
887 0.2773
888 0.6386
889 0.9999
890 0.81615
891 0.6324
892 0.81645
893 1.0005
894 0.63895
895 0.2774
896 0.5025
897 0.7276
898 0.46375
899 0.1999
900 0.1008
901 0.0017
902 0.02085
903 0.0400
904 0.52015
905 1.0003
906 0.60015
907 0.2000
908 0.27675
909 0.3535
910 0.54065
911 0.7278
912 0.3643
913 0.0008
914 0.03885
915 0.0769
916 0.0396
917 0.0023
918 0.00145
919 0.0006
920 0.25035
921 0.5001
922 0.56625
923 0.6324
924 0.31665
925 0.0009
926 0.00065
927 0.0004
928 0.0005
929 0.0006
930 0.1003
931 0.2000
932 0.2387
933 0.2774
934 0.1494
935 0.0214
936 0.0121
937 0.0028
938 0.00265
939 0.0025
940 0.1679
941 0.3333
942 0.3643
943 0.3953
944 0.4213
945 0.4473
946 0.4143
947 0.3813
948 0.6905
949 0.9997
950 0.6588
951 0.3179
952 0.1974
953 0.0769
954 0.5386
955 1.0003
956 0.60015
957 0.2000
958 0.2
959 0.2000
960 0.13845
961 0.0769
962 0.20995
963 0.3430
964 0.67195
965 1.0009
966 1.0005
967 1.0001
968 0.65905
969 0.3180
970 0.259
971 0.2000
972 0.17905
973 0.1581
974 0.17905
975 0.2000
976 0.2
977 0.2000
978 0.6
979 1.0000
980 1.00045
981 1.0009
982 0.6004
983 0.1999
984 0.59995
985 1.0000
986 0.5958
987 0.1916
988 0.59595
989 1.0003
990 1.00015
991 1.0000
992 0.63825
993 0.2765
994 0.27695
995 0.2774
996 0.63865
997 0.9999
998 0.99995
999 1.0000
1000 0.9841
1001 0.9682
1002 0.53485
1003 0.1015
1004 0.3219
1005 0.5423
1006 0.47275
1007 0.4032
1008 0.36825
1009 0.3333
1010 0.4167
1011 0.5001
1012 0.2605
1013 0.0209
1014 0.51045
1015 1.0000
1016 0.50845
1017 0.0169
1018 0.0086
1019 0.0003
1020 0.02645
1021 0.0526
1022 0.1853
1023 0.3180
1024 0.259
1025 0.2000
1026 0.26665
1027 0.3333
1028 0.17725
1029 0.0212
1030 0.1995
1031 0.3778
1032 0.2105
1033 0.0432
1034 0.03355
1035 0.0239
1036 0.16815
1037 0.3124
1038 0.1857
1039 0.0590
1040 0.24195
1041 0.4249
1042 0.3511
1043 0.2773
1044 0.6386
1045 0.9999
1046 0.50345
1047 0.0070
1048 0.17015
1049 0.3333
1050 0.29165
1051 0.2500
1052 0.16195
1053 0.0739
1054 0.0552
1055 0.0365
1056 0.03145
1057 0.0264
1058 0.0505
1059 0.0746
1060 0.1373
1061 0.2000
1062 0.10705
1063 0.0141
1064 0.32325
1065 0.6324
1066 0.38555
1067 0.1387
1068 0.5679
1069 0.9971
1070 0.537
1071 0.0769
1072 0.1268
1073 0.1767
1074 0.09475
1075 0.0128
1076 0.02145
1077 0.0301
1078 0.14005
1079 0.2500
1080 0.37505
1081 0.5001
1082 0.42675
1083 0.3534
1084 0.5406
1085 0.7278
1086 0.36435
1087 0.0009
1088 0.2504
1089 0.4999
1090 0.30385
1091 0.1078
1092 0.1538
1093 0.1998
1094 0.19995
1095 0.2001
1096 0.1026
1097 0.0051
1098 0.5025
1099 0.9999
1100 0.5002
1101 0.0005
1102 0.5029
1103 1.0053
1104 1.0052
1105 1.0051
1106 0.60245
1107 0.1998
1108 0.57835
1109 0.9569
1110 0.97685
1111 0.9968
1112 0.49905
1113 0.0013
1114 0.00125
1115 0.0012
1116 0.50065
1117 1.0001
1118 1.00015
1119 1.0002
1120 1.00005
1121 0.9999
1122 0.99995
1123 1.0000
1124 0.9997
1125 0.9994
1126 0.50015
1127 0.0009
1128 0.5005
1129 1.0001
1130 0.75
1131 0.4999
1132 0.29085
1133 0.0818
1134 0.53945
1135 0.9971
1136 0.99885
1137 1.0006
1138 1.0005
1139 1.0004
1140 1.0002
1141 1.0000
1142 0.99995
1143 0.9999
1144 0.579
1145 0.1581
1146 0.3329
1147 0.5077
1148 0.75395
1149 1.0002
1150 0.74955
1151 0.4989
1152 0.37445
1153 0.2500
1154 0.30175
1155 0.3535
1156 0.2184
1157 0.0833
1158 0.0871
1159 0.0909
1160 0.0871
1161 0.0833
1162 0.1217
1163 0.1601
1164 0.5802
1165 1.0003
1166 0.5557
1167 0.1111
1168 0.1181
1169 0.1251
1170 0.17975
1171 0.2344
1172 0.18865
1173 0.1429
1174 0.1408
1175 0.1387
1176 0.2362
1177 0.3337
1178 0.22345
1179 0.1132
1180 0.0591
1181 0.0050
1182 0.00285
1183 0.0007
1184 0.02305
1185 0.0454
1186 0.0735
1187 0.1016
1188 0.25625
1189 0.4109
1190 0.21685
1191 0.0228
1192 0.03335
1193 0.0439
1194 0.044
1195 0.0441
1196 0.14705
1197 0.2500
1198 0.40235
1199 0.5547
1200 0.44375
1201 0.3328
1202 0.66655
1203 1.0003
1204 0.54645
1205 0.0926
1206 0.09175
1207 0.0909
1208 0.0483
1209 0.0057
1210 0.39785
1211 0.7900
1212 0.7903
1213 0.7906
1214 0.8953
1215 1.0000
1216 0.74995
1217 0.4999
1218 0.3333
1219 0.1667
1220 0.20975
1221 0.2528
1222 0.6262
1223 0.9996
1224 0.5998
1225 0.2000
1226 0.153
1227 0.1060
1228 0.153
1229 0.2000
1230 0.15105
1231 0.1021
1232 0.3865
1233 0.6709
1234 0.8383
1235 1.0057
1236 0.62785
1237 0.2500
1238 0.2624
1239 0.2748
1240 0.16345
1241 0.0521
1242 0.1094
1243 0.1667
1244 0.47865
1245 0.7906
1246 0.4825
1247 0.1744
1248 0.17055
1249 0.1667
1250 0.1205
1251 0.0743
1252 0.43245
1253 0.7906
1254 0.89525
1255 0.9999
1256 1.00025
1257 1.0006
1258 0.6003
1259 0.2000
1260 0.15075
1261 0.1015
1262 0.38615
1263 0.6708
1264 0.8352
1265 0.9996
1266 0.7498
1267 0.5000
1268 0.33335
1269 0.1667
1270 0.22445
1271 0.2822
1272 0.2661
1273 0.2500
1274 0.29165
1275 0.3333
1276 0.39015
1277 0.4470
1278 0.2413
1279 0.0356
1280 0.06485
1281 0.0941
1282 0.1293
1283 0.1645
1284 0.22095
1285 0.2774
1286 0.587
1287 0.8966
1288 0.6825
1289 0.4684
1290 0.48415
1291 0.4999
1292 0.5329
1293 0.5659
1294 0.292
1295 0.0181
1296 0.03335
1297 0.0486
1298 0.5243
1299 1.0000
1300 0.60005
1301 0.2001
1302 0.35005
1303 0.5000
1304 0.3
1305 0.1000
1306 0.10555
1307 0.1111
1308 0.22705
1309 0.3430
1310 0.223
1311 0.1030
1312 0.1077
1313 0.1124
1314 0.0566
1315 0.0008
1316 0.069
1317 0.1372
1318 0.31855
1319 0.4999
1320 0.74985
1321 0.9998
1322 0.5876
1323 0.1754
1324 0.17105
1325 0.1667
1326 0.5832
1327 0.9997
1328 0.64695
1329 0.2942
1330 0.39705
1331 0.4999
1332 0.33725
1333 0.1746
1334 0.5868
1335 0.9990
1336 0.9992
1337 0.9994
1338 0.99975
1339 1.0001
1340 1.03035
1341 1.0606
1342 0.7279
1343 0.3952
1344 0.26165
1345 0.1281
1346 0.36415
1347 0.6002
1348 0.45225
1349 0.3043
1350 0.68245
1351 1.0606
1352 0.5593
1353 0.0580
1354 0.42395
1355 0.7899
1356 0.3955
1357 0.0011
1358 0.36425
1359 0.7274
1360 0.3645
1361 0.0016
1362 0.0013
1363 0.0010
1364 0.36435
1365 0.7277
1366 0.36905
1367 0.0104
1368 0.06505
1369 0.1197
1370 0.55985
1371 1.0000
1372 0.5099
1373 0.0198
1374 0.01625
1375 0.0127
1376 0.0211
1377 0.0295
1378 0.515
1379 1.0005
1380 0.60025
1381 0.2000
1382 0.1011
1383 0.0022
1384 0.0636
1385 0.1250
1386 0.1875
1387 0.2500
1388 0.2342
1389 0.2184
1390 0.21335
1391 0.2083
1392 0.24655
1393 0.2848
1394 0.3139
1395 0.3430
1396 0.22295
1397 0.1029
1398 0.15445
1399 0.2060
1400 0.2706
1401 0.3352
1402 0.3697
1403 0.4042
1404 0.48065
1405 0.5571
1406 0.37855
1407 0.2000
1408 0.13305
1409 0.0661
1410 0.03645
1411 0.0068
1412 0.1116
1413 0.2164
1414 0.50345
1415 0.7905
1416 0.40125
1417 0.0120
1418 0.15585
1419 0.2997
1420 0.22755
1421 0.1554
1422 0.3393
1423 0.5232
1424 0.34495
1425 0.1667
1426 0.5805
1427 0.9943
1428 0.8134
1429 0.6325
1430 0.3253
1431 0.0181
1432 0.0625
1433 0.1069
1434 0.449
1435 0.7911
1436 0.5888
1437 0.3865
1438 0.3988
1439 0.4111
1440 0.70555
1441 1.0000
1442 0.62125
1443 0.2425
1444 0.51635
1445 0.7902
1446 0.6451
1447 0.5000
1448 0.2579
1449 0.0158
1450 0.02005
1451 0.0243
1452 0.51215
1453 1.0000
1454 0.69325
1455 0.3865
1456 0.4859
1457 0.5853
1458 0.7926
1459 0.9999
1460 0.5452
1461 0.0905
1462 0.1537
1463 0.2169
1464 0.20425
1465 0.1916
1466 0.2958
1467 0.4000
1468 0.40815
1469 0.4163
1470 0.5435
1471 0.6707
1472 0.3986
1473 0.1265
1474 0.2887
1475 0.4509
1476 0.72525
1477 0.9996
1478 0.7498
1479 0.5000
1480 0.2811
1481 0.0622
1482 0.14985
1483 0.2375
1484 0.49105
1485 0.7446
1486 0.53895
1487 0.3333
1488 0.444
1489 0.5547
1490 0.68635
1491 0.8180
1492 0.6144
1493 0.4108
1494 0.4555
1495 0.5002
1496 0.3958
1497 0.2914
1498 0.3956
1499 0.4998
1500 0.26845
1501 0.0371
1502 0.26855
1503 0.5000
1504 0.26925
1505 0.0385
1506 0.51925
1507 1.0000
1508 0.7076
1509 0.4152
1510 0.70765
1511 1.0001
1512 0.66385
1513 0.3276
1514 0.16405
1515 0.0005
1516 0.2293
1517 0.4581
1518 0.6941
1519 0.9301
1520 0.62945
1521 0.3288
1522 0.42375
1523 0.5187
1524 0.50935
1525 0.5000
1526 0.72695
1527 0.9539
1528 0.5982
1529 0.2425
1530 0.13265
1531 0.0228
1532 0.1114
1533 0.2000
1534 0.3076
1535 0.4152
1536 0.4152
1537 0.4152
1538 0.7076
1539 1.0000
1540 0.7076
1541 0.4152
1542 0.4575
1543 0.4998
1544 0.33325
1545 0.1667
1546 0.16425
1547 0.1618
1548 0.5125
1549 0.8632
1550 0.501
1551 0.1388
1552 0.56945
1553 1.0001
1554 0.56945
1555 0.1388
1556 0.1063
1557 0.0738
1558 0.03975
1559 0.0057
1560 0.01425
1561 0.0228
1562 0.0314
1563 0.0400
1564 0.27
1565 0.5000
1566 0.6138
1567 0.7276
1568 0.40665
1569 0.0857
1570 0.1339
1571 0.1821
1572 0.2015
1573 0.2209
1574 0.11185
1575 0.0028
1576 0.08225
1577 0.1617
1578 0.33085
1579 0.5000
1580 0.2732
1581 0.0464
1582 0.1802
1583 0.3140
1584 0.2365
1585 0.1590
1586 0.2252
1587 0.2914
1588 0.6458
1589 1.0002
1590 0.6001
1591 0.2000
1592 0.14485
1593 0.0897
1594 0.19585
1595 0.3020
1596 0.24555
1597 0.1891
1598 0.09465
1599 0.0002
1600 0.06875
1601 0.1373
1602 0.0984
1603 0.0595
1604 0.059
1605 0.0585
1606 0.0426
1607 0.0267
1608 0.1731
1609 0.3195
1610 0.2151
1611 0.1107
1612 0.0982
1613 0.0857
1614 0.29275
1615 0.4998
1616 0.3499
1617 0.2000
1618 0.225
1619 0.2500
1620 0.4175
1621 0.5850
1622 0.42545
1623 0.2659
1624 0.1869
1625 0.1079
1626 0.1864
1627 0.2649
1628 0.36905
1629 0.4732
1630 0.2737
1631 0.0742
1632 0.17065
1633 0.2671
1634 0.16015
1635 0.0532
1636 0.04985
1637 0.0465
1638 0.1295
1639 0.2125
1640 0.2036
1641 0.1947
1642 0.1052
1643 0.0157
1644 0.0354
1645 0.0551
1646 0.07195
1647 0.0888
1648 0.075
1649 0.0612
1650 0.09795
1651 0.1347
1652 0.10675
1653 0.0788
1654 0.2902
1655 0.5016
1656 0.3008
1657 0.1000
1658 0.16245
1659 0.2249
1660 0.31835
1661 0.4118
1662 0.44375
1663 0.4757
1664 0.2498
1665 0.0239
1666 0.0451
1667 0.0663
1668 0.06195
1669 0.0576
1670 0.1427
1671 0.2278
1672 0.1469
1673 0.0660
1674 0.04285
1675 0.0197
1676 0.02435
1677 0.0290
1678 0.17155
1679 0.3141
1680 0.16025
1681 0.0064
1682 0.197
1683 0.3876
1684 0.19665
1685 0.0057
1686 0.07615
1687 0.1466
1688 0.15455
1689 0.1625
1690 0.1812
1691 0.1999
1692 0.34995
1693 0.5000
1694 0.33335
1695 0.1667
1696 0.1527
1697 0.1387
1698 0.07325
1699 0.0078
1700 0.11635
1701 0.2249
1702 0.4287
1703 0.6325
1704 0.4231
1705 0.2137
1706 0.12685
1707 0.0400
1708 0.16675
1709 0.2935
1710 0.1595
1711 0.0255
1712 0.044
1713 0.0625
1714 0.05745
1715 0.0524
1716 0.1588
1717 0.2652
1718 0.1683
1719 0.0714
1720 0.05085
1721 0.0303
1722 0.51515
1723 1.0000
1724 0.5354
1725 0.0708
1726 0.16615
1727 0.2615
1728 0.38115
1729 0.5008
1730 0.68895
1731 0.8771
1732 0.45135
1733 0.0256
1734 0.0822
1735 0.1388
1736 0.41645
1737 0.6941
1738 0.3903
1739 0.0865
1740 0.29325
1741 0.5000
1742 0.41665
1743 0.3333
1744 0.3419
1745 0.3505
1746 0.6383
1747 0.9261
1748 0.96305
1749 1.0000
1750 0.5347
1751 0.0694
1752 0.14515
1753 0.2209
1754 0.4592
1755 0.6975
1756 0.3816
1757 0.0657
1758 0.53285
1759 1.0000
1760 0.64535
1761 0.2907
1762 0.18005
1763 0.0694
1764 0.4946
1765 0.9198
1766 0.96015
1767 1.0005
1768 1.00015
1769 0.9998
1770 0.77845
1771 0.5571
1772 0.57095
1773 0.5848
1774 0.43105
1775 0.2773
1776 0.208
1777 0.1387
1778 0.11935
1779 0.1000
1780 0.12495
1781 0.1499
1782 0.13695
1783 0.1240
1784 0.1031
1785 0.0822
1786 0.40495
1787 0.7277
1788 0.57145
1789 0.4152
1790 0.52385
1791 0.6325
1792 0.493
1793 0.3535
1794 0.30175
1795 0.2500
1796 0.62505
1797 1.0001
1798 1.00005
1799 1.0000
1800 0.625
1801 0.2500
1802 0.21225
1803 0.1745
1804 0.4045
1805 0.6345
1806 0.6811
1807 0.7277
1808 0.86375
1809 0.9998
1810 0.81615
1811 0.6325
1812 0.8163
1813 1.0001
1814 0.5316
1815 0.0631
1816 0.03215
1817 0.0012
1818 0.5005
1819 0.9998
1820 0.86375
1821 0.7277
1822 0.8639
1823 1.0001
1824 0.5005
1825 0.0009
1826 0.5003
1827 0.9997
1828 0.9999
1829 1.0001
1830 0.86385
1831 0.7276
1832 0.8635
1833 0.9994
1834 0.99975
1835 1.0001
1836 1.00035
1837 1.0006
1838 1.00045
1839 1.0003
1840 1.00165
1841 1.0030
1842 1.0017
1843 1.0004
1844 1.00015
1845 0.9999
1846 0.5003
1847 0.0007
1848 0.03885
1849 0.0770
1850 0.5384
1851 0.9998
1852 0.63855
1853 0.2773
1854 0.3186
1855 0.3599
1856 0.27575
1857 0.1916
1858 0.31525
1859 0.4389
1860 0.22205
1861 0.0052
1862 0.50385
1863 1.0025
1864 0.7221
1865 0.4417
1866 0.75115
1867 1.0606
1868 0.7841
1869 0.5076
1870 0.4975
1871 0.4874
1872 0.74375
1873 1.0001
1874 0.60005
1875 0.2000
1876 0.101
1877 0.0020
1878 0.50065
1879 0.9993
1880 0.5009
1881 0.0025
1882 0.0029
1883 0.0033
1884 0.50165
1885 1.0000
1886 0.6
1887 0.2000
1888 0.60005
1889 1.0001
1890 0.8163
1891 0.6325
1892 0.31705
1893 0.0016
1894 0.36465
1895 0.7277
1896 0.50255
1897 0.2774
1898 0.1394
1899 0.0014
1900 0.00105
1901 0.0007
1902 0.0007
1903 0.0007
1904 0.00075
1905 0.0008
1906 0.00055
1907 0.0003
1908 0.4995
1909 0.9987
1910 0.99945
1911 1.0002
1912 0.50155
1913 0.0029
1914 0.0027
1915 0.0025
1916 0.50125
1917 1.0000
1918 0.99985
1919 0.9997
1920 0.9999
1921 1.0001
1922 1.00005
1923 1.0000
1924 0.99995
1925 0.9999
1926 0.54145
1927 0.0830
1928 0.1292
1929 0.1754
1930 0.12615
1931 0.0769
1932 0.5382
1933 0.9995
1934 0.59975
1935 0.2000
1936 0.10475
1937 0.0095
1938 0.50005
1939 0.9906
1940 0.99575
1941 1.0009
1942 1.0003
1943 0.9997
1944 0.86365
1945 0.7276
1946 0.67995
1947 0.6323
1948 0.81855
1949 1.0048
1950 1.0025
1951 1.0002
1952 0.5006
1953 0.0010
1954 0.5004
1955 0.9998
1956 0.81615
1957 0.6325
1958 0.5662
1959 0.4999
1960 0.49985
1961 0.4998
1962 0.31925
1963 0.1387
1964 0.1665
1965 0.1943
1966 0.59715
1967 1.0000
1968 0.81625
1969 0.6325
1970 0.7115
1971 0.7905
1972 0.39805
1973 0.0056
1974 0.5029
1975 1.0002
1976 0.7491
1977 0.4980
1978 0.5416
1979 0.5852
1980 0.79265
1981 1.0001
1982 0.50045
1983 0.0008
1984 0.4814
1985 0.9620
1986 0.4845
1987 0.0070
1988 0.5035
1989 1.0000
1990 0.816
1991 0.6320
1992 0.816
1993 1.0000
1994 0.9996
1995 0.9992
1996 0.5581
1997 0.1170
1998 0.5584
1999 0.9998
2000 1.00265
2001 1.0055
2002 1.03305
2003 1.0606
2004 0.6303
2005 0.2000
2006 0.6303
2007 1.0606
2008 0.7803
2009 0.5000
2010 0.7503
2011 1.0006
2012 0.9181
2013 0.8356
2014 0.9178
2015 1.0000
2016 0.85535
2017 0.7107
2018 0.63265
2019 0.5546
2020 0.55465
2021 0.5547
2022 0.5312
2023 0.5077
2024 0.5081
2025 0.5085
2026 0.6009
2027 0.6933
2028 0.5591
2029 0.4249
2030 0.5287
2031 0.6325
2032 0.81625
2033 1.0000
2034 0.50065
2035 0.0013
2036 0.50065
2037 1.0000
2038 0.81625
2039 0.6325
2040 0.8164
2041 1.0003
2042 0.5004
2043 0.0005
2044 0.29285
2045 0.5852
2046 0.3169
2047 0.0486
2048 0.3302
2049 0.6118
2050 0.66975
2051 0.7277
2052 0.36435
2053 0.0010
2054 0.31685
2055 0.6327
2056 0.39545
2057 0.1582
2058 0.57905
2059 0.9999
2060 0.75295
2061 0.5060
2062 0.7527
2063 0.9994
2064 0.54125
2065 0.0831
2066 0.5269
2067 0.9707
2068 0.73535
2069 0.5000
2070 0.59295
2071 0.6859
2072 0.63555
2073 0.5852
2074 0.34335
2075 0.1015
2076 0.5546
2077 1.0077
2078 0.6036
2079 0.1995
2080 0.59965
2081 0.9998
2082 0.5121
2083 0.0244
2084 0.1917
2085 0.3590
2086 0.21795
2087 0.0769
2088 0.28845
2089 0.5000
2090 0.35
2091 0.2000
2092 0.60035
2093 1.0007
2094 1.0004
2095 1.0001
2096 1.0002
2097 1.0003
2098 1.00015
2099 1.0000
2100 0.99835
2101 0.9967
2102 0.6066
2103 0.2165
2104 0.11375
2105 0.0110
2106 0.04715
2107 0.0833
2108 0.54165
2109 1.0000
2110 0.6387
2111 0.2774
2112 0.2977
2113 0.3180
2114 0.2175
2115 0.1170
2116 0.5585
2117 1.0000
2118 0.53845
2119 0.0769
2120 0.04665
2121 0.0164
2122 0.04665
2123 0.0769
2124 0.05855
2125 0.0402
2126 0.29865
2127 0.5571
2128 0.39035
2129 0.2236
2130 0.1318
2131 0.0400
2132 0.02025
2133 0.0005
2134 0.0387
2135 0.0769
2136 0.2184
2137 0.3599
2138 0.19845
2139 0.0370
2140 0.1775
2141 0.3180
2142 0.1693
2143 0.0206
2144 0.20455
2145 0.3885
