R P
1 0.0011
3 0.0009
5 0.0010
7 0.0012
9 0.0009
11 0.0358
13 0.0027
15 0.0009
17 0.0229
19 0.0009
21 0.0455
23 0.0002
25 0.0004
27 0.0011
29 0.0239
31 0.0004
33 0.0219
35 0.0196
37 0.0000
39 0.0007
41 0.0000
43 0.0217
45 0.0011
47 0.0003
49 0.0002
51 1.0000
53 0.0002
55 0.0005
57 0.0003
59 0.0010
61 0.0001
63 0.0101
65 0.0011
67 0.0008
69 0.0004
71 0.0001
73 0.0017
75 0.0000
77 0.0000
79 0.0066
81 0.0045
83 0.0006
85 0.0004
87 0.0001
89 0.0010
91 0.0084
93 0.0005
95 0.0008
97 0.0007
99 0.0004
101 0.0002
103 0.0095
105 0.0005
107 0.0008
109 0.0071
111 0.0002
113 0.0087
115 0.0017
117 0.0003
119 0.0051
121 0.0011
123 0.0009
125 0.0008
127 0.0078
129 0.0013
131 0.0046
133 0.0075
135 0.0002
137 0.0014
139 0.0058
141 0.0012
143 0.0011
145 0.0000
147 0.0041
149 0.0016
151 0.0007
153 0.0011
155 0.0014
157 0.0011
159 0.0005
161 0.0021
163 0.3180
165 0.0009
167 0.0001
169 0.0009
171 0.0011
173 0.0000
175 0.0001
177 0.0000
179 0.0055
181 0.0021
183 0.0002
185 0.0008
187 0.0001
189 0.0001
191 0.0495
193 0.0000
195 0.0002
197 0.0002
199 0.0001
201 0.0004
203 0.0000
205 0.0000
207 0.0376
209 0.0001
211 0.0000
213 0.0001
215 0.0000
217 0.0004
219 0.0001
221 0.0000
223 0.0001
225 0.0005
227 0.0001
229 0.0005
231 0.0011
233 0.0000
235 0.1429
237 0.0000
239 0.0000
241 0.0273
243 0.0001
245 0.0003
247 0.0000
249 0.0002
251 0.9994
253 0.0017
255 0.0008
257 0.0011
259 0.0000
261 0.0004
263 0.0038
265 0.0000
267 0.2502
269 0.0037
271 0.0001
273 0.0001
275 0.0002
277 0.0011
279 0.0033
281 0.0033
283 0.0014
285 0.0007
287 0.0007
289 0.0035
291 0.0090
293 0.0011
295 0.0000
297 0.0034
299 0.0000
301 0.0000
303 0.0016
305 0.0021
307 0.3430
309 0.0003
311 0.0001
313 0.0001
315 0.0005
317 0.0031
319 1.0004
321 0.0005
323 0.0007
325 0.0000
327 0.0000
329 0.0001
331 0.0001
333 0.0000
335 0.0003
337 0.5000
339 0.0011
341 0.0005
343 0.0003
345 0.0003
347 0.0000
349 0.4743
351 0.0001
353 0.1493
355 0.0012
357 0.0012
359 0.0003
361 0.2000
363 0.0003
365 0.0002
367 0.0018
369 0.0001
371 0.3331
373 0.0006
375 0.0002
377 0.0002
379 0.0027
381 0.0128
383 0.0003
385 0.1085
387 0.0010
389 0.0000
391 0.0022
393 0.0003
395 0.0003
397 0.0601
399 0.0003
401 0.0002
403 0.0025
405 0.0025
407 0.0021
409 0.0009
411 0.0001
413 0.0001
415 0.0001
417 0.3339
419 0.0000
421 0.0941
423 0.0004
425 0.0000
427 0.0001
429 0.0003
431 0.0000
433 0.0003
435 0.0000
437 0.0000
439 0.0001
441 0.0003
443 0.0284
445 0.0003
447 0.0001
449 0.0000
451 0.0003
453 0.0003
455 0.0000
457 0.0286
459 0.0007
461 0.0002
463 0.0002
465 0.0000
467 0.0004
469 0.0000
471 0.0156
473 0.0001
475 0.0011
477 0.0000
479 0.0000
481 0.0021
483 0.0000
485 0.0000
487 0.0002
489 0.0011
491 0.0002
493 0.1674
495 0.0011
497 0.0004
499 0.0001
501 0.0011
503 0.0006
505 0.0006
507 0.0011
509 0.0008
511 0.0010
513 0.0008
515 0.0002
517 0.0019
519 0.0011
521 0.0004
523 0.0019
525 0.0002
527 0.0001
529 0.0019
531 0.0011
533 0.0001
535 0.0004
537 0.0011
539 0.0005
541 0.0001
543 0.0006
545 0.0005
547 0.0000
549 0.0001
551 0.0011
553 0.0020
555 0.2425
557 0.0005
559 0.6159
561 0.0005
563 0.0020
565 0.0011
567 0.0016
569 0.0000
571 0.5571
573 0.0002
575 0.0011
577 0.0001
579 0.0004
581 0.0011
583 1.0001
585 0.0004
587 0.0020
589 1.0000
591 0.9997
593 0.0083
595 0.0009
597 0.0006
599 0.0005
601 0.9995
603 0.9994
605 0.2046
607 0.9999
609 1.0000
611 0.9991
613 0.9994
615 1.0006
617 0.0016
619 0.0014
621 0.7303
623 0.9994
625 0.0049
627 1.0001
629 0.0012
631 1.0000
633 0.0030
635 1.0000
637 0.0027
639 1.0000
641 0.6323
643 0.0012
645 1.0004
647 1.0001
649 1.0606
651 0.0016
653 0.0015
655 0.5024
657 0.9994
659 0.1049
661 1.0001
663 0.9996
665 0.1315
667 0.0014
669 0.1048
671 0.0078
673 0.1429
675 0.0500
677 0.0014
679 0.0150
681 0.0007
683 0.0038
685 0.0058
687 0.0199
689 0.0013
691 0.0269
693 0.0100
695 0.0144
697 0.0169
699 0.0007
701 0.4999
703 0.0131
705 0.0614
707 0.0014
709 0.0000
711 0.1037
713 0.0138
715 0.3992
717 0.0015
719 0.0002
721 0.6002
723 0.0016
725 0.0023
727 0.4058
729 0.0854
731 0.0018
733 0.0021
735 0.4030
737 0.0008
739 0.1962
741 0.0027
743 0.0035
745 0.3333
747 0.0023
749 0.5000
751 0.0905
753 0.3770
755 0.0268
757 0.0055
759 0.0057
761 0.5000
763 0.0075
765 0.0086
767 0.0112
769 0.0282
771 0.0184
773 0.0365
775 0.0032
777 0.0022
779 0.0016
781 0.0016
783 0.0016
785 0.0138
787 0.0016
789 0.0016
791 0.0016
793 0.0080
795 0.2724
797 0.8663
799 0.5108
801 0.0053
803 0.2236
805 0.0054
807 0.0904
809 1.0000
811 0.0046
813 0.5849
815 0.0701
817 0.0244
819 0.0018
821 0.0017
823 0.0018
825 1.0000
827 0.0022
829 0.0014
831 0.0015
833 0.0015
835 0.0001
837 0.0016
839 0.0016
841 0.0016
843 0.0014
845 0.0011
847 0.0007
849 0.0014
851 0.0015
853 0.3885
855 0.0016
857 0.0017
859 0.0001
861 0.3179
863 0.0400
865 0.0164
867 0.0101
869 0.0086
871 0.0020
873 0.0008
875 0.0095
877 0.0014
879 0.0111
881 0.0065
883 0.0016
885 0.0159
887 0.0909
889 0.0633
891 0.0013
893 0.0003
895 0.0016
897 1.0000
899 0.0003
901 0.0016
903 0.0003
905 0.0003
907 0.3953
909 0.0045
911 0.7108
913 1.0002
915 0.6325
917 0.4999
919 0.5001
921 0.0003
923 0.0003
925 0.0003
927 0.0003
929 0.6325
931 0.0001
933 0.0243
935 0.0345
937 0.1111
939 0.5852
941 0.0004
943 0.0006
945 0.5000
947 0.1015
949 0.9999
951 1.0001
953 0.0010
955 0.0004
957 0.0219
959 0.0345
961 0.0060
963 0.0001
965 0.0000
967 0.0046
969 0.0065
971 0.6708
973 0.0052
975 0.0316
977 0.0018
979 0.0005
981 1.0000
983 0.0769
985 0.0374
987 0.0000
989 0.0000
991 0.2000
993 0.0179
995 0.0017
997 0.0500
999 0.0072
1001 0.1280
1003 0.3333
1005 0.0006
1007 0.9999
1009 0.0010
1011 0.0007
1013 0.0000
1015 0.1179
1017 0.0008
1019 0.0137
1021 0.4895
1023 0.3333
1025 0.0560
1027 0.0019
1029 0.0007
1031 0.0000
1033 0.0020
1035 0.0002
1037 0.0020
1039 0.0021
1041 0.0008
1043 0.0000
1045 0.0003
1047 0.0021
1049 0.0021
1051 0.0000
1053 0.0010
1055 0.4108
1057 0.0022
1059 0.0022
1061 0.0018
1063 0.0003
1065 0.0002
1067 0.0004
1069 0.0003
1071 0.0001
1073 0.0000
1075 0.0001
1077 0.0004
1079 0.0009
1081 0.0000
1083 0.0009
1085 0.2500
1087 0.0008
1089 0.0014
1091 0.0004
1093 0.0479
1095 0.0000
1097 0.0003
1099 0.0008
1101 0.0002
1103 0.0012
1105 0.0001
1107 0.0024
1109 0.0006
1111 0.0010
1113 0.0007
1115 0.0003
1117 0.0010
1119 0.0001
1121 0.0000
1123 0.0002
1125 0.0000
1127 0.0011
1129 0.2500
1131 0.0002
1133 0.0002
1135 0.0588
1137 0.0011
1139 0.0014
1141 0.0006
1143 0.0000
1145 0.0458
1147 0.0000
1149 0.0006
1151 0.0003
1153 0.0010
1155 0.0004
1157 0.0003
1159 0.0001
1161 0.0010
1163 0.0018
1165 0.0003
1167 0.0212
1169 0.0001
1171 0.0001
1173 0.0001
1175 0.0009
1177 0.0001
1179 0.0000
1181 0.0001
1183 0.0000
1185 0.0000
1187 0.0014
1189 0.0003
1191 0.0007
1193 0.0009
1195 0.0002
1197 0.0003
1199 0.2000
1201 0.0010
1203 0.0015
1205 0.0000
1207 0.0000
1209 0.0002
1211 0.1498
1213 0.0000
1215 0.0016
1217 0.0004
1219 0.0112
1221 0.0004
1223 0.0010
1225 0.0000
1227 0.0051
1229 0.0021
1231 0.0002
1233 0.0005
1235 0.0003
1237 0.0006
1239 0.0004
1241 0.0001
1243 0.0004
1245 0.0001
1247 0.0010
1249 0.0003
1251 0.0003
1253 0.0000
1255 0.0000
1257 0.0008
1259 0.0003
1261 0.0008
1263 0.0001
1265 0.0002
1267 0.0004
1269 0.0005
1271 0.0474
1273 0.0003
1275 0.0001
1277 0.0009
1279 0.0005
1281 0.0314
1283 0.0003
1285 0.0008
1287 0.0007
1289 0.0043
1291 0.0001
1293 0.0013
1295 0.1189
1297 0.0044
1299 0.0001
1301 0.0000
1303 0.1667
1305 0.0000
1307 0.0126
1309 0.0116
1311 0.0007
1313 0.0000
1315 0.0006
1317 0.0552
1319 0.0002
1321 0.0003
1323 0.0004
1325 0.0001
1327 0.0028
1329 0.0003
1331 0.0007
1333 0.0012
1335 0.0001
1337 0.0294
1339 0.0007
1341 0.0001
1343 0.0005
1345 0.0002
1347 0.0068
1349 0.0000
1351 0.1429
1353 0.0979
1355 0.0017
1357 0.0001
1359 0.0001
1361 0.0002
1363 0.0008
1365 0.0019
1367 0.0000
1369 0.0039
1371 0.0000
1373 0.0005
1375 0.0001
1377 0.0004
1379 0.0010
1381 0.0004
1383 0.0013
1385 0.0987
1387 0.0001
1389 0.0004
1391 0.0002
1393 0.0004
1395 0.0079
1397 0.0008
1399 0.0016
1401 0.0010
1403 0.0002
1405 0.0015
1407 0.0001
1409 0.0008
1411 0.0005
1413 0.0000
1415 0.0091
1417 0.0002
1419 0.0002
1421 0.0001
1423 0.0010
1425 0.0001
1427 0.0007
1429 0.0001
1431 0.0001
1433 0.0003
1435 0.0003
1437 0.0039
1439 0.0008
1441 0.0063
1443 0.0030
1445 0.0012
1447 0.0000
1449 0.0005
1451 0.0075
1453 0.0070
1455 0.0007
1457 0.0013
1459 0.0010
1461 0.0010
1463 0.4966
1465 0.0169
1467 0.0002
1469 0.0001
1471 0.0000
1473 0.0002
1475 0.0010
1477 0.0227
1479 0.0001
1481 0.0011
1483 0.0186
1485 0.0001
1487 0.0095
1489 0.0007
1491 0.0012
1493 0.0003
1495 0.0255
1497 0.0011
1499 0.0003
1501 0.0002
1503 0.0057
1505 0.0006
1507 0.0073
1509 0.0495
1511 0.0010
1513 0.0008
1515 0.0012
1517 0.0016
1519 0.2500
1521 0.0011
1523 0.5000
