R P
1 0.0010
3 0.0010
5 0.0010
7 0.0011
9 0.0009
11 0.0011
13 0.0010
15 0.0010
17 0.0011
19 0.0010
21 0.0013
23 0.0011
25 0.0017
27 0.0014
29 0.0008
31 0.0065
33 0.0061
35 0.0009
37 0.0009
39 0.0012
41 0.0009
43 0.0012
45 0.0010
47 0.0008
49 0.0147
51 0.0127
53 0.0002
55 0.0010
57 0.0010
59 0.0010
61 0.0011
63 0.0016
65 0.0005
67 0.0013
69 0.0007
71 0.0017
73 0.0010
75 0.0002
77 0.0008
79 0.0014
81 0.0045
83 0.0000
85 0.0047
87 0.0004
89 0.0040
91 0.0005
93 0.0005
95 0.0013
97 0.0009
99 0.0006
101 0.0018
103 0.0001
105 0.0004
107 0.0011
109 0.0009
111 0.0011
113 0.0010
115 0.0037
117 0.0012
119 0.0001
121 0.0004
123 0.0004
125 0.0004
127 0.0062
129 0.0005
131 0.0003
133 0.0024
135 0.0008
137 0.0002
139 0.0041
141 0.0010
143 0.0007
145 0.0005
147 0.0000
149 0.0001
151 0.0002
153 0.0001
155 0.0030
157 0.0327
159 0.0000
161 0.0001
163 0.0061
165 0.0036
167 0.0005
169 0.0004
171 0.0003
173 0.0005
175 0.0004
177 0.0008
179 0.0003
181 0.0008
183 0.0005
185 0.0018
187 0.0010
189 0.0004
191 0.0014
193 0.0014
195 0.0000
197 0.0013
199 0.0002
201 0.0004
203 1.0000
205 0.0001
207 0.0004
209 0.1470
211 0.0001
213 0.0008
215 0.0040
217 0.0002
219 0.0003
221 0.0008
223 0.0001
225 0.0003
227 0.0000
229 0.0001
231 0.0015
233 0.7276
235 0.0010
237 0.0004
239 0.0400
241 0.0010
243 0.0003
245 0.0009
247 0.0017
249 0.0013
251 0.0003
253 0.0002
255 0.0003
257 0.0010
259 0.0026
261 0.0003
263 0.1000
265 0.0002
267 0.0015
269 0.0002
271 0.0004
273 0.0010
275 0.0000
277 0.0036
279 0.0004
281 0.0010
283 0.0007
285 0.0013
287 0.0010
289 0.0001
291 0.0004
293 0.0018
295 0.0010
297 0.0001
299 0.0016
301 0.0016
303 0.0033
305 0.0003
307 0.0008
309 0.0005
311 0.0003
313 0.0002
315 0.0023
317 0.0002
319 0.0007
321 0.0002
323 0.1474
325 0.0002
327 0.0001
329 0.0000
331 0.0002
333 0.0290
335 0.0000
337 0.0022
339 0.0010
341 0.0000
343 0.0001
345 0.0004
347 1.0000
349 0.0000
351 0.0002
353 0.0013
355 0.0004
357 0.0004
359 0.0010
361 0.0002
363 0.0001
365 0.0004
367 0.0010
369 0.0010
371 0.0007
373 0.0003
375 0.0005
377 0.0003
379 0.0011
381 0.0002
383 0.0003
385 0.0011
387 0.0001
389 0.0003
391 0.0025
393 0.0025
395 0.0010
397 0.0003
399 0.0002
401 0.0001
403 0.0003
405 0.0002
407 0.0024
409 0.0010
411 0.0006
413 0.0002
415 0.0002
417 0.0002
419 0.0003
421 0.0002
423 0.0268
425 0.0001
427 0.0006
429 0.2501
431 0.0001
433 0.0971
435 0.0002
437 0.0857
439 0.0003
441 1.0001
443 0.0023
445 0.0001
447 0.0001
449 0.0001
451 0.0006
453 0.0008
455 0.0001
457 0.0001
459 0.0008
461 0.0022
463 0.0010
465 0.0010
467 0.0010
469 0.0010
471 0.0010
473 0.0010
475 0.0000
477 0.0007
479 0.0000
481 0.5000
483 0.0010
485 0.0010
487 0.0020
489 0.0020
491 0.0000
493 0.0002
495 0.0007
497 0.0000
499 0.0003
501 0.0010
503 0.0004
505 0.0005
507 0.4997
509 0.0010
511 0.0000
513 0.0004
515 0.0007
517 0.0000
519 0.0007
521 0.0003
523 0.0002
525 0.0002
527 0.0000
529 0.0015
531 1.0001
533 0.0003
535 0.0005
537 0.0001
539 0.0006
541 0.0006
543 0.0002
545 0.0018
547 0.0004
549 0.0018
551 0.0018
553 0.0001
555 0.0006
557 0.0010
559 0.0018
561 0.1178
563 0.0018
565 0.0005
567 0.2000
569 0.0003
571 0.0001
573 1.0043
575 0.0001
577 0.0017
579 0.0010
581 0.0001
583 0.0001
585 0.0017
587 0.0001
589 0.0019
591 0.0011
593 0.0000
595 0.0005
597 0.0006
599 0.0004
601 0.0830
603 0.1737
605 0.0005
607 0.0010
609 0.0004
611 0.0016
613 0.0016
615 0.0010
617 0.0015
619 0.0002
621 0.0004
623 0.0015
625 0.0002
627 0.0000
629 0.0001
631 0.1582
633 0.0004
635 0.0002
637 0.0004
639 0.9999
641 0.0004
643 0.0010
645 0.0005
647 0.0001
649 0.0016
651 0.0004
653 0.0000
655 0.0000
657 0.0000
659 0.0000
661 0.0000
663 0.0001
665 0.0003
667 0.0015
669 0.0001
671 0.0001
673 0.0005
675 0.0001
677 0.0001
679 0.0015
681 0.2000
683 0.0486
685 0.1790
687 0.0019
689 0.5001
691 0.5423
693 0.3721
695 0.0015
697 0.2000
699 0.6324
701 1.0001
703 0.9992
705 1.0001
707 0.0017
709 0.5893
711 0.0011
713 0.9995
715 0.2712
717 0.5000
719 0.0038
721 0.9994
723 0.9999
725 0.2000
727 1.0001
729 0.4999
731 0.6325
733 0.0013
735 1.0011
737 0.9999
739 1.0000
741 0.9688
743 1.0001
745 1.0004
747 0.5000
749 0.7277
751 0.0017
753 0.4767
755 1.0606
757 1.0000
759 0.9994
761 0.0017
763 0.0021
765 0.9989
767 1.0000
769 0.0017
771 1.0000
773 0.3001
775 0.0004
777 0.4705
779 0.0049
781 0.0005
783 0.0012
785 0.5549
787 0.2500
789 0.0545
791 0.0010
793 0.0029
795 0.0049
797 0.3180
799 0.0769
801 0.0456
803 0.0371
805 0.0486
807 0.1281
809 0.0004
811 0.0289
813 0.0000
815 0.0000
817 0.0404
819 0.4999
821 0.3333
823 0.0025
825 0.0025
827 0.0103
829 0.2000
831 0.1060
833 0.3334
835 0.0219
837 0.0038
839 0.0008
841 0.0004
843 0.2500
845 0.0244
847 0.0486
849 0.0199
851 0.2854
853 0.0238
855 0.4999
857 0.0233
859 0.0083
861 0.9999
863 0.0013
865 0.0456
867 0.0909
869 0.0270
871 0.2500
873 0.5002
875 1.0000
877 0.2500
879 0.0011
881 0.0170
883 0.5000
885 0.0011
887 0.0011
889 0.0047
891 0.0457
893 0.2500
895 0.3430
897 0.1999
899 0.9995
901 0.9993
903 0.0004
905 0.0018
907 0.0020
909 0.0009
911 0.0007
913 0.0004
915 0.0011
917 0.0011
919 0.0008
921 0.0008
923 0.6326
925 0.9994
927 0.0077
929 0.0013
931 0.9938
933 1.0000
935 1.0002
937 0.9992
939 1.0004
941 0.0013
943 0.9999
945 0.0020
947 0.4999
949 1.0002
951 0.5002
953 0.9995
955 0.0015
957 0.0009
959 0.0004
961 0.0004
963 1.0000
965 1.0318
967 0.0012
969 0.0010
971 0.0009
973 0.0052
975 0.0026
977 0.0022
979 1.0000
981 0.2501
983 1.0002
985 1.0004
987 0.0026
989 0.0018
991 0.0018
993 0.0016
995 0.9995
997 1.0004
999 0.0025
1001 0.6325
1003 0.7279
1005 0.0011
1007 0.9999
1009 0.4995
1011 0.9971
1013 0.4807
1015 0.7905
1017 0.4999
1019 1.0000
1021 0.0020
1023 0.9996
1025 0.9999
1027 0.0001
1029 0.0010
1031 1.0003
1033 0.1995
1035 0.0017
1037 0.0008
1039 1.0003
1041 1.0000
1043 0.0017
1045 0.0017
1047 0.9998
1049 1.0001
1051 0.0019
1053 0.0024
1055 0.9999
1057 1.0006
1059 0.5000
1061 0.9991
1063 1.0003
1065 0.9998
1067 0.0076
1069 1.0002
1071 0.9995
1073 0.0013
1075 0.0006
1077 0.2000
1079 1.0002
1081 0.7275
1083 1.0000
1085 0.9993
1087 0.2008
1089 0.7906
1091 1.0006
1093 1.0001
1095 0.0016
1097 0.0011
1099 0.1999
1101 1.0014
1103 0.0011
1105 0.9997
1107 0.0009
1109 0.9997
1111 1.0001
1113 0.3180
1115 1.0005
1117 0.2773
1119 0.5001
1121 0.7905
1123 0.0022
1125 0.2000
1127 0.0009
1129 0.0024
1131 0.2773
1133 0.3180
1135 0.9995
1137 0.0011
1139 0.3269
1141 0.0442
1143 0.0408
1145 0.0033
1147 0.0526
1149 0.0435
1151 0.0038
1153 0.1667
1155 0.1111
1157 0.0909
1159 0.0943
1161 0.9992
1163 0.1642
1165 0.0035
1167 0.0031
1169 0.2501
1171 0.2500
1173 0.5726
1175 0.8483
1177 0.3333
1179 0.2914
1181 0.0833
1183 0.2000
1185 0.0500
1187 1.0013
1189 0.0007
1191 0.0008
1193 0.0008
1195 0.0075
1197 0.0088
1199 0.0161
1201 0.0887
1203 0.0013
1205 0.0019
1207 0.0283
1209 0.0241
1211 0.0822
1213 0.1170
1215 0.0006
1217 0.0088
1219 0.0067
1221 1.0000
1223 0.3599
1225 0.1171
1227 0.0400
1229 0.0009
1231 0.2000
1233 0.0926
1235 0.0008
1237 0.5852
1239 0.0769
1241 0.2774
1243 0.0044
1245 0.0044
1247 1.0001
1249 0.1170
1251 1.0000
1253 1.0001
1255 1.0000
1257 0.0006
1259 0.2000
1261 0.0010
1263 0.7898
1265 0.2000
1267 0.0053
1269 0.2000
1271 1.0001
1273 0.9986
1275 0.0032
1277 0.0030
1279 0.9999
1281 0.0008
1283 0.2000
1285 0.0021
1287 1.0000
1289 0.0012
1291 0.0003
1293 1.0006
1295 0.7275
1297 0.9937
1299 0.0010
1301 0.0008
1303 0.0005
1305 0.0009
1307 0.0019
1309 1.0005
1311 0.1999
1313 0.9993
1315 0.7276
1317 0.2000
1319 1.0000
1321 0.2001
1323 1.0001
1325 0.2946
1327 0.6324
1329 0.0009
1331 0.0009
1333 0.9997
1335 0.3923
1337 0.1644
1339 0.0037
1341 0.0013
1343 0.2500
1345 0.0016
1347 0.0009
1349 0.9999
1351 0.9434
1353 0.2068
1355 1.0007
1357 0.0116
1359 0.7276
1361 0.9996
1363 0.9998
1365 0.9995
1367 0.0156
1369 1.0000
1371 0.0037
1373 1.0003
1375 1.0002
1377 0.0013
1379 0.0010
1381 0.5017
1383 1.0034
1385 0.9995
1387 1.0092
1389 1.0001
1391 1.0000
1393 1.0003
1395 1.0606
1397 0.0068
1399 0.0010
1401 0.0010
1403 1.0000
1405 1.0000
1407 0.0021
1409 1.0000
1411 0.9993
1413 1.0001
1415 0.9999
1417 0.9995
1419 0.9994
1421 0.7276
1423 0.0015
1425 0.0016
1427 0.2501
1429 0.3340
1431 0.4998
1433 0.0038
1435 0.0011
1437 0.9972
1439 0.0021
1441 1.0007
1443 1.0608
1445 0.0040
1447 0.9952
1449 1.0001
1451 0.0019
1453 0.0007
1455 0.9987
1457 0.0016
1459 0.0010
1461 0.0010
1463 0.0007
1465 1.0000
1467 1.0607
1469 0.3334
1471 0.6325
1473 0.0023
1475 0.5010
1477 0.9996
1479 0.9993
1481 0.5000
1483 0.9990
1485 0.4999
1487 0.0007
1489 0.0029
1491 1.0001
1493 1.0000
1495 0.1281
1497 0.2425
1499 1.0002
1501 0.9996
1503 1.0000
1505 0.1096
1507 0.1999
1509 0.7271
1511 1.0000
1513 1.0017
1515 0.0000
1517 0.0011
1519 1.0005
1521 0.0028
1523 0.0011
1525 0.9999
1527 0.2002
1529 0.0295
1531 0.0121
1533 1.0001
1535 0.2773
1537 1.0000
1539 1.0002
1541 0.2000
1543 0.0019
1545 0.0001
1547 0.0001
1549 0.3330
1551 0.9997
1553 0.4993
1555 0.0017
1557 0.4999
1559 0.5000
1561 0.1281
1563 0.5003
1565 1.0006
1567 0.0018
1569 0.0002
1571 0.0019
1573 0.2000
1575 1.0000
1577 0.0013
1579 0.0089
1581 0.0137
1583 0.1429
1585 0.0136
1587 0.6321
1589 0.9994
1591 0.5000
1593 1.0000
1595 0.0015
1597 0.0009
1599 0.0005
1601 0.9998
1603 0.9999
1605 0.0015
1607 1.0000
1609 1.0000
1611 1.0000
1613 0.0015
1615 1.0000
1617 0.9999
1619 0.9948
1621 1.0008
1623 0.0021
1625 1.0008
1627 1.0000
1629 0.9998
1631 0.6324
1633 0.7905
1635 1.0000
1637 0.5000
1639 0.5547
1641 0.3337
1643 0.0007
1645 0.6324
1647 0.0005
1649 0.0006
1651 0.0001
1653 0.0001
1655 1.0604
1657 0.6328
1659 0.4999
1661 0.0012
1663 0.0001
1665 0.0011
1667 0.0013
1669 0.0013
1671 0.0001
1673 0.0017
1675 0.0011
1677 0.0011
1679 0.0001
1681 0.0016
1683 0.0002
1685 0.0013
1687 0.0017
1689 0.0002
1691 0.5000
1693 0.0011
1695 0.0011
1697 0.0002
1699 0.0014
1701 0.0002
1703 0.0007
1705 1.0000
1707 0.0002
1709 0.0011
1711 0.0013
1713 0.0016
1715 0.0008
1717 0.0011
1719 0.0016
1721 0.0011
1723 0.0002
1725 0.0003
1727 0.0002
1729 0.0014
1731 0.0011
1733 0.0002
1735 0.0005
1737 0.0003
1739 0.0002
1741 0.0005
1743 0.0002
1745 0.0014
1747 0.0011
1749 0.0014
1751 0.0021
1753 0.0002
1755 0.0002
1757 0.0014
1759 0.0002
1761 0.0001
1763 0.0014
1765 0.0011
1767 0.0002
1769 0.0002
1771 0.0003
1773 0.0003
1775 0.0000
1777 0.2000
1779 0.0003
1781 0.0001
1783 0.2067
1785 0.0003
1787 0.3333
1789 0.0003
1791 0.1172
1793 0.0003
1795 0.0001
1797 0.0002
1799 0.0003
1801 0.0001
1803 0.0003
1805 0.0003
1807 0.9996
1809 0.0003
1811 0.0003
1813 0.3328
1815 0.0003
1817 0.0000
1819 0.0000
1821 0.0004
1823 0.0004
1825 0.0003
1827 0.0011
1829 0.3812
1831 0.0001
1833 0.0004
1835 0.0004
1837 0.0940
1839 0.0004
1841 0.5000
1843 0.0002
1845 0.0001
1847 0.0002
1849 0.0004
1851 0.0011
1853 0.0004
1855 0.0002
1857 0.0941
1859 0.0002
1861 0.0001
1863 0.0004
1865 0.0013
1867 0.0001
1869 0.0002
1871 0.0003
1873 0.0017
1875 0.1581
1877 0.0016
1879 0.0000
1881 0.0004
1883 0.0002
1885 0.2500
1887 0.0005
1889 0.0005
1891 0.0005
1893 0.0002
1895 0.0002
1897 0.0018
1899 0.1581
1901 0.0005
1903 0.0830
1905 0.0001
1907 0.0001
1909 0.0011
1911 0.0005
1913 0.0001
1915 0.0162
1917 0.0049
1919 0.0001
1921 0.0006
1923 0.0001
1925 0.5000
1927 0.0006
1929 0.1471
1931 0.0001
1933 0.0011
1935 0.9998
1937 0.0006
1939 0.0000
1941 0.0001
1943 0.0001
1945 0.0001
1947 0.0002
1949 0.0001
1951 0.0006
1953 0.0006
1955 0.1667
1957 0.0020
1959 0.0007
1961 0.0000
1963 0.0001
1965 0.0000
1967 0.0015
1969 0.0010
1971 0.0020
1973 0.0000
1975 0.0000
1977 0.0000
1979 0.0000
1981 0.0004
1983 0.0002
1985 0.0021
1987 0.0009
1989 0.0000
1991 0.0004
1993 0.0003
1995 0.0021
1997 0.0000
1999 0.0001
2001 0.0000
2003 0.0004
2005 0.0008
2007 1.0000
2009 0.0008
2011 0.0001
2013 0.0010
2015 0.0022
2017 0.9999
2019 0.0001
2021 0.0023
2023 0.0006
2025 0.0023
2027 0.0006
2029 0.0003
2031 0.0693
2033 0.0023
2035 0.0010
2037 0.0009
2039 0.0024
2041 0.0006
2043 0.0018
2045 0.0006
2047 0.0001
2049 0.0005
2051 0.1754
2053 0.0010
2055 0.0002
2057 0.0001
2059 0.0004
2061 0.0010
2063 0.0002
2065 0.0079
2067 0.0002
2069 0.0981
2071 0.0010
2073 0.0025
2075 0.0006
2077 0.0002
2079 0.0001
2081 0.2000
2083 0.0002
2085 0.0006
2087 0.6707
2089 0.0004
2091 0.0012
2093 0.0006
2095 0.0005
2097 0.0003
2099 0.7277
2101 0.0010
2103 0.0006
2105 0.0002
2107 0.0003
2109 0.0017
2111 0.0001
2113 0.0001
2115 0.0013
2117 0.0010
2119 0.1493
2121 0.0004
2123 0.0001
2125 0.0003
2127 0.0004
2129 0.0007
2131 0.0002
2133 0.0005
2135 0.0010
2137 0.0010
2139 0.0014
2141 0.0002
2143 0.0006
2145 0.0015
2147 0.0014
2149 0.0015
2151 0.0000
2153 0.0000
2155 0.0001
2157 0.1903
2159 0.0005
2161 0.0002
2163 0.0004
2165 0.0031
2167 0.0014
2169 0.0004
2171 0.0016
2173 0.0004
2175 0.0013
2177 0.0018
2179 0.0007
2181 0.4113
2183 0.0036
2185 0.0028
2187 0.0000
2189 0.0769
2191 0.0004
2193 0.0010
2195 0.0003
2197 0.0001
2199 0.1111
2201 0.0001
2203 0.0006
2205 0.0020
2207 0.0013
2209 0.5000
2211 0.0001
2213 0.0000
2215 0.0009
2217 0.0008
2219 0.0010
2221 0.0022
2223 0.0001
2225 0.0000
2227 0.0013
2229 0.0010
2231 0.2985
2233 0.0024
2235 0.0010
2237 0.1250
2239 0.0001
2241 0.0024
2243 0.0005
2245 0.0013
2247 0.0012
2249 0.0026
2251 0.0013
2253 0.0004
2255 0.0031
2257 0.0013
2259 0.0002
2261 0.0002
2263 0.0002
2265 0.0008
2267 0.0014
2269 0.0003
2271 0.0030
2273 0.0002
2275 0.0022
2277 0.0031
2279 0.0003
2281 0.0016
2283 0.0010
2285 0.0014
2287 0.0007
2289 0.0002
2291 0.0003
2293 0.0014
2295 0.0003
2297 0.0017
2299 0.0036
2301 0.0063
2303 0.0001
2305 0.0052
2307 0.0010
2309 0.0005
2311 0.0001
2313 0.0031
2315 0.0010
2317 0.0003
2319 0.0018
2321 0.0010
2323 0.0023
2325 0.0013
2327 0.0000
2329 0.0014
2331 0.0003
2333 0.0009
2335 0.0002
2337 0.0001
2339 0.0005
2341 0.0028
2343 0.0001
2345 0.0005
2347 0.0012
2349 0.0007
2351 0.0057
2353 0.0014
2355 0.0010
2357 0.0595
2359 0.0034
2361 0.0001
2363 0.0008
2365 0.0042
2367 0.0003
2369 0.0069
2371 0.0002
2373 0.0045
2375 0.0004
2377 0.0015
2379 0.0009
2381 0.0006
2383 0.0032
2385 0.0130
2387 0.0016
2389 0.0001
2391 0.0019
2393 0.0005
2395 0.0001
2397 0.0003
2399 0.0002
2401 0.0062
2403 0.0010
2405 0.0010
2407 0.0008
2409 0.0009
2411 0.0015
2413 0.0153
2415 0.0012
2417 0.0009
2419 0.0065
2421 0.0167
2423 0.0006
2425 0.0015
2427 0.0008
2429 0.0011
2431 0.0012
2433 0.0010
2435 0.0006
2437 0.0015
2439 0.0013
2441 0.0011
2443 0.0011
2445 0.0010
2447 0.0011
2449 0.0010
2451 0.0009
2453 0.0011
2455 0.0010
2457 0.0010
2459 0.0010
2461 0.5000
