R P
1 0.0009
3 0.0009
5 0.0009
7 0.0009
9 0.0009
11 0.0009
13 0.0009
15 0.0009
17 0.0376
19 0.0013
21 0.0435
23 0.0010
25 0.0006
27 0.0012
29 0.0007
31 0.0009
33 0.0006
35 0.0012
37 0.0177
39 0.0051
41 0.0173
43 0.0006
45 0.0217
47 0.0009
49 0.0009
51 0.0006
53 0.0136
55 0.0119
57 0.0006
59 0.0164
61 0.0001
63 0.0103
65 0.0007
67 0.0097
69 0.0001
71 0.0006
73 0.0004
75 0.0005
77 0.0003
79 0.0008
81 0.0000
83 0.0077
85 0.0005
87 0.0073
89 0.0002
91 0.0003
93 0.0004
95 0.0012
97 0.0065
99 0.0004
101 0.0005
103 0.0008
105 0.0007
107 0.0007
109 0.0010
111 0.0057
113 0.0009
115 0.0008
117 0.0083
119 0.0050
121 0.0001
123 0.0013
125 0.0004
127 0.0012
129 0.0008
131 0.0076
133 0.0074
135 0.0002
137 0.0009
139 0.0009
141 0.0043
143 0.0003
145 0.0001
147 0.0009
149 0.0008
151 0.0009
153 0.0065
155 0.0003
157 1.0000
159 0.0061
161 0.0001
163 0.0009
165 0.0060
167 0.0303
169 0.0059
171 0.0000
173 0.0002
175 0.0006
177 0.0056
179 0.0009
181 0.0009
183 0.0009
185 0.0009
187 0.0011
189 0.0009
191 0.0000
193 0.0003
195 0.0004
197 0.0029
199 0.0050
201 0.0001
203 0.0002
205 0.0014
207 0.0012
209 0.0007
211 0.0007
213 0.0039
215 0.0009
217 0.0001
219 0.0006
221 0.0038
223 0.0006
225 0.0044
227 0.0011
229 0.0007
231 0.0012
233 0.0007
235 0.0009
237 0.0011
239 0.0003
241 0.0005
243 0.0041
245 0.0004
247 0.0001
249 0.0008
251 0.0008
253 0.0001
255 0.0011
257 0.0021
259 0.0011
261 0.0009
263 0.0009
265 0.0020
267 0.0007
269 0.0032
271 0.0009
273 0.0036
275 0.0000
277 0.0009
279 0.0011
281 0.0019
283 0.0008
285 0.0011
287 0.0002
289 0.0035
291 0.0000
293 0.0004
295 0.0000
297 0.0011
299 0.0007
301 0.0030
303 0.0002
305 0.0017
307 0.0032
309 0.0006
311 0.0032
313 0.0001
315 0.0011
317 0.0009
319 0.0031
321 0.0001
323 0.0009
325 0.0001
327 0.0005
329 0.0001
331 0.0015
333 0.0027
335 0.0030
337 0.0005
339 0.0012
341 0.0012
343 0.0001
345 0.0012
347 0.0014
349 0.0006
351 0.0012
353 0.0012
355 0.0012
357 0.0009
359 0.0012
361 0.0013
363 0.0012
365 0.0006
367 0.0012
369 0.0012
371 0.0009
373 0.0012
375 0.0009
377 0.0012
379 0.0012
381 0.0012
383 0.0009
385 0.0012
387 0.0012
389 0.0009
391 0.0012
393 0.0012
395 0.0012
397 0.0012
399 0.0009
401 0.0012
403 0.0012
405 0.0012
407 0.0013
409 0.0009
411 0.0013
413 0.0009
415 0.0016
417 0.0023
419 0.0009
421 0.0018
423 0.0024
425 0.0016
427 0.0009
429 0.0016
431 0.0023
433 0.0023
435 0.0013
437 1.0000
439 0.0023
441 0.0009
443 0.2782
445 0.9995
447 0.2000
449 0.0014
451 0.0006
453 0.2001
455 0.7276
457 0.9999
459 0.0005
461 1.0004
463 0.0015
465 0.0023
467 0.0021
469 0.0011
471 0.0008
473 0.0022
475 0.0015
477 0.0000
479 0.0008
481 0.0022
483 0.0022
485 0.0007
487 0.1999
489 0.0009
491 1.0004
493 0.0128
495 0.0020
497 0.0022
499 0.0011
501 0.0020
503 0.0022
505 0.0020
507 0.0011
509 0.0020
511 0.0011
513 0.0019
515 0.0017
517 0.0017
519 0.0017
521 0.0019
523 0.0011
525 0.0021
527 0.0017
529 0.0020
531 0.0005
533 0.0017
535 0.0021
537 0.0017
539 0.0019
541 0.0012
543 0.0021
545 0.0005
547 0.0018
549 0.0005
551 0.0012
553 0.0004
555 0.0018
557 0.0018
559 0.0018
561 0.0018
563 0.0012
565 0.0018
567 0.0021
569 0.0021
571 0.0017
573 0.0017
575 0.0017
577 0.0017
579 0.0018
581 0.0017
583 0.0012
585 0.0012
587 0.0021
589 0.0017
591 0.0021
593 0.0017
595 0.0019
597 0.0021
599 0.0003
601 0.0021
603 0.0017
605 0.0003
607 0.0006
609 0.0003
611 0.0018
613 0.0012
615 0.0020
617 0.0004
619 0.0020
621 0.0013
623 0.0016
625 0.0018
627 0.0016
629 0.0016
631 0.0019
633 0.0013
635 0.0019
637 0.0002
639 0.0002
641 0.0016
643 0.0002
645 0.0015
647 0.0002
649 0.0019
651 0.0013
653 0.0013
655 0.4999
657 0.0008
659 0.0001
661 0.0015
663 0.5000
665 0.0015
667 0.0008
669 0.0001
671 0.0015
673 0.0020
675 0.0019
677 0.9999
679 0.0007
681 0.0020
683 0.0020
685 0.0020
687 1.0001
689 0.0006
691 0.0014
693 0.0014
695 0.0019
697 0.0014
699 0.0004
701 0.0004
703 0.0014
705 0.0020
707 0.0000
709 0.0000
711 0.0000
713 0.0000
715 0.0014
717 0.0018
719 0.0014
721 0.0000
723 0.0020
725 0.0020
727 0.0020
729 0.0001
731 0.0015
733 0.0001
735 0.0020
737 0.0020
739 1.0016
741 0.0015
743 0.0020
745 1.0606
747 0.0020
749 0.0020
751 0.0005
753 0.0008
755 0.0020
757 0.0002
759 0.0016
761 0.0020
763 0.0020
765 0.0020
767 0.0005
769 0.0002
771 0.0020
773 0.0008
775 0.0013
777 0.0005
779 0.0007
781 0.0004
783 0.0020
785 0.5077
787 0.0003
789 0.0016
791 0.0013
793 0.4990
795 0.0021
797 0.0003
799 0.0019
801 0.0012
803 0.0012
805 0.0029
807 0.0019
809 0.0004
811 0.0004
813 0.0004
815 0.0003
817 0.0021
819 0.0015
821 0.0021
823 0.0004
825 0.0017
827 0.0016
829 0.0022
831 0.9935
833 0.0002
835 0.0005
837 0.0015
839 0.0018
841 0.0017
843 0.0820
845 0.0002
847 0.0020
849 0.0012
851 0.0015
853 0.2000
855 1.0000
857 0.0012
859 0.0021
861 0.0023
863 0.0017
865 0.0024
867 0.0010
869 0.5001
871 0.0024
873 0.0007
875 0.0011
877 0.0008
879 0.0025
881 0.9999
883 0.0011
885 0.0013
887 0.0024
889 0.0025
891 0.0011
893 0.0024
895 0.0012
897 0.0011
899 0.0005
901 1.0001
903 0.0027
905 0.0013
907 0.0019
909 0.0002
911 0.0027
913 0.0030
915 0.0011
917 0.0028
919 0.0015
921 1.0003
923 0.0018
925 0.0011
927 0.0058
929 0.0007
931 0.2166
933 0.0011
935 0.3813
937 0.0011
939 0.0011
941 0.0033
943 0.0037
945 0.0011
947 0.2775
949 0.0035
951 0.0011
953 0.0036
955 0.0036
957 0.0010
959 0.0010
961 0.0044
963 0.0808
965 0.0052
967 0.0011
969 0.0054
971 0.0011
973 0.0011
975 0.0036
977 0.0011
979 0.0067
981 0.0076
983 0.0081
985 0.0011
987 0.1581
989 0.3813
991 0.0244
993 0.3813
995 0.0287
997 0.0308
999 0.0017
1001 0.0018
1003 0.4573
1005 0.0261
1007 0.0244
1009 0.0187
1011 0.5000
1013 0.5001
1015 0.0047
1017 0.0033
1019 0.3864
1021 0.2473
1023 0.5588
1025 0.9997
1027 0.3330
1029 0.2502
1031 0.0526
1033 0.3334
1035 0.0012
1037 0.0001
1039 0.0003
1041 0.0746
1043 0.2000
1045 0.0141
1047 0.0013
1049 0.0013
1051 0.0010
1053 0.1388
1055 0.3334
1057 0.0002
1059 0.0006
1061 0.0000
1063 0.0331
1065 0.9992
1067 0.2500
1069 0.3535
1071 0.7275
1073 0.0002
1075 0.0011
1077 0.5000
1079 0.0018
1081 0.0022
1083 0.3430
1085 0.2000
1087 0.0013
1089 0.9999
1091 0.0008
1093 0.0009
1095 0.0009
1097 0.2001
1099 0.0021
1101 0.0021
1103 0.0021
1105 0.0021
1107 0.0018
1109 1.0004
1111 0.0123
1113 0.0027
1115 1.0001
1117 1.0000
1119 0.0009
1121 0.0014
1123 0.9995
1125 0.4999
1127 0.0005
1129 0.0001
1131 1.0007
1133 1.0007
1135 1.0000
1137 1.0000
1139 0.0018
1141 0.0769
1143 0.0001
1145 0.5077
1147 0.0004
1149 0.0017
1151 0.1428
1153 0.2973
1155 0.5002
1157 0.0000
1159 0.0002
1161 0.0010
1163 0.0010
1165 0.1304
1167 1.0000
1169 0.9996
1171 0.1795
1173 0.5004
1175 0.2045
1177 0.5000
1179 0.0016
1181 0.3333
1183 0.1132
1185 0.0050
1187 0.0012
1189 0.0454
1191 0.1017
1193 0.0007
1195 0.0011
1197 0.0228
1199 0.0000
1201 0.0002
1203 0.0001
1205 0.0001
1207 0.0003
1209 0.0005
1211 0.0003
1213 0.0011
1215 0.0009
1217 0.0378
1219 0.0000
1221 1.0029
1223 0.0011
1225 0.0003
1227 0.0000
1229 0.0001
1231 0.0000
1233 0.0000
1235 0.0002
1237 1.0608
1239 0.0018
1241 0.0011
1243 0.0011
1245 0.0003
1247 0.0004
1249 0.0015
1251 0.0005
1253 0.1387
1255 0.0000
1257 0.0001
1259 0.0011
1261 0.0018
1263 0.0002
1265 0.1060
1267 0.0002
1269 0.1667
1271 0.0000
1273 0.0001
1275 0.0001
1277 0.0564
1279 0.0003
1281 0.1789
1283 0.0004
1285 0.0456
1287 0.0007
1289 0.0001
1291 0.0436
1293 0.0000
1295 0.0001
1297 0.0002
1299 0.0014
1301 0.0005
1303 0.0003
1305 0.0006
1307 0.1111
1309 0.0130
1311 0.0002
1313 0.0002
1315 0.0012
1317 0.0012
1319 0.0012
1321 0.0001
1323 0.0005
1325 1.0000
1327 0.0001
1329 0.0625
1331 0.0012
1333 0.0031
1335 0.0012
1337 0.0007
1339 0.0012
1341 0.0012
1343 0.0001
1345 0.5014
1347 0.0019
1349 0.0005
1351 0.0013
1353 1.0021
1355 0.0013
1357 0.0001
1359 0.0019
1361 0.0001
1363 0.0013
1365 0.0019
1367 0.0005
1369 0.0001
1371 0.0003
1373 0.0005
1375 0.0000
1377 0.0006
1379 0.0014
1381 0.0014
1383 0.0008
1385 0.0000
1387 0.0000
1389 0.0000
1391 0.0000
1393 0.0000
1395 0.9995
1397 0.0006
1399 0.0008
1401 0.0013
1403 0.0013
1405 0.3333
1407 0.0013
1409 0.0000
1411 0.0000
1413 0.0000
1415 0.0001
1417 0.0000
1419 0.0000
1421 0.0000
1423 0.0309
1425 0.0002
1427 0.0006
1429 0.0008
1431 0.0019
1433 0.0001
1435 0.0002
1437 0.0007
1439 0.0016
1441 0.0002
1443 0.0002
1445 0.0001
1447 0.0007
1449 0.0019
1451 0.0015
1453 0.0000
1455 0.0002
1457 0.0003
1459 0.0001
1461 0.0001
1463 0.0001
1465 0.0019
1467 0.0005
1469 0.0005
1471 0.0001
1473 0.0000
1475 0.0001
1477 0.0001
1479 0.0003
1481 0.0005
1483 0.0020
1485 0.0002
1487 0.0002
1489 0.0004
1491 0.0002
1493 0.0002
1495 0.0002
1497 0.0002
1499 0.0000
1501 0.0002
1503 0.0013
1505 0.0019
1507 0.0001
1509 0.0004
1511 0.0002
1513 0.0016
1515 0.0004
1517 0.0005
1519 0.0015
1521 0.0004
1523 0.0002
1525 0.0002
1527 0.0002
1529 0.0002
1531 0.0050
1533 0.0002
1535 0.0003
1537 0.0002
1539 0.0004
1541 0.0002
1543 0.0000
1545 0.0004
1547 0.0003
1549 0.0001
1551 0.0021
1553 0.0006
1555 0.0000
1557 0.0021
1559 0.0003
1561 0.0000
1563 0.0017
1565 0.0008
1567 0.0001
1569 0.7276
1571 0.0104
1573 0.0001
1575 0.0001
1577 0.0004
1579 0.0588
1581 0.0004
1583 0.0000
1585 0.0000
1587 0.0008
1589 0.0005
1591 0.0002
1593 0.0000
1595 0.0012
1597 0.0000
1599 0.0001
1601 0.0018
1603 0.0001
1605 0.0001
1607 0.0001
1609 0.1507
1611 0.0001
1613 0.0002
1615 0.0002
1617 0.0001
1619 0.0007
1621 0.0145
1623 0.0001
1625 0.0001
1627 0.0028
1629 0.0022
1631 0.0002
1633 0.0004
1635 0.0002
1637 0.0002
1639 0.0003
1641 0.0004
1643 0.0004
1645 0.0827
1647 0.0007
1649 0.0002
1651 0.0002
1653 0.0022
1655 0.0001
1657 0.0001
1659 0.0001
1661 0.0003
1663 0.0005
1665 0.0001
1667 0.0001
1669 0.0001
1671 0.0008
1673 0.0021
1675 0.0002
1677 0.0002
1679 0.0004
1681 0.0003
1683 0.0001
1685 0.0002
1687 0.0003
1689 0.0021
1691 0.0003
1693 0.0004
1695 0.0001
1697 0.0020
1699 0.0173
1701 0.0008
1703 0.0004
1705 0.0003
1707 0.0001
1709 0.0017
1711 0.0008
1713 0.0000
1715 0.0000
1717 0.0000
1719 0.0001
1721 0.0005
1723 0.0003
1725 0.0601
1727 0.0023
1729 0.0001
1731 0.0001
1733 0.0001
1735 0.0014
1737 0.0001
1739 0.0001
1741 0.0001
1743 0.0001
1745 0.0243
1747 0.0010
1749 0.0011
1751 0.0019
1753 0.0004
1755 0.0001
1757 0.0022
1759 0.0011
1761 0.0010
1763 0.0001
1765 0.0003
1767 0.0002
1769 0.0551
1771 0.0002
1773 0.0013
1775 0.0002
1777 0.0002
1779 0.0011
1781 0.0002
1783 0.0027
1785 0.0012
1787 0.0004
1789 0.0000
1791 0.0028
1793 0.0007
1795 0.0008
1797 0.0012
1799 0.5000
1801 0.0007
1803 0.0005
1805 0.0003
1807 0.0010
1809 0.0001
1811 0.0013
1813 0.0005
1815 0.0001
1817 0.9998
1819 0.0007
1821 0.0001
1823 0.0029
1825 0.0014
1827 0.0000
1829 0.0000
1831 0.0012
1833 0.0005
1835 0.0003
1837 0.0000
1839 0.0020
1841 0.0000
1843 0.0033
1845 0.0014
1847 0.0011
1849 0.0002
1851 0.0002
1853 0.0034
1855 0.0011
1857 0.0000
1859 0.0034
1861 0.0032
1863 0.0017
1865 0.0004
1867 0.0019
1869 0.0007
1871 0.0016
1873 0.0007
1875 0.0036
1877 0.0003
1879 0.0001
1881 0.0001
1883 0.0004
1885 0.0000
1887 0.0011
1889 0.0034
1891 0.0013
1893 0.0008
1895 0.0016
1897 0.0040
1899 0.0010
1901 0.0010
1903 0.0006
1905 0.0002
1907 0.0009
1909 0.0042
1911 0.0000
1913 0.0000
1915 0.0017
1917 0.0023
1919 0.0013
1921 0.0005
1923 0.0044
1925 0.0004
1927 0.0015
1929 0.0045
1931 0.0010
1933 0.0040
1935 0.0012
1937 0.0047
1939 0.0010
1941 0.0027
1943 0.0002
1945 0.0006
1947 0.5002
1949 0.0002
1951 0.0004
1953 0.0051
1955 0.0003
1957 0.1388
1959 0.0014
1961 0.0014
1963 0.0045
1965 0.0003
1967 0.0515
1969 0.0056
1971 0.0010
1973 0.0014
1975 0.0008
1977 0.0012
1979 0.0004
1981 0.0009
1983 0.0018
1985 0.0050
1987 0.0061
1989 0.0008
1991 0.0015
1993 0.0010
1995 0.0004
1997 0.0039
1999 0.0007
2001 0.0013
2003 0.0012
2005 0.0013
2007 0.0043
2009 0.0013
2011 0.0003
2013 0.0074
2015 0.0060
2017 0.0010
2019 0.0002
2021 0.0079
2023 0.0007
2025 0.0003
2027 0.0083
2029 0.0003
2031 0.0005
2033 0.0013
2035 0.0005
2037 0.0011
2039 0.0010
2041 0.0009
2043 0.7276
2045 0.0009
2047 0.0010
2049 0.0013
2051 0.0000
2053 0.0055
2055 0.0009
2057 0.0057
2059 0.0001
2061 0.0002
2063 0.0011
2065 0.0028
2067 0.0002
2069 0.0096
2071 0.0000
2073 0.4152
2075 0.0000
2077 0.0004
2079 0.0109
2081 0.0113
2083 0.0001
2085 0.0010
2087 0.0002
2089 0.0112
2091 0.0011
2093 0.0009
2095 0.0010
2097 0.0095
2099 0.0010
2101 0.0008
2103 0.0011
2105 0.0008
2107 0.0010
2109 0.0011
2111 0.0008
2113 0.0206
2115 0.0010
2117 0.0009
2119 0.0009
2121 0.0009
2123 0.0009
2125 0.0010
2127 0.0476
2129 0.0027
2131 0.0410
2133 0.0009
2135 0.0007
2137 0.0011
2139 0.0008
2141 0.0011
2143 0.0009
2145 0.0009
2147 0.5000
